<?xml version="1.0" encoding="UTF-8"?>
<coverage generated="1770716894601" clover="3.2.0">
  <project timestamp="1770716894601" name="All files">
    <metrics statements="60" coveredstatements="27" conditionals="56" coveredconditionals="20" methods="12" coveredmethods="6" elements="128" coveredelements="53" complexity="0" loc="60" ncloc="60" packages="1" files="1" classes="1"/>
    <file name="design-tokens.ts" path="/home/runner/work/academic-unir-tesis/academic-unir-tesis/projects/design-tokens/src/lib/design-tokens.ts">
      <metrics statements="60" coveredstatements="27" conditionals="56" coveredconditionals="20" methods="12" coveredmethods="6"/>
      <line num="15" count="1" type="stmt"/>
      <line num="422" count="3" type="cond" truecount="2" falsecount="0"/>
      <line num="423" count="3" type="stmt"/>
      <line num="438" count="1" type="cond" truecount="2" falsecount="0"/>
      <line num="439" count="1" type="stmt"/>
      <line num="477" count="1" type="cond" truecount="2" falsecount="0"/>
      <line num="480" count="1" type="cond" truecount="1" falsecount="1"/>
      <line num="481" count="0" type="stmt"/>
      <line num="482" count="0" type="cond" truecount="0" falsecount="2"/>
      <line num="484" count="0" type="stmt"/>
      <line num="485" count="0" type="stmt"/>
      <line num="491" count="1" type="cond" truecount="1" falsecount="1"/>
      <line num="492" count="1" type="stmt"/>
      <line num="493" count="1" type="cond" truecount="1" falsecount="1"/>
      <line num="494" count="1" type="stmt"/>
      <line num="495" count="1" type="cond" truecount="1" falsecount="1"/>
      <line num="496" count="1" type="stmt"/>
      <line num="503" count="1" type="cond" truecount="1" falsecount="1"/>
      <line num="504" count="0" type="cond" truecount="0" falsecount="2"/>
      <line num="505" count="0" type="stmt"/>
      <line num="510" count="0" type="cond" truecount="0" falsecount="2"/>
      <line num="511" count="0" type="stmt"/>
      <line num="519" count="1" type="cond" truecount="1" falsecount="1"/>
      <line num="520" count="0" type="stmt"/>
      <line num="521" count="0" type="cond" truecount="0" falsecount="2"/>
      <line num="522" count="0" type="stmt"/>
      <line num="523" count="0" type="cond" truecount="0" falsecount="2"/>
      <line num="524" count="0" type="stmt"/>
      <line num="531" count="1" type="cond" truecount="1" falsecount="1"/>
      <line num="532" count="0" type="stmt"/>
      <line num="533" count="0" type="cond" truecount="0" falsecount="2"/>
      <line num="534" count="0" type="stmt"/>
      <line num="535" count="0" type="cond" truecount="0" falsecount="2"/>
      <line num="536" count="0" type="stmt"/>
      <line num="543" count="1" type="cond" truecount="1" falsecount="1"/>
      <line num="544" count="0" type="stmt"/>
      <line num="545" count="0" type="cond" truecount="0" falsecount="2"/>
      <line num="546" count="0" type="stmt"/>
      <line num="547" count="0" type="cond" truecount="0" falsecount="2"/>
      <line num="548" count="0" type="stmt"/>
      <line num="555" count="1" type="cond" truecount="1" falsecount="1"/>
      <line num="556" count="0" type="stmt"/>
      <line num="557" count="0" type="cond" truecount="0" falsecount="2"/>
      <line num="558" count="0" type="stmt"/>
      <line num="559" count="0" type="cond" truecount="0" falsecount="2"/>
      <line num="560" count="0" type="stmt"/>
      <line num="567" count="1" type="cond" truecount="1" falsecount="1"/>
      <line num="568" count="0" type="stmt"/>
      <line num="569" count="0" type="cond" truecount="0" falsecount="2"/>
      <line num="570" count="0" type="stmt"/>
      <line num="571" count="0" type="cond" truecount="0" falsecount="2"/>
      <line num="572" count="0" type="stmt"/>
      <line num="589" count="5" type="cond" truecount="2" falsecount="0"/>
      <line num="593" count="5" type="stmt"/>
      <line num="594" count="5" type="stmt"/>
      <line num="597" count="5" type="stmt"/>
      <line num="598" count="3" type="cond" truecount="2" falsecount="0"/>
      <line num="599" count="1" type="stmt"/>
      <line num="604" count="5" type="stmt"/>
      <line num="605" count="1" type="stmt"/>
    </file>
  </project>
</coverage>
