<?xml version="1.0" encoding="UTF-8"?>
<coverage generated="1771920769941" clover="3.2.0">
  <project timestamp="1771920769941" name="All files">
    <metrics statements="102" coveredstatements="96" conditionals="49" coveredconditionals="31" methods="12" coveredmethods="11" elements="163" coveredelements="138" complexity="0" loc="102" ncloc="102" packages="2" files="21" classes="21"/>
    <package name="lib">
      <metrics statements="75" coveredstatements="69" conditionals="49" coveredconditionals="31" methods="12" coveredmethods="11"/>
      <file name="design-tokens.ts" path="/home/runner/work/academic-unir-tesis/academic-unir-tesis/projects/design-tokens/src/lib/design-tokens.ts">
        <metrics statements="75" coveredstatements="69" conditionals="49" coveredconditionals="31" methods="12" coveredmethods="11"/>
        <line num="63" count="1" type="stmt"/>
        <line num="100" count="104" type="cond" truecount="2" falsecount="0"/>
        <line num="101" count="77" type="stmt"/>
        <line num="104" count="27" type="stmt"/>
        <line num="105" count="29" type="cond" truecount="1" falsecount="1"/>
        <line num="106" count="0" type="stmt"/>
        <line num="108" count="29" type="stmt"/>
        <line num="109" count="29" type="cond" truecount="1" falsecount="1"/>
        <line num="110" count="29" type="stmt"/>
        <line num="116" count="32" type="cond" truecount="2" falsecount="0"/>
        <line num="117" count="32" type="stmt"/>
        <line num="121" count="1" type="cond" truecount="2" falsecount="0"/>
        <line num="122" count="1" type="stmt"/>
        <line num="126" count="4" type="cond" truecount="2" falsecount="0"/>
        <line num="128" count="4" type="cond" truecount="2" falsecount="0"/>
        <line num="129" count="1" type="stmt"/>
        <line num="130" count="1" type="cond" truecount="1" falsecount="1"/>
        <line num="131" count="1" type="stmt"/>
        <line num="132" count="1" type="stmt"/>
        <line num="137" count="4" type="stmt"/>
        <line num="138" count="4" type="stmt"/>
        <line num="139" count="4" type="stmt"/>
        <line num="140" count="4" type="stmt"/>
        <line num="141" count="4" type="stmt"/>
        <line num="142" count="4" type="stmt"/>
        <line num="143" count="4" type="stmt"/>
        <line num="144" count="4" type="stmt"/>
        <line num="145" count="4" type="stmt"/>
        <line num="146" count="4" type="stmt"/>
        <line num="147" count="4" type="stmt"/>
        <line num="148" count="4" type="stmt"/>
        <line num="153" count="4" type="stmt"/>
        <line num="158" count="4" type="stmt"/>
        <line num="163" count="4" type="stmt"/>
        <line num="164" count="4" type="stmt"/>
        <line num="165" count="4" type="stmt"/>
        <line num="170" count="4" type="stmt"/>
        <line num="175" count="4" type="stmt"/>
        <line num="176" count="4" type="stmt"/>
        <line num="181" count="4" type="stmt"/>
        <line num="186" count="4" type="stmt"/>
        <line num="191" count="4" type="stmt"/>
        <line num="196" count="4" type="stmt"/>
        <line num="201" count="4" type="stmt"/>
        <line num="206" count="4" type="stmt"/>
        <line num="210" count="0" type="cond" truecount="0" falsecount="2"/>
        <line num="211" count="0" type="stmt"/>
        <line num="213" count="0" type="stmt"/>
        <line num="214" count="0" type="stmt"/>
        <line num="224" count="2" type="stmt"/>
        <line num="225" count="2" type="stmt"/>
        <line num="228" count="2" type="cond" truecount="1" falsecount="5"/>
        <line num="235" count="2" type="cond" truecount="1" falsecount="1"/>
        <line num="236" count="0" type="stmt"/>
        <line num="239" count="2" type="stmt"/>
        <line num="248" count="1" type="cond" truecount="1" falsecount="3"/>
        <line num="249" count="1" type="cond" truecount="1" falsecount="1"/>
        <line num="263" count="1" type="cond" truecount="1" falsecount="1"/>
        <line num="264" count="1" type="cond" truecount="1" falsecount="1"/>
        <line num="265" count="1" type="cond" truecount="2" falsecount="0"/>
        <line num="266" count="1" type="stmt"/>
        <line num="267" count="1" type="cond" truecount="2" falsecount="0"/>
        <line num="269" count="1" type="stmt"/>
        <line num="277" count="1" type="cond" truecount="1" falsecount="1"/>
        <line num="278" count="1" type="stmt"/>
        <line num="281" count="1" type="stmt"/>
        <line num="282" count="1" type="stmt"/>
        <line num="286" count="10" type="cond" truecount="2" falsecount="0"/>
        <line num="287" count="10" type="stmt"/>
        <line num="288" count="10" type="stmt"/>
        <line num="290" count="10" type="stmt"/>
        <line num="291" count="37" type="cond" truecount="2" falsecount="0"/>
        <line num="292" count="30" type="stmt"/>
        <line num="296" count="10" type="stmt"/>
        <line num="297" count="30" type="stmt"/>
      </file>
    </package>
    <package name="lib.tokens">
      <metrics statements="27" coveredstatements="27" conditionals="0" coveredconditionals="0" methods="0" coveredmethods="0"/>
      <file name="badge.tokens.ts" path="/home/runner/work/academic-unir-tesis/academic-unir-tesis/projects/design-tokens/src/lib/tokens/badge.tokens.ts">
        <metrics statements="1" coveredstatements="1" conditionals="0" coveredconditionals="0" methods="0" coveredmethods="0"/>
        <line num="1" count="1" type="stmt"/>
      </file>
      <file name="breadcrumb.tokens.ts" path="/home/runner/work/academic-unir-tesis/academic-unir-tesis/projects/design-tokens/src/lib/tokens/breadcrumb.tokens.ts">
        <metrics statements="1" coveredstatements="1" conditionals="0" coveredconditionals="0" methods="0" coveredmethods="0"/>
        <line num="1" count="1" type="stmt"/>
      </file>
      <file name="button.tokens.ts" path="/home/runner/work/academic-unir-tesis/academic-unir-tesis/projects/design-tokens/src/lib/tokens/button.tokens.ts">
        <metrics statements="1" coveredstatements="1" conditionals="0" coveredconditionals="0" methods="0" coveredmethods="0"/>
        <line num="1" count="1" type="stmt"/>
      </file>
      <file name="casino-catalog-header.tokens.ts" path="/home/runner/work/academic-unir-tesis/academic-unir-tesis/projects/design-tokens/src/lib/tokens/casino-catalog-header.tokens.ts">
        <metrics statements="1" coveredstatements="1" conditionals="0" coveredconditionals="0" methods="0" coveredmethods="0"/>
        <line num="1" count="1" type="stmt"/>
      </file>
      <file name="casino-game-card.tokens.ts" path="/home/runner/work/academic-unir-tesis/academic-unir-tesis/projects/design-tokens/src/lib/tokens/casino-game-card.tokens.ts">
        <metrics statements="1" coveredstatements="1" conditionals="0" coveredconditionals="0" methods="0" coveredmethods="0"/>
        <line num="1" count="1" type="stmt"/>
      </file>
      <file name="casino-games-grid-section.tokens.ts" path="/home/runner/work/academic-unir-tesis/academic-unir-tesis/projects/design-tokens/src/lib/tokens/casino-games-grid-section.tokens.ts">
        <metrics statements="1" coveredstatements="1" conditionals="0" coveredconditionals="0" methods="0" coveredmethods="0"/>
        <line num="1" count="1" type="stmt"/>
      </file>
      <file name="casino-home-hero.tokens.ts" path="/home/runner/work/academic-unir-tesis/academic-unir-tesis/projects/design-tokens/src/lib/tokens/casino-home-hero.tokens.ts">
        <metrics statements="1" coveredstatements="1" conditionals="0" coveredconditionals="0" methods="0" coveredmethods="0"/>
        <line num="1" count="1" type="stmt"/>
      </file>
      <file name="casino-provider-carousel.tokens.ts" path="/home/runner/work/academic-unir-tesis/academic-unir-tesis/projects/design-tokens/src/lib/tokens/casino-provider-carousel.tokens.ts">
        <metrics statements="1" coveredstatements="1" conditionals="0" coveredconditionals="0" methods="0" coveredmethods="0"/>
        <line num="1" count="1" type="stmt"/>
      </file>
      <file name="casino-provider-parallax-showcase.tokens.ts" path="/home/runner/work/academic-unir-tesis/academic-unir-tesis/projects/design-tokens/src/lib/tokens/casino-provider-parallax-showcase.tokens.ts">
        <metrics statements="1" coveredstatements="1" conditionals="0" coveredconditionals="0" methods="0" coveredmethods="0"/>
        <line num="1" count="1" type="stmt"/>
      </file>
      <file name="casino-ranked-games-carousel-section.tokens.ts" path="/home/runner/work/academic-unir-tesis/academic-unir-tesis/projects/design-tokens/src/lib/tokens/casino-ranked-games-carousel-section.tokens.ts">
        <metrics statements="1" coveredstatements="1" conditionals="0" coveredconditionals="0" methods="0" coveredmethods="0"/>
        <line num="1" count="1" type="stmt"/>
      </file>
      <file name="casino-search-bar.tokens.ts" path="/home/runner/work/academic-unir-tesis/academic-unir-tesis/projects/design-tokens/src/lib/tokens/casino-search-bar.tokens.ts">
        <metrics statements="1" coveredstatements="1" conditionals="0" coveredconditionals="0" methods="0" coveredmethods="0"/>
        <line num="1" count="1" type="stmt"/>
      </file>
      <file name="casino-two-row-games-carousel-section.tokens.ts" path="/home/runner/work/academic-unir-tesis/academic-unir-tesis/projects/design-tokens/src/lib/tokens/casino-two-row-games-carousel-section.tokens.ts">
        <metrics statements="1" coveredstatements="1" conditionals="0" coveredconditionals="0" methods="0" coveredmethods="0"/>
        <line num="1" count="1" type="stmt"/>
      </file>
      <file name="chip.tokens.ts" path="/home/runner/work/academic-unir-tesis/academic-unir-tesis/projects/design-tokens/src/lib/tokens/chip.tokens.ts">
        <metrics statements="1" coveredstatements="1" conditionals="0" coveredconditionals="0" methods="0" coveredmethods="0"/>
        <line num="1" count="1" type="stmt"/>
      </file>
      <file name="content-section-header.tokens.ts" path="/home/runner/work/academic-unir-tesis/academic-unir-tesis/projects/design-tokens/src/lib/tokens/content-section-header.tokens.ts">
        <metrics statements="1" coveredstatements="1" conditionals="0" coveredconditionals="0" methods="0" coveredmethods="0"/>
        <line num="1" count="1" type="stmt"/>
      </file>
      <file name="foundation.tokens.ts" path="/home/runner/work/academic-unir-tesis/academic-unir-tesis/projects/design-tokens/src/lib/tokens/foundation.tokens.ts">
        <metrics statements="8" coveredstatements="8" conditionals="0" coveredconditionals="0" methods="0" coveredmethods="0"/>
        <line num="1" count="1" type="stmt"/>
        <line num="53" count="1" type="stmt"/>
        <line num="82" count="1" type="stmt"/>
        <line num="105" count="1" type="stmt"/>
        <line num="121" count="1" type="stmt"/>
        <line num="132" count="1" type="stmt"/>
        <line num="141" count="1" type="stmt"/>
        <line num="151" count="1" type="stmt"/>
      </file>
      <file name="input.tokens.ts" path="/home/runner/work/academic-unir-tesis/academic-unir-tesis/projects/design-tokens/src/lib/tokens/input.tokens.ts">
        <metrics statements="1" coveredstatements="1" conditionals="0" coveredconditionals="0" methods="0" coveredmethods="0"/>
        <line num="1" count="1" type="stmt"/>
      </file>
      <file name="lucky-picker.tokens.ts" path="/home/runner/work/academic-unir-tesis/academic-unir-tesis/projects/design-tokens/src/lib/tokens/lucky-picker.tokens.ts">
        <metrics statements="1" coveredstatements="1" conditionals="0" coveredconditionals="0" methods="0" coveredmethods="0"/>
        <line num="1" count="1" type="stmt"/>
      </file>
      <file name="section-actions.tokens.ts" path="/home/runner/work/academic-unir-tesis/academic-unir-tesis/projects/design-tokens/src/lib/tokens/section-actions.tokens.ts">
        <metrics statements="1" coveredstatements="1" conditionals="0" coveredconditionals="0" methods="0" coveredmethods="0"/>
        <line num="1" count="1" type="stmt"/>
      </file>
      <file name="section-title.tokens.ts" path="/home/runner/work/academic-unir-tesis/academic-unir-tesis/projects/design-tokens/src/lib/tokens/section-title.tokens.ts">
        <metrics statements="1" coveredstatements="1" conditionals="0" coveredconditionals="0" methods="0" coveredmethods="0"/>
        <line num="1" count="1" type="stmt"/>
      </file>
      <file name="site-header.tokens.ts" path="/home/runner/work/academic-unir-tesis/academic-unir-tesis/projects/design-tokens/src/lib/tokens/site-header.tokens.ts">
        <metrics statements="1" coveredstatements="1" conditionals="0" coveredconditionals="0" methods="0" coveredmethods="0"/>
        <line num="1" count="1" type="stmt"/>
      </file>
    </package>
  </project>
</coverage>
