{"/home/runner/work/academic-unir-tesis/academic-unir-tesis/projects/design-tokens/src/lib/design-tokens.ts": {"path":"/home/runner/work/academic-unir-tesis/academic-unir-tesis/projects/design-tokens/src/lib/design-tokens.ts","statementMap":{"0":{"start":{"line":63,"column":28},"end":{"line":90,"column":null}},"1":{"start":{"line":100,"column":2},"end":{"line":102,"column":null}},"2":{"start":{"line":101,"column":4},"end":{"line":101,"column":null}},"3":{"start":{"line":104,"column":2},"end":{"line":112,"column":null}},"4":{"start":{"line":105,"column":4},"end":{"line":107,"column":null}},"5":{"start":{"line":106,"column":6},"end":{"line":106,"column":null}},"6":{"start":{"line":108,"column":22},"end":{"line":108,"column":null}},"7":{"start":{"line":109,"column":4},"end":{"line":111,"column":null}},"8":{"start":{"line":110,"column":6},"end":{"line":110,"column":null}},"9":{"start":{"line":116,"column":17},"end":{"line":116,"column":null}},"10":{"start":{"line":117,"column":2},"end":{"line":117,"column":null}},"11":{"start":{"line":121,"column":17},"end":{"line":121,"column":null}},"12":{"start":{"line":122,"column":2},"end":{"line":122,"column":null}},"13":{"start":{"line":126,"column":17},"end":{"line":126,"column":null}},"14":{"start":{"line":128,"column":2},"end":{"line":135,"column":null}},"15":{"start":{"line":129,"column":4},"end":{"line":134,"column":null}},"16":{"start":{"line":130,"column":6},"end":{"line":133,"column":null}},"17":{"start":{"line":131,"column":26},"end":{"line":131,"column":null}},"18":{"start":{"line":132,"column":8},"end":{"line":132,"column":null}},"19":{"start":{"line":137,"column":2},"end":{"line":137,"column":null}},"20":{"start":{"line":138,"column":2},"end":{"line":138,"column":null}},"21":{"start":{"line":139,"column":2},"end":{"line":139,"column":null}},"22":{"start":{"line":140,"column":2},"end":{"line":140,"column":null}},"23":{"start":{"line":141,"column":2},"end":{"line":141,"column":null}},"24":{"start":{"line":142,"column":2},"end":{"line":142,"column":null}},"25":{"start":{"line":143,"column":2},"end":{"line":143,"column":null}},"26":{"start":{"line":144,"column":2},"end":{"line":144,"column":null}},"27":{"start":{"line":145,"column":2},"end":{"line":145,"column":null}},"28":{"start":{"line":146,"column":2},"end":{"line":146,"column":null}},"29":{"start":{"line":147,"column":2},"end":{"line":147,"column":null}},"30":{"start":{"line":148,"column":2},"end":{"line":151,"column":null}},"31":{"start":{"line":153,"column":2},"end":{"line":156,"column":null}},"32":{"start":{"line":158,"column":2},"end":{"line":161,"column":null}},"33":{"start":{"line":163,"column":2},"end":{"line":163,"column":null}},"34":{"start":{"line":164,"column":2},"end":{"line":164,"column":null}},"35":{"start":{"line":165,"column":2},"end":{"line":168,"column":null}},"36":{"start":{"line":170,"column":2},"end":{"line":173,"column":null}},"37":{"start":{"line":175,"column":2},"end":{"line":175,"column":null}},"38":{"start":{"line":176,"column":2},"end":{"line":179,"column":null}},"39":{"start":{"line":181,"column":2},"end":{"line":184,"column":null}},"40":{"start":{"line":186,"column":2},"end":{"line":189,"column":null}},"41":{"start":{"line":191,"column":2},"end":{"line":194,"column":null}},"42":{"start":{"line":196,"column":2},"end":{"line":199,"column":null}},"43":{"start":{"line":201,"column":2},"end":{"line":204,"column":null}},"44":{"start":{"line":206,"column":2},"end":{"line":206,"column":null}},"45":{"start":{"line":210,"column":2},"end":{"line":212,"column":null}},"46":{"start":{"line":211,"column":4},"end":{"line":211,"column":null}},"47":{"start":{"line":213,"column":23},"end":{"line":213,"column":null}},"48":{"start":{"line":214,"column":2},"end":{"line":214,"column":null}},"49":{"start":{"line":224,"column":23},"end":{"line":224,"column":null}},"50":{"start":{"line":225,"column":31},"end":{"line":225,"column":null}},"51":{"start":{"line":228,"column":4},"end":{"line":233,"column":null}},"52":{"start":{"line":235,"column":2},"end":{"line":237,"column":null}},"53":{"start":{"line":236,"column":4},"end":{"line":236,"column":null}},"54":{"start":{"line":239,"column":2},"end":{"line":239,"column":null}},"55":{"start":{"line":248,"column":4},"end":{"line":248,"column":null}},"56":{"start":{"line":249,"column":2},"end":{"line":249,"column":null}},"57":{"start":{"line":263,"column":18},"end":{"line":263,"column":null}},"58":{"start":{"line":264,"column":27},"end":{"line":264,"column":null}},"59":{"start":{"line":265,"column":26},"end":{"line":265,"column":null}},"60":{"start":{"line":266,"column":18},"end":{"line":266,"column":null}},"61":{"start":{"line":267,"column":21},"end":{"line":267,"column":null}},"62":{"start":{"line":269,"column":16},"end":{"line":274,"column":null}},"63":{"start":{"line":277,"column":2},"end":{"line":279,"column":null}},"64":{"start":{"line":278,"column":4},"end":{"line":278,"column":null}},"65":{"start":{"line":281,"column":2},"end":{"line":281,"column":null}},"66":{"start":{"line":282,"column":2},"end":{"line":282,"column":null}},"67":{"start":{"line":286,"column":17},"end":{"line":286,"column":null}},"68":{"start":{"line":287,"column":23},"end":{"line":287,"column":null}},"69":{"start":{"line":288,"column":39},"end":{"line":288,"column":null}},"70":{"start":{"line":290,"column":2},"end":{"line":294,"column":null}},"71":{"start":{"line":291,"column":4},"end":{"line":293,"column":null}},"72":{"start":{"line":292,"column":6},"end":{"line":292,"column":null}},"73":{"start":{"line":296,"column":2},"end":{"line":298,"column":null}},"74":{"start":{"line":297,"column":4},"end":{"line":297,"column":null}}},"fnMap":{"0":{"name":"applyTokenGroup","decl":{"start":{"line":95,"column":9},"end":{"line":95,"column":null}},"loc":{"start":{"line":98,"column":20},"end":{"line":113,"column":null}},"line":98},"1":{"name":"(anonymous_1)","decl":{"start":{"line":104,"column":36},"end":{"line":104,"column":37}},"loc":{"start":{"line":104,"column":53},"end":{"line":112,"column":3}},"line":104},"2":{"name":"getTokenValue","decl":{"start":{"line":115,"column":16},"end":{"line":115,"column":30}},"loc":{"start":{"line":115,"column":70},"end":{"line":118,"column":null}},"line":115},"3":{"name":"setTokenValue","decl":{"start":{"line":120,"column":16},"end":{"line":120,"column":30}},"loc":{"start":{"line":120,"column":85},"end":{"line":123,"column":null}},"line":120},"4":{"name":"createTheme","decl":{"start":{"line":125,"column":16},"end":{"line":125,"column":28}},"loc":{"start":{"line":125,"column":67},"end":{"line":207,"column":null}},"line":125},"5":{"name":"(anonymous_5)","decl":{"start":{"line":129,"column":68},"end":{"line":129,"column":69}},"loc":{"start":{"line":129,"column":85},"end":{"line":134,"column":5}},"line":129},"6":{"name":"getFirstTheme","decl":{"start":{"line":209,"column":9},"end":{"line":209,"column":23}},"loc":{"start":{"line":209,"column":70},"end":{"line":215,"column":null}},"line":209},"7":{"name":"resolveThemeFromRegistry","decl":{"start":{"line":217,"column":16},"end":{"line":217,"column":null}},"loc":{"start":{"line":222,"column":27},"end":{"line":240,"column":null}},"line":222},"8":{"name":"getThemeVariantsFromRegistry","decl":{"start":{"line":242,"column":16},"end":{"line":242,"column":null}},"loc":{"start":{"line":245,"column":28},"end":{"line":250,"column":null}},"line":245},"9":{"name":"applyThemeFromRegistry","decl":{"start":{"line":252,"column":16},"end":{"line":252,"column":null}},"loc":{"start":{"line":261,"column":3},"end":{"line":283,"column":null}},"line":261},"10":{"name":"resetTheme","decl":{"start":{"line":285,"column":16},"end":{"line":285,"column":27}},"loc":{"start":{"line":285,"column":48},"end":{"line":299,"column":null}},"line":285},"11":{"name":"(anonymous_11)","decl":{"start":{"line":296,"column":29},"end":{"line":296,"column":30}},"loc":{"start":{"line":296,"column":46},"end":{"line":298,"column":3}},"line":296}},"branchMap":{"0":{"loc":{"start":{"line":100,"column":2},"end":{"line":102,"column":null}},"type":"if","locations":[{"start":{"line":100,"column":2},"end":{"line":102,"column":null}},{"start":{},"end":{}}],"line":100},"1":{"loc":{"start":{"line":105,"column":4},"end":{"line":107,"column":null}},"type":"if","locations":[{"start":{"line":105,"column":4},"end":{"line":107,"column":null}},{"start":{},"end":{}}],"line":105},"2":{"loc":{"start":{"line":109,"column":4},"end":{"line":111,"column":null}},"type":"if","locations":[{"start":{"line":109,"column":4},"end":{"line":111,"column":null}},{"start":{},"end":{}}],"line":109},"3":{"loc":{"start":{"line":116,"column":17},"end":{"line":116,"column":null}},"type":"binary-expr","locations":[{"start":{"line":116,"column":17},"end":{"line":116,"column":28}},{"start":{"line":116,"column":28},"end":{"line":116,"column":null}}],"line":116},"4":{"loc":{"start":{"line":121,"column":17},"end":{"line":121,"column":null}},"type":"binary-expr","locations":[{"start":{"line":121,"column":17},"end":{"line":121,"column":28}},{"start":{"line":121,"column":28},"end":{"line":121,"column":null}}],"line":121},"5":{"loc":{"start":{"line":126,"column":17},"end":{"line":126,"column":null}},"type":"binary-expr","locations":[{"start":{"line":126,"column":17},"end":{"line":126,"column":28}},{"start":{"line":126,"column":28},"end":{"line":126,"column":null}}],"line":126},"6":{"loc":{"start":{"line":128,"column":2},"end":{"line":135,"column":null}},"type":"if","locations":[{"start":{"line":128,"column":2},"end":{"line":135,"column":null}},{"start":{},"end":{}}],"line":128},"7":{"loc":{"start":{"line":130,"column":6},"end":{"line":133,"column":null}},"type":"if","locations":[{"start":{"line":130,"column":6},"end":{"line":133,"column":null}},{"start":{},"end":{}}],"line":130},"8":{"loc":{"start":{"line":210,"column":2},"end":{"line":212,"column":null}},"type":"if","locations":[{"start":{"line":210,"column":2},"end":{"line":212,"column":null}},{"start":{},"end":{}}],"line":210},"9":{"loc":{"start":{"line":220,"column":2},"end":{"line":220,"column":null}},"type":"default-arg","locations":[{"start":{"line":220,"column":12},"end":{"line":220,"column":null}}],"line":220},"10":{"loc":{"start":{"line":221,"column":2},"end":{"line":221,"column":null}},"type":"default-arg","locations":[{"start":{"line":221,"column":30},"end":{"line":221,"column":null}}],"line":221},"11":{"loc":{"start":{"line":222,"column":2},"end":{"line":222,"column":27}},"type":"default-arg","locations":[{"start":{"line":222,"column":20},"end":{"line":222,"column":27}}],"line":222},"12":{"loc":{"start":{"line":228,"column":4},"end":{"line":233,"column":null}},"type":"binary-expr","locations":[{"start":{"line":228,"column":4},"end":{"line":228,"column":null}},{"start":{"line":229,"column":4},"end":{"line":229,"column":null}},{"start":{"line":230,"column":4},"end":{"line":230,"column":null}},{"start":{"line":231,"column":4},"end":{"line":231,"column":null}},{"start":{"line":232,"column":4},"end":{"line":232,"column":null}},{"start":{"line":233,"column":4},"end":{"line":233,"column":null}}],"line":228},"13":{"loc":{"start":{"line":235,"column":2},"end":{"line":237,"column":null}},"type":"if","locations":[{"start":{"line":235,"column":2},"end":{"line":237,"column":null}},{"start":{},"end":{}}],"line":235},"14":{"loc":{"start":{"line":248,"column":4},"end":{"line":248,"column":null}},"type":"binary-expr","locations":[{"start":{"line":248,"column":4},"end":{"line":248,"column":27}},{"start":{"line":248,"column":27},"end":{"line":248,"column":null}}],"line":248},"15":{"loc":{"start":{"line":248,"column":27},"end":{"line":248,"column":null}},"type":"cond-expr","locations":[{"start":{"line":248,"column":46},"end":{"line":248,"column":75}},{"start":{"line":248,"column":75},"end":{"line":248,"column":null}}],"line":248},"16":{"loc":{"start":{"line":249,"column":9},"end":{"line":249,"column":null}},"type":"cond-expr","locations":[{"start":{"line":249,"column":24},"end":{"line":249,"column":52}},{"start":{"line":249,"column":52},"end":{"line":249,"column":null}}],"line":249},"17":{"loc":{"start":{"line":263,"column":18},"end":{"line":263,"column":null}},"type":"binary-expr","locations":[{"start":{"line":263,"column":18},"end":{"line":263,"column":38}},{"start":{"line":263,"column":38},"end":{"line":263,"column":null}}],"line":263},"18":{"loc":{"start":{"line":264,"column":27},"end":{"line":264,"column":null}},"type":"binary-expr","locations":[{"start":{"line":264,"column":27},"end":{"line":264,"column":56}},{"start":{"line":264,"column":56},"end":{"line":264,"column":null}}],"line":264},"19":{"loc":{"start":{"line":265,"column":26},"end":{"line":265,"column":null}},"type":"binary-expr","locations":[{"start":{"line":265,"column":26},"end":{"line":265,"column":54}},{"start":{"line":265,"column":54},"end":{"line":265,"column":null}}],"line":265},"20":{"loc":{"start":{"line":267,"column":21},"end":{"line":267,"column":null}},"type":"binary-expr","locations":[{"start":{"line":267,"column":21},"end":{"line":267,"column":44}},{"start":{"line":267,"column":44},"end":{"line":267,"column":null}}],"line":267},"21":{"loc":{"start":{"line":277,"column":2},"end":{"line":279,"column":null}},"type":"if","locations":[{"start":{"line":277,"column":2},"end":{"line":279,"column":null}},{"start":{},"end":{}}],"line":277},"22":{"loc":{"start":{"line":286,"column":17},"end":{"line":286,"column":null}},"type":"binary-expr","locations":[{"start":{"line":286,"column":17},"end":{"line":286,"column":28}},{"start":{"line":286,"column":28},"end":{"line":286,"column":null}}],"line":286},"23":{"loc":{"start":{"line":291,"column":4},"end":{"line":293,"column":null}},"type":"if","locations":[{"start":{"line":291,"column":4},"end":{"line":293,"column":null}},{"start":{},"end":{}}],"line":291}},"s":{"0":1,"1":104,"2":77,"3":27,"4":29,"5":0,"6":29,"7":29,"8":29,"9":32,"10":32,"11":1,"12":1,"13":4,"14":4,"15":1,"16":1,"17":1,"18":1,"19":4,"20":4,"21":4,"22":4,"23":4,"24":4,"25":4,"26":4,"27":4,"28":4,"29":4,"30":4,"31":4,"32":4,"33":4,"34":4,"35":4,"36":4,"37":4,"38":4,"39":4,"40":4,"41":4,"42":4,"43":4,"44":4,"45":0,"46":0,"47":0,"48":0,"49":2,"50":2,"51":2,"52":2,"53":0,"54":2,"55":1,"56":1,"57":1,"58":1,"59":1,"60":1,"61":1,"62":1,"63":1,"64":1,"65":1,"66":1,"67":10,"68":10,"69":10,"70":10,"71":37,"72":30,"73":10,"74":30},"f":{"0":104,"1":29,"2":32,"3":1,"4":4,"5":1,"6":0,"7":2,"8":1,"9":1,"10":10,"11":30},"b":{"0":[77,27],"1":[0,29],"2":[29,0],"3":[32,32],"4":[1,1],"5":[4,4],"6":[1,3],"7":[1,0],"8":[0,0],"9":[2],"10":[2],"11":[2],"12":[2,0,0,0,0,0],"13":[0,2],"14":[1,0],"15":[0,0],"16":[1,0],"17":[1,0],"18":[1,0],"19":[1,1],"20":[1,1],"21":[1,0],"22":[10,10],"23":[30,7]},"meta":{"lastBranch":24,"lastFunction":12,"lastStatement":75,"seen":{"s:63:28:90:Infinity":0,"f:95:9:95:Infinity":0,"b:100:2:102:Infinity:undefined:undefined:undefined:undefined":0,"s:100:2:102:Infinity":1,"s:101:4:101:Infinity":2,"s:104:2:112:Infinity":3,"f:104:36:104:37":1,"b:105:4:107:Infinity:undefined:undefined:undefined:undefined":1,"s:105:4:107:Infinity":4,"s:106:6:106:Infinity":5,"s:108:22:108:Infinity":6,"b:109:4:111:Infinity:undefined:undefined:undefined:undefined":2,"s:109:4:111:Infinity":7,"s:110:6:110:Infinity":8,"f:115:16:115:30":2,"s:116:17:116:Infinity":9,"b:116:17:116:28:116:28:116:Infinity":3,"s:117:2:117:Infinity":10,"f:120:16:120:30":3,"s:121:17:121:Infinity":11,"b:121:17:121:28:121:28:121:Infinity":4,"s:122:2:122:Infinity":12,"f:125:16:125:28":4,"s:126:17:126:Infinity":13,"b:126:17:126:28:126:28:126:Infinity":5,"b:128:2:135:Infinity:undefined:undefined:undefined:undefined":6,"s:128:2:135:Infinity":14,"s:129:4:134:Infinity":15,"f:129:68:129:69":5,"b:130:6:133:Infinity:undefined:undefined:undefined:undefined":7,"s:130:6:133:Infinity":16,"s:131:26:131:Infinity":17,"s:132:8:132:Infinity":18,"s:137:2:137:Infinity":19,"s:138:2:138:Infinity":20,"s:139:2:139:Infinity":21,"s:140:2:140:Infinity":22,"s:141:2:141:Infinity":23,"s:142:2:142:Infinity":24,"s:143:2:143:Infinity":25,"s:144:2:144:Infinity":26,"s:145:2:145:Infinity":27,"s:146:2:146:Infinity":28,"s:147:2:147:Infinity":29,"s:148:2:151:Infinity":30,"s:153:2:156:Infinity":31,"s:158:2:161:Infinity":32,"s:163:2:163:Infinity":33,"s:164:2:164:Infinity":34,"s:165:2:168:Infinity":35,"s:170:2:173:Infinity":36,"s:175:2:175:Infinity":37,"s:176:2:179:Infinity":38,"s:181:2:184:Infinity":39,"s:186:2:189:Infinity":40,"s:191:2:194:Infinity":41,"s:196:2:199:Infinity":42,"s:201:2:204:Infinity":43,"s:206:2:206:Infinity":44,"f:209:9:209:23":6,"b:210:2:212:Infinity:undefined:undefined:undefined:undefined":8,"s:210:2:212:Infinity":45,"s:211:4:211:Infinity":46,"s:213:23:213:Infinity":47,"s:214:2:214:Infinity":48,"f:217:16:217:Infinity":7,"b:220:12:220:Infinity":9,"b:221:30:221:Infinity":10,"b:222:20:222:27":11,"s:224:23:224:Infinity":49,"s:225:31:225:Infinity":50,"s:228:4:233:Infinity":51,"b:228:4:228:Infinity:229:4:229:Infinity:230:4:230:Infinity:231:4:231:Infinity:232:4:232:Infinity:233:4:233:Infinity":12,"b:235:2:237:Infinity:undefined:undefined:undefined:undefined":13,"s:235:2:237:Infinity":52,"s:236:4:236:Infinity":53,"s:239:2:239:Infinity":54,"f:242:16:242:Infinity":8,"s:248:4:248:Infinity":55,"b:248:4:248:27:248:27:248:Infinity":14,"b:248:46:248:75:248:75:248:Infinity":15,"s:249:2:249:Infinity":56,"b:249:24:249:52:249:52:249:Infinity":16,"f:252:16:252:Infinity":9,"s:263:18:263:Infinity":57,"b:263:18:263:38:263:38:263:Infinity":17,"s:264:27:264:Infinity":58,"b:264:27:264:56:264:56:264:Infinity":18,"s:265:26:265:Infinity":59,"b:265:26:265:54:265:54:265:Infinity":19,"s:266:18:266:Infinity":60,"s:267:21:267:Infinity":61,"b:267:21:267:44:267:44:267:Infinity":20,"s:269:16:274:Infinity":62,"b:277:2:279:Infinity:undefined:undefined:undefined:undefined":21,"s:277:2:279:Infinity":63,"s:278:4:278:Infinity":64,"s:281:2:281:Infinity":65,"s:282:2:282:Infinity":66,"f:285:16:285:27":10,"s:286:17:286:Infinity":67,"b:286:17:286:28:286:28:286:Infinity":22,"s:287:23:287:Infinity":68,"s:288:39:288:Infinity":69,"s:290:2:294:Infinity":70,"b:291:4:293:Infinity:undefined:undefined:undefined:undefined":23,"s:291:4:293:Infinity":71,"s:292:6:292:Infinity":72,"s:296:2:298:Infinity":73,"f:296:29:296:30":11,"s:297:4:297:Infinity":74}}}
,"/home/runner/work/academic-unir-tesis/academic-unir-tesis/projects/design-tokens/src/lib/tokens/badge.tokens.ts": {"path":"/home/runner/work/academic-unir-tesis/academic-unir-tesis/projects/design-tokens/src/lib/tokens/badge.tokens.ts","statementMap":{"0":{"start":{"line":1,"column":27},"end":{"line":40,"column":null}}},"fnMap":{},"branchMap":{},"s":{"0":1},"f":{},"b":{},"meta":{"lastBranch":0,"lastFunction":0,"lastStatement":1,"seen":{"s:1:27:40:Infinity":0}}}
,"/home/runner/work/academic-unir-tesis/academic-unir-tesis/projects/design-tokens/src/lib/tokens/breadcrumb.tokens.ts": {"path":"/home/runner/work/academic-unir-tesis/academic-unir-tesis/projects/design-tokens/src/lib/tokens/breadcrumb.tokens.ts","statementMap":{"0":{"start":{"line":1,"column":32},"end":{"line":11,"column":null}}},"fnMap":{},"branchMap":{},"s":{"0":1},"f":{},"b":{},"meta":{"lastBranch":0,"lastFunction":0,"lastStatement":1,"seen":{"s:1:32:11:Infinity":0}}}
,"/home/runner/work/academic-unir-tesis/academic-unir-tesis/projects/design-tokens/src/lib/tokens/button.tokens.ts": {"path":"/home/runner/work/academic-unir-tesis/academic-unir-tesis/projects/design-tokens/src/lib/tokens/button.tokens.ts","statementMap":{"0":{"start":{"line":1,"column":28},"end":{"line":50,"column":null}}},"fnMap":{},"branchMap":{},"s":{"0":1},"f":{},"b":{},"meta":{"lastBranch":0,"lastFunction":0,"lastStatement":1,"seen":{"s:1:28:50:Infinity":0}}}
,"/home/runner/work/academic-unir-tesis/academic-unir-tesis/projects/design-tokens/src/lib/tokens/casino-catalog-header.tokens.ts": {"path":"/home/runner/work/academic-unir-tesis/academic-unir-tesis/projects/design-tokens/src/lib/tokens/casino-catalog-header.tokens.ts","statementMap":{"0":{"start":{"line":1,"column":41},"end":{"line":14,"column":null}}},"fnMap":{},"branchMap":{},"s":{"0":1},"f":{},"b":{},"meta":{"lastBranch":0,"lastFunction":0,"lastStatement":1,"seen":{"s:1:41:14:Infinity":0}}}
,"/home/runner/work/academic-unir-tesis/academic-unir-tesis/projects/design-tokens/src/lib/tokens/casino-game-card.tokens.ts": {"path":"/home/runner/work/academic-unir-tesis/academic-unir-tesis/projects/design-tokens/src/lib/tokens/casino-game-card.tokens.ts","statementMap":{"0":{"start":{"line":1,"column":36},"end":{"line":31,"column":null}}},"fnMap":{},"branchMap":{},"s":{"0":1},"f":{},"b":{},"meta":{"lastBranch":0,"lastFunction":0,"lastStatement":1,"seen":{"s:1:36:31:Infinity":0}}}
,"/home/runner/work/academic-unir-tesis/academic-unir-tesis/projects/design-tokens/src/lib/tokens/casino-games-grid-section.tokens.ts": {"path":"/home/runner/work/academic-unir-tesis/academic-unir-tesis/projects/design-tokens/src/lib/tokens/casino-games-grid-section.tokens.ts","statementMap":{"0":{"start":{"line":1,"column":44},"end":{"line":9,"column":null}}},"fnMap":{},"branchMap":{},"s":{"0":1},"f":{},"b":{},"meta":{"lastBranch":0,"lastFunction":0,"lastStatement":1,"seen":{"s:1:44:9:Infinity":0}}}
,"/home/runner/work/academic-unir-tesis/academic-unir-tesis/projects/design-tokens/src/lib/tokens/casino-home-hero.tokens.ts": {"path":"/home/runner/work/academic-unir-tesis/academic-unir-tesis/projects/design-tokens/src/lib/tokens/casino-home-hero.tokens.ts","statementMap":{"0":{"start":{"line":1,"column":36},"end":{"line":41,"column":null}}},"fnMap":{},"branchMap":{},"s":{"0":1},"f":{},"b":{},"meta":{"lastBranch":0,"lastFunction":0,"lastStatement":1,"seen":{"s:1:36:41:Infinity":0}}}
,"/home/runner/work/academic-unir-tesis/academic-unir-tesis/projects/design-tokens/src/lib/tokens/casino-provider-carousel.tokens.ts": {"path":"/home/runner/work/academic-unir-tesis/academic-unir-tesis/projects/design-tokens/src/lib/tokens/casino-provider-carousel.tokens.ts","statementMap":{"0":{"start":{"line":1,"column":44},"end":{"line":28,"column":null}}},"fnMap":{},"branchMap":{},"s":{"0":1},"f":{},"b":{},"meta":{"lastBranch":0,"lastFunction":0,"lastStatement":1,"seen":{"s:1:44:28:Infinity":0}}}
,"/home/runner/work/academic-unir-tesis/academic-unir-tesis/projects/design-tokens/src/lib/tokens/casino-provider-parallax-showcase.tokens.ts": {"path":"/home/runner/work/academic-unir-tesis/academic-unir-tesis/projects/design-tokens/src/lib/tokens/casino-provider-parallax-showcase.tokens.ts","statementMap":{"0":{"start":{"line":1,"column":52},"end":{"line":16,"column":null}}},"fnMap":{},"branchMap":{},"s":{"0":1},"f":{},"b":{},"meta":{"lastBranch":0,"lastFunction":0,"lastStatement":1,"seen":{"s:1:52:16:Infinity":0}}}
,"/home/runner/work/academic-unir-tesis/academic-unir-tesis/projects/design-tokens/src/lib/tokens/casino-ranked-games-carousel-section.tokens.ts": {"path":"/home/runner/work/academic-unir-tesis/academic-unir-tesis/projects/design-tokens/src/lib/tokens/casino-ranked-games-carousel-section.tokens.ts","statementMap":{"0":{"start":{"line":1,"column":54},"end":{"line":12,"column":null}}},"fnMap":{},"branchMap":{},"s":{"0":1},"f":{},"b":{},"meta":{"lastBranch":0,"lastFunction":0,"lastStatement":1,"seen":{"s:1:54:12:Infinity":0}}}
,"/home/runner/work/academic-unir-tesis/academic-unir-tesis/projects/design-tokens/src/lib/tokens/casino-search-bar.tokens.ts": {"path":"/home/runner/work/academic-unir-tesis/academic-unir-tesis/projects/design-tokens/src/lib/tokens/casino-search-bar.tokens.ts","statementMap":{"0":{"start":{"line":1,"column":37},"end":{"line":3,"column":null}}},"fnMap":{},"branchMap":{},"s":{"0":1},"f":{},"b":{},"meta":{"lastBranch":0,"lastFunction":0,"lastStatement":1,"seen":{"s:1:37:3:Infinity":0}}}
,"/home/runner/work/academic-unir-tesis/academic-unir-tesis/projects/design-tokens/src/lib/tokens/casino-two-row-games-carousel-section.tokens.ts": {"path":"/home/runner/work/academic-unir-tesis/academic-unir-tesis/projects/design-tokens/src/lib/tokens/casino-two-row-games-carousel-section.tokens.ts","statementMap":{"0":{"start":{"line":1,"column":54},"end":{"line":2,"column":null}}},"fnMap":{},"branchMap":{},"s":{"0":1},"f":{},"b":{},"meta":{"lastBranch":0,"lastFunction":0,"lastStatement":1,"seen":{"s:1:54:2:Infinity":0}}}
,"/home/runner/work/academic-unir-tesis/academic-unir-tesis/projects/design-tokens/src/lib/tokens/chip.tokens.ts": {"path":"/home/runner/work/academic-unir-tesis/academic-unir-tesis/projects/design-tokens/src/lib/tokens/chip.tokens.ts","statementMap":{"0":{"start":{"line":1,"column":26},"end":{"line":46,"column":null}}},"fnMap":{},"branchMap":{},"s":{"0":1},"f":{},"b":{},"meta":{"lastBranch":0,"lastFunction":0,"lastStatement":1,"seen":{"s:1:26:46:Infinity":0}}}
,"/home/runner/work/academic-unir-tesis/academic-unir-tesis/projects/design-tokens/src/lib/tokens/content-section-header.tokens.ts": {"path":"/home/runner/work/academic-unir-tesis/academic-unir-tesis/projects/design-tokens/src/lib/tokens/content-section-header.tokens.ts","statementMap":{"0":{"start":{"line":1,"column":42},"end":{"line":3,"column":null}}},"fnMap":{},"branchMap":{},"s":{"0":1},"f":{},"b":{},"meta":{"lastBranch":0,"lastFunction":0,"lastStatement":1,"seen":{"s:1:42:3:Infinity":0}}}
,"/home/runner/work/academic-unir-tesis/academic-unir-tesis/projects/design-tokens/src/lib/tokens/foundation.tokens.ts": {"path":"/home/runner/work/academic-unir-tesis/academic-unir-tesis/projects/design-tokens/src/lib/tokens/foundation.tokens.ts","statementMap":{"0":{"start":{"line":1,"column":27},"end":{"line":50,"column":null}},"1":{"start":{"line":53,"column":32},"end":{"line":78,"column":null}},"2":{"start":{"line":82,"column":37},"end":{"line":102,"column":null}},"3":{"start":{"line":105,"column":29},"end":{"line":118,"column":null}},"4":{"start":{"line":121,"column":28},"end":{"line":129,"column":null}},"5":{"start":{"line":132,"column":28},"end":{"line":138,"column":null}},"6":{"start":{"line":141,"column":28},"end":{"line":148,"column":null}},"7":{"start":{"line":151,"column":32},"end":{"line":154,"column":null}}},"fnMap":{},"branchMap":{},"s":{"0":1,"1":1,"2":1,"3":1,"4":1,"5":1,"6":1,"7":1},"f":{},"b":{},"meta":{"lastBranch":0,"lastFunction":0,"lastStatement":8,"seen":{"s:1:27:50:Infinity":0,"s:53:32:78:Infinity":1,"s:82:37:102:Infinity":2,"s:105:29:118:Infinity":3,"s:121:28:129:Infinity":4,"s:132:28:138:Infinity":5,"s:141:28:148:Infinity":6,"s:151:32:154:Infinity":7}}}
,"/home/runner/work/academic-unir-tesis/academic-unir-tesis/projects/design-tokens/src/lib/tokens/input.tokens.ts": {"path":"/home/runner/work/academic-unir-tesis/academic-unir-tesis/projects/design-tokens/src/lib/tokens/input.tokens.ts","statementMap":{"0":{"start":{"line":1,"column":27},"end":{"line":40,"column":null}}},"fnMap":{},"branchMap":{},"s":{"0":1},"f":{},"b":{},"meta":{"lastBranch":0,"lastFunction":0,"lastStatement":1,"seen":{"s:1:27:40:Infinity":0}}}
,"/home/runner/work/academic-unir-tesis/academic-unir-tesis/projects/design-tokens/src/lib/tokens/lucky-picker.tokens.ts": {"path":"/home/runner/work/academic-unir-tesis/academic-unir-tesis/projects/design-tokens/src/lib/tokens/lucky-picker.tokens.ts","statementMap":{"0":{"start":{"line":1,"column":33},"end":{"line":23,"column":null}}},"fnMap":{},"branchMap":{},"s":{"0":1},"f":{},"b":{},"meta":{"lastBranch":0,"lastFunction":0,"lastStatement":1,"seen":{"s:1:33:23:Infinity":0}}}
,"/home/runner/work/academic-unir-tesis/academic-unir-tesis/projects/design-tokens/src/lib/tokens/section-actions.tokens.ts": {"path":"/home/runner/work/academic-unir-tesis/academic-unir-tesis/projects/design-tokens/src/lib/tokens/section-actions.tokens.ts","statementMap":{"0":{"start":{"line":1,"column":36},"end":{"line":3,"column":null}}},"fnMap":{},"branchMap":{},"s":{"0":1},"f":{},"b":{},"meta":{"lastBranch":0,"lastFunction":0,"lastStatement":1,"seen":{"s:1:36:3:Infinity":0}}}
,"/home/runner/work/academic-unir-tesis/academic-unir-tesis/projects/design-tokens/src/lib/tokens/section-title.tokens.ts": {"path":"/home/runner/work/academic-unir-tesis/academic-unir-tesis/projects/design-tokens/src/lib/tokens/section-title.tokens.ts","statementMap":{"0":{"start":{"line":1,"column":34},"end":{"line":19,"column":null}}},"fnMap":{},"branchMap":{},"s":{"0":1},"f":{},"b":{},"meta":{"lastBranch":0,"lastFunction":0,"lastStatement":1,"seen":{"s:1:34:19:Infinity":0}}}
,"/home/runner/work/academic-unir-tesis/academic-unir-tesis/projects/design-tokens/src/lib/tokens/site-header.tokens.ts": {"path":"/home/runner/work/academic-unir-tesis/academic-unir-tesis/projects/design-tokens/src/lib/tokens/site-header.tokens.ts","statementMap":{"0":{"start":{"line":1,"column":32},"end":{"line":56,"column":null}}},"fnMap":{},"branchMap":{},"s":{"0":1},"f":{},"b":{},"meta":{"lastBranch":0,"lastFunction":0,"lastStatement":1,"seen":{"s:1:32:56:Infinity":0}}}
}
