{"/home/runner/work/academic-unir-tesis/academic-unir-tesis/projects/design-tokens/src/lib/design-tokens.ts": {"path":"/home/runner/work/academic-unir-tesis/academic-unir-tesis/projects/design-tokens/src/lib/design-tokens.ts","statementMap":{"0":{"start":{"line":15,"column":28},"end":{"line":406,"column":null}},"1":{"start":{"line":422,"column":17},"end":{"line":422,"column":null}},"2":{"start":{"line":423,"column":2},"end":{"line":423,"column":null}},"3":{"start":{"line":438,"column":17},"end":{"line":438,"column":null}},"4":{"start":{"line":439,"column":2},"end":{"line":439,"column":null}},"5":{"start":{"line":477,"column":17},"end":{"line":477,"column":null}},"6":{"start":{"line":480,"column":2},"end":{"line":488,"column":null}},"7":{"start":{"line":481,"column":4},"end":{"line":487,"column":null}},"8":{"start":{"line":482,"column":6},"end":{"line":486,"column":null}},"9":{"start":{"line":484,"column":26},"end":{"line":484,"column":null}},"10":{"start":{"line":485,"column":8},"end":{"line":485,"column":null}},"11":{"start":{"line":491,"column":2},"end":{"line":500,"column":null}},"12":{"start":{"line":492,"column":4},"end":{"line":499,"column":null}},"13":{"start":{"line":493,"column":6},"end":{"line":498,"column":null}},"14":{"start":{"line":494,"column":26},"end":{"line":494,"column":null}},"15":{"start":{"line":495,"column":8},"end":{"line":497,"column":null}},"16":{"start":{"line":496,"column":10},"end":{"line":496,"column":null}},"17":{"start":{"line":503,"column":2},"end":{"line":516,"column":null}},"18":{"start":{"line":504,"column":4},"end":{"line":509,"column":null}},"19":{"start":{"line":505,"column":6},"end":{"line":507,"column":null}},"20":{"start":{"line":510,"column":4},"end":{"line":515,"column":null}},"21":{"start":{"line":511,"column":6},"end":{"line":513,"column":null}},"22":{"start":{"line":519,"column":2},"end":{"line":528,"column":null}},"23":{"start":{"line":520,"column":4},"end":{"line":527,"column":null}},"24":{"start":{"line":521,"column":6},"end":{"line":526,"column":null}},"25":{"start":{"line":522,"column":26},"end":{"line":522,"column":null}},"26":{"start":{"line":523,"column":8},"end":{"line":525,"column":null}},"27":{"start":{"line":524,"column":10},"end":{"line":524,"column":null}},"28":{"start":{"line":531,"column":2},"end":{"line":540,"column":null}},"29":{"start":{"line":532,"column":4},"end":{"line":539,"column":null}},"30":{"start":{"line":533,"column":6},"end":{"line":538,"column":null}},"31":{"start":{"line":534,"column":26},"end":{"line":534,"column":null}},"32":{"start":{"line":535,"column":8},"end":{"line":537,"column":null}},"33":{"start":{"line":536,"column":10},"end":{"line":536,"column":null}},"34":{"start":{"line":543,"column":2},"end":{"line":552,"column":null}},"35":{"start":{"line":544,"column":4},"end":{"line":551,"column":null}},"36":{"start":{"line":545,"column":6},"end":{"line":550,"column":null}},"37":{"start":{"line":546,"column":26},"end":{"line":546,"column":null}},"38":{"start":{"line":547,"column":8},"end":{"line":549,"column":null}},"39":{"start":{"line":548,"column":10},"end":{"line":548,"column":null}},"40":{"start":{"line":555,"column":2},"end":{"line":564,"column":null}},"41":{"start":{"line":556,"column":4},"end":{"line":563,"column":null}},"42":{"start":{"line":557,"column":6},"end":{"line":562,"column":null}},"43":{"start":{"line":558,"column":26},"end":{"line":558,"column":null}},"44":{"start":{"line":559,"column":8},"end":{"line":561,"column":null}},"45":{"start":{"line":560,"column":10},"end":{"line":560,"column":null}},"46":{"start":{"line":567,"column":2},"end":{"line":576,"column":null}},"47":{"start":{"line":568,"column":4},"end":{"line":575,"column":null}},"48":{"start":{"line":569,"column":6},"end":{"line":574,"column":null}},"49":{"start":{"line":570,"column":26},"end":{"line":570,"column":null}},"50":{"start":{"line":571,"column":8},"end":{"line":573,"column":null}},"51":{"start":{"line":572,"column":10},"end":{"line":572,"column":null}},"52":{"start":{"line":589,"column":17},"end":{"line":589,"column":null}},"53":{"start":{"line":593,"column":23},"end":{"line":593,"column":null}},"54":{"start":{"line":594,"column":39},"end":{"line":594,"column":null}},"55":{"start":{"line":597,"column":2},"end":{"line":601,"column":null}},"56":{"start":{"line":598,"column":4},"end":{"line":600,"column":null}},"57":{"start":{"line":599,"column":6},"end":{"line":599,"column":null}},"58":{"start":{"line":604,"column":2},"end":{"line":606,"column":null}},"59":{"start":{"line":605,"column":4},"end":{"line":605,"column":null}}},"fnMap":{"0":{"name":"getTokenValue","decl":{"start":{"line":421,"column":16},"end":{"line":421,"column":30}},"loc":{"start":{"line":421,"column":70},"end":{"line":424,"column":null}},"line":421},"1":{"name":"setTokenValue","decl":{"start":{"line":437,"column":16},"end":{"line":437,"column":30}},"loc":{"start":{"line":437,"column":85},"end":{"line":440,"column":null}},"line":437},"2":{"name":"createTheme","decl":{"start":{"line":476,"column":16},"end":{"line":476,"column":28}},"loc":{"start":{"line":476,"column":67},"end":{"line":577,"column":null}},"line":476},"3":{"name":"(anonymous_3)","decl":{"start":{"line":481,"column":49},"end":{"line":481,"column":50}},"loc":{"start":{"line":481,"column":66},"end":{"line":487,"column":5}},"line":481},"4":{"name":"(anonymous_4)","decl":{"start":{"line":492,"column":44},"end":{"line":492,"column":45}},"loc":{"start":{"line":492,"column":61},"end":{"line":499,"column":5}},"line":492},"5":{"name":"(anonymous_5)","decl":{"start":{"line":520,"column":46},"end":{"line":520,"column":47}},"loc":{"start":{"line":520,"column":63},"end":{"line":527,"column":5}},"line":520},"6":{"name":"(anonymous_6)","decl":{"start":{"line":532,"column":45},"end":{"line":532,"column":46}},"loc":{"start":{"line":532,"column":62},"end":{"line":539,"column":5}},"line":532},"7":{"name":"(anonymous_7)","decl":{"start":{"line":544,"column":45},"end":{"line":544,"column":46}},"loc":{"start":{"line":544,"column":62},"end":{"line":551,"column":5}},"line":544},"8":{"name":"(anonymous_8)","decl":{"start":{"line":556,"column":49},"end":{"line":556,"column":50}},"loc":{"start":{"line":556,"column":66},"end":{"line":563,"column":5}},"line":556},"9":{"name":"(anonymous_9)","decl":{"start":{"line":568,"column":45},"end":{"line":568,"column":46}},"loc":{"start":{"line":568,"column":62},"end":{"line":575,"column":5}},"line":568},"10":{"name":"resetTheme","decl":{"start":{"line":588,"column":16},"end":{"line":588,"column":27}},"loc":{"start":{"line":588,"column":48},"end":{"line":607,"column":null}},"line":588},"11":{"name":"(anonymous_11)","decl":{"start":{"line":604,"column":29},"end":{"line":604,"column":30}},"loc":{"start":{"line":604,"column":46},"end":{"line":606,"column":3}},"line":604}},"branchMap":{"0":{"loc":{"start":{"line":422,"column":17},"end":{"line":422,"column":null}},"type":"binary-expr","locations":[{"start":{"line":422,"column":17},"end":{"line":422,"column":28}},{"start":{"line":422,"column":28},"end":{"line":422,"column":null}}],"line":422},"1":{"loc":{"start":{"line":438,"column":17},"end":{"line":438,"column":null}},"type":"binary-expr","locations":[{"start":{"line":438,"column":17},"end":{"line":438,"column":28}},{"start":{"line":438,"column":28},"end":{"line":438,"column":null}}],"line":438},"2":{"loc":{"start":{"line":477,"column":17},"end":{"line":477,"column":null}},"type":"binary-expr","locations":[{"start":{"line":477,"column":17},"end":{"line":477,"column":28}},{"start":{"line":477,"column":28},"end":{"line":477,"column":null}}],"line":477},"3":{"loc":{"start":{"line":480,"column":2},"end":{"line":488,"column":null}},"type":"if","locations":[{"start":{"line":480,"column":2},"end":{"line":488,"column":null}},{"start":{},"end":{}}],"line":480},"4":{"loc":{"start":{"line":482,"column":6},"end":{"line":486,"column":null}},"type":"if","locations":[{"start":{"line":482,"column":6},"end":{"line":486,"column":null}},{"start":{},"end":{}}],"line":482},"5":{"loc":{"start":{"line":491,"column":2},"end":{"line":500,"column":null}},"type":"if","locations":[{"start":{"line":491,"column":2},"end":{"line":500,"column":null}},{"start":{},"end":{}}],"line":491},"6":{"loc":{"start":{"line":493,"column":6},"end":{"line":498,"column":null}},"type":"if","locations":[{"start":{"line":493,"column":6},"end":{"line":498,"column":null}},{"start":{},"end":{}}],"line":493},"7":{"loc":{"start":{"line":495,"column":8},"end":{"line":497,"column":null}},"type":"if","locations":[{"start":{"line":495,"column":8},"end":{"line":497,"column":null}},{"start":{},"end":{}}],"line":495},"8":{"loc":{"start":{"line":503,"column":2},"end":{"line":516,"column":null}},"type":"if","locations":[{"start":{"line":503,"column":2},"end":{"line":516,"column":null}},{"start":{},"end":{}}],"line":503},"9":{"loc":{"start":{"line":504,"column":4},"end":{"line":509,"column":null}},"type":"if","locations":[{"start":{"line":504,"column":4},"end":{"line":509,"column":null}},{"start":{},"end":{}}],"line":504},"10":{"loc":{"start":{"line":510,"column":4},"end":{"line":515,"column":null}},"type":"if","locations":[{"start":{"line":510,"column":4},"end":{"line":515,"column":null}},{"start":{},"end":{}}],"line":510},"11":{"loc":{"start":{"line":519,"column":2},"end":{"line":528,"column":null}},"type":"if","locations":[{"start":{"line":519,"column":2},"end":{"line":528,"column":null}},{"start":{},"end":{}}],"line":519},"12":{"loc":{"start":{"line":521,"column":6},"end":{"line":526,"column":null}},"type":"if","locations":[{"start":{"line":521,"column":6},"end":{"line":526,"column":null}},{"start":{},"end":{}}],"line":521},"13":{"loc":{"start":{"line":523,"column":8},"end":{"line":525,"column":null}},"type":"if","locations":[{"start":{"line":523,"column":8},"end":{"line":525,"column":null}},{"start":{},"end":{}}],"line":523},"14":{"loc":{"start":{"line":531,"column":2},"end":{"line":540,"column":null}},"type":"if","locations":[{"start":{"line":531,"column":2},"end":{"line":540,"column":null}},{"start":{},"end":{}}],"line":531},"15":{"loc":{"start":{"line":533,"column":6},"end":{"line":538,"column":null}},"type":"if","locations":[{"start":{"line":533,"column":6},"end":{"line":538,"column":null}},{"start":{},"end":{}}],"line":533},"16":{"loc":{"start":{"line":535,"column":8},"end":{"line":537,"column":null}},"type":"if","locations":[{"start":{"line":535,"column":8},"end":{"line":537,"column":null}},{"start":{},"end":{}}],"line":535},"17":{"loc":{"start":{"line":543,"column":2},"end":{"line":552,"column":null}},"type":"if","locations":[{"start":{"line":543,"column":2},"end":{"line":552,"column":null}},{"start":{},"end":{}}],"line":543},"18":{"loc":{"start":{"line":545,"column":6},"end":{"line":550,"column":null}},"type":"if","locations":[{"start":{"line":545,"column":6},"end":{"line":550,"column":null}},{"start":{},"end":{}}],"line":545},"19":{"loc":{"start":{"line":547,"column":8},"end":{"line":549,"column":null}},"type":"if","locations":[{"start":{"line":547,"column":8},"end":{"line":549,"column":null}},{"start":{},"end":{}}],"line":547},"20":{"loc":{"start":{"line":555,"column":2},"end":{"line":564,"column":null}},"type":"if","locations":[{"start":{"line":555,"column":2},"end":{"line":564,"column":null}},{"start":{},"end":{}}],"line":555},"21":{"loc":{"start":{"line":557,"column":6},"end":{"line":562,"column":null}},"type":"if","locations":[{"start":{"line":557,"column":6},"end":{"line":562,"column":null}},{"start":{},"end":{}}],"line":557},"22":{"loc":{"start":{"line":559,"column":8},"end":{"line":561,"column":null}},"type":"if","locations":[{"start":{"line":559,"column":8},"end":{"line":561,"column":null}},{"start":{},"end":{}}],"line":559},"23":{"loc":{"start":{"line":567,"column":2},"end":{"line":576,"column":null}},"type":"if","locations":[{"start":{"line":567,"column":2},"end":{"line":576,"column":null}},{"start":{},"end":{}}],"line":567},"24":{"loc":{"start":{"line":569,"column":6},"end":{"line":574,"column":null}},"type":"if","locations":[{"start":{"line":569,"column":6},"end":{"line":574,"column":null}},{"start":{},"end":{}}],"line":569},"25":{"loc":{"start":{"line":571,"column":8},"end":{"line":573,"column":null}},"type":"if","locations":[{"start":{"line":571,"column":8},"end":{"line":573,"column":null}},{"start":{},"end":{}}],"line":571},"26":{"loc":{"start":{"line":589,"column":17},"end":{"line":589,"column":null}},"type":"binary-expr","locations":[{"start":{"line":589,"column":17},"end":{"line":589,"column":28}},{"start":{"line":589,"column":28},"end":{"line":589,"column":null}}],"line":589},"27":{"loc":{"start":{"line":598,"column":4},"end":{"line":600,"column":null}},"type":"if","locations":[{"start":{"line":598,"column":4},"end":{"line":600,"column":null}},{"start":{},"end":{}}],"line":598}},"s":{"0":1,"1":3,"2":3,"3":1,"4":1,"5":1,"6":1,"7":0,"8":0,"9":0,"10":0,"11":1,"12":1,"13":1,"14":1,"15":1,"16":1,"17":1,"18":0,"19":0,"20":0,"21":0,"22":1,"23":0,"24":0,"25":0,"26":0,"27":0,"28":1,"29":0,"30":0,"31":0,"32":0,"33":0,"34":1,"35":0,"36":0,"37":0,"38":0,"39":0,"40":1,"41":0,"42":0,"43":0,"44":0,"45":0,"46":1,"47":0,"48":0,"49":0,"50":0,"51":0,"52":5,"53":5,"54":5,"55":5,"56":3,"57":1,"58":5,"59":1},"f":{"0":3,"1":1,"2":1,"3":0,"4":1,"5":0,"6":0,"7":0,"8":0,"9":0,"10":5,"11":1},"b":{"0":[3,3],"1":[1,1],"2":[1,1],"3":[0,1],"4":[0,0],"5":[1,0],"6":[1,0],"7":[1,0],"8":[0,1],"9":[0,0],"10":[0,0],"11":[0,1],"12":[0,0],"13":[0,0],"14":[0,1],"15":[0,0],"16":[0,0],"17":[0,1],"18":[0,0],"19":[0,0],"20":[0,1],"21":[0,0],"22":[0,0],"23":[0,1],"24":[0,0],"25":[0,0],"26":[5,5],"27":[1,2]},"meta":{"lastBranch":28,"lastFunction":12,"lastStatement":60,"seen":{"s:15:28:406:Infinity":0,"f:421:16:421:30":0,"s:422:17:422:Infinity":1,"b:422:17:422:28:422:28:422:Infinity":0,"s:423:2:423:Infinity":2,"f:437:16:437:30":1,"s:438:17:438:Infinity":3,"b:438:17:438:28:438:28:438:Infinity":1,"s:439:2:439:Infinity":4,"f:476:16:476:28":2,"s:477:17:477:Infinity":5,"b:477:17:477:28:477:28:477:Infinity":2,"b:480:2:488:Infinity:undefined:undefined:undefined:undefined":3,"s:480:2:488:Infinity":6,"s:481:4:487:Infinity":7,"f:481:49:481:50":3,"b:482:6:486:Infinity:undefined:undefined:undefined:undefined":4,"s:482:6:486:Infinity":8,"s:484:26:484:Infinity":9,"s:485:8:485:Infinity":10,"b:491:2:500:Infinity:undefined:undefined:undefined:undefined":5,"s:491:2:500:Infinity":11,"s:492:4:499:Infinity":12,"f:492:44:492:45":4,"b:493:6:498:Infinity:undefined:undefined:undefined:undefined":6,"s:493:6:498:Infinity":13,"s:494:26:494:Infinity":14,"b:495:8:497:Infinity:undefined:undefined:undefined:undefined":7,"s:495:8:497:Infinity":15,"s:496:10:496:Infinity":16,"b:503:2:516:Infinity:undefined:undefined:undefined:undefined":8,"s:503:2:516:Infinity":17,"b:504:4:509:Infinity:undefined:undefined:undefined:undefined":9,"s:504:4:509:Infinity":18,"s:505:6:507:Infinity":19,"b:510:4:515:Infinity:undefined:undefined:undefined:undefined":10,"s:510:4:515:Infinity":20,"s:511:6:513:Infinity":21,"b:519:2:528:Infinity:undefined:undefined:undefined:undefined":11,"s:519:2:528:Infinity":22,"s:520:4:527:Infinity":23,"f:520:46:520:47":5,"b:521:6:526:Infinity:undefined:undefined:undefined:undefined":12,"s:521:6:526:Infinity":24,"s:522:26:522:Infinity":25,"b:523:8:525:Infinity:undefined:undefined:undefined:undefined":13,"s:523:8:525:Infinity":26,"s:524:10:524:Infinity":27,"b:531:2:540:Infinity:undefined:undefined:undefined:undefined":14,"s:531:2:540:Infinity":28,"s:532:4:539:Infinity":29,"f:532:45:532:46":6,"b:533:6:538:Infinity:undefined:undefined:undefined:undefined":15,"s:533:6:538:Infinity":30,"s:534:26:534:Infinity":31,"b:535:8:537:Infinity:undefined:undefined:undefined:undefined":16,"s:535:8:537:Infinity":32,"s:536:10:536:Infinity":33,"b:543:2:552:Infinity:undefined:undefined:undefined:undefined":17,"s:543:2:552:Infinity":34,"s:544:4:551:Infinity":35,"f:544:45:544:46":7,"b:545:6:550:Infinity:undefined:undefined:undefined:undefined":18,"s:545:6:550:Infinity":36,"s:546:26:546:Infinity":37,"b:547:8:549:Infinity:undefined:undefined:undefined:undefined":19,"s:547:8:549:Infinity":38,"s:548:10:548:Infinity":39,"b:555:2:564:Infinity:undefined:undefined:undefined:undefined":20,"s:555:2:564:Infinity":40,"s:556:4:563:Infinity":41,"f:556:49:556:50":8,"b:557:6:562:Infinity:undefined:undefined:undefined:undefined":21,"s:557:6:562:Infinity":42,"s:558:26:558:Infinity":43,"b:559:8:561:Infinity:undefined:undefined:undefined:undefined":22,"s:559:8:561:Infinity":44,"s:560:10:560:Infinity":45,"b:567:2:576:Infinity:undefined:undefined:undefined:undefined":23,"s:567:2:576:Infinity":46,"s:568:4:575:Infinity":47,"f:568:45:568:46":9,"b:569:6:574:Infinity:undefined:undefined:undefined:undefined":24,"s:569:6:574:Infinity":48,"s:570:26:570:Infinity":49,"b:571:8:573:Infinity:undefined:undefined:undefined:undefined":25,"s:571:8:573:Infinity":50,"s:572:10:572:Infinity":51,"f:588:16:588:27":10,"s:589:17:589:Infinity":52,"b:589:17:589:28:589:28:589:Infinity":26,"s:593:23:593:Infinity":53,"s:594:39:594:Infinity":54,"s:597:2:601:Infinity":55,"b:598:4:600:Infinity:undefined:undefined:undefined:undefined":27,"s:598:4:600:Infinity":56,"s:599:6:599:Infinity":57,"s:604:2:606:Infinity":58,"f:604:29:604:30":11,"s:605:4:605:Infinity":59}}}
}
