<?xml version="1.0" encoding="UTF-8"?>
<coverage generated="1770716891041" clover="3.2.0">
  <project timestamp="1770716891041" name="All files">
    <metrics statements="177" coveredstatements="163" conditionals="192" coveredconditionals="143" methods="26" coveredmethods="22" elements="395" coveredelements="328" complexity="0" loc="177" ncloc="177" packages="4" files="8" classes="8"/>
    <package name="badge">
      <metrics statements="45" coveredstatements="43" conditionals="48" coveredconditionals="37" methods="5" coveredmethods="5"/>
      <file name="badge.component.html" path="/home/runner/work/academic-unir-tesis/academic-unir-tesis/projects/ui/src/lib/atoms/badge/badge.component.html">
        <metrics statements="15" coveredstatements="15" conditionals="6" coveredconditionals="6" methods="1" coveredmethods="1"/>
        <line num="1" count="39" type="stmt"/>
        <line num="3" count="70" type="cond" truecount="2" falsecount="0"/>
        <line num="4" count="4" type="stmt"/>
        <line num="7" count="39" type="stmt"/>
        <line num="8" count="66" type="cond" truecount="2" falsecount="0"/>
        <line num="9" count="6" type="stmt"/>
        <line num="11" count="39" type="stmt"/>
        <line num="13" count="39" type="stmt"/>
        <line num="16" count="66" type="cond" truecount="2" falsecount="0"/>
        <line num="17" count="9" type="stmt"/>
        <line num="21" count="2" type="stmt"/>
        <line num="23" count="9" type="stmt"/>
        <line num="29" count="9" type="stmt"/>
        <line num="32" count="9" type="stmt"/>
        <line num="36" count="39" type="stmt"/>
      </file>
      <file name="badge.component.ts" path="/home/runner/work/academic-unir-tesis/academic-unir-tesis/projects/ui/src/lib/atoms/badge/badge.component.ts">
        <metrics statements="30" coveredstatements="28" conditionals="42" coveredconditionals="31" methods="4" coveredmethods="4"/>
        <line num="65" count="109" type="cond" truecount="10" falsecount="0"/>
        <line num="70" count="39" type="cond" truecount="1" falsecount="1"/>
        <line num="76" count="39" type="cond" truecount="1" falsecount="1"/>
        <line num="82" count="39" type="cond" truecount="1" falsecount="1"/>
        <line num="88" count="39" type="cond" truecount="1" falsecount="1"/>
        <line num="94" count="39" type="cond" truecount="1" falsecount="1"/>
        <line num="101" count="39" type="cond" truecount="1" falsecount="1"/>
        <line num="108" count="39" type="cond" truecount="1" falsecount="1"/>
        <line num="113" count="39" type="stmt"/>
        <line num="118" count="39" type="stmt"/>
        <line num="119" count="6" type="stmt"/>
        <line num="120" count="6" type="stmt"/>
        <line num="123" count="6" type="cond" truecount="1" falsecount="1"/>
        <line num="124" count="0" type="stmt"/>
        <line num="128" count="6" type="cond" truecount="1" falsecount="1"/>
        <line num="129" count="0" type="stmt"/>
        <line num="133" count="6" type="cond" truecount="2" falsecount="0"/>
        <line num="134" count="4" type="stmt"/>
        <line num="135" count="4" type="cond" truecount="4" falsecount="0"/>
        <line num="136" count="1" type="stmt"/>
        <line num="140" count="5" type="stmt"/>
        <line num="146" count="39" type="stmt"/>
        <line num="147" count="52" type="stmt"/>
        <line num="149" count="52" type="cond" truecount="2" falsecount="0"/>
        <line num="150" count="4" type="stmt"/>
        <line num="153" count="52" type="cond" truecount="2" falsecount="0"/>
        <line num="154" count="9" type="stmt"/>
        <line num="157" count="52" type="stmt"/>
        <line num="164" count="2" type="stmt"/>
        <line num="165" count="2" type="stmt"/>
      </file>
    </package>
    <package name="button">
      <metrics statements="41" coveredstatements="36" conditionals="49" coveredconditionals="35" methods="5" coveredmethods="5"/>
      <file name="button.component.html" path="/home/runner/work/academic-unir-tesis/academic-unir-tesis/projects/ui/src/lib/atoms/button/button.component.html">
        <metrics statements="16" coveredstatements="15" conditionals="6" coveredconditionals="5" methods="1" coveredmethods="1"/>
        <line num="1" count="34" type="stmt"/>
        <line num="2" count="59" type="cond" truecount="2" falsecount="0"/>
        <line num="5" count="34" type="stmt"/>
        <line num="8" count="34" type="stmt"/>
        <line num="9" count="34" type="stmt"/>
        <line num="10" count="34" type="stmt"/>
        <line num="13" count="59" type="cond" truecount="2" falsecount="0"/>
        <line num="14" count="4" type="stmt"/>
        <line num="18" count="59" type="stmt"/>
        <line num="19" count="59" type="cond" truecount="1" falsecount="1"/>
        <line num="20" count="0" type="stmt"/>
        <line num="22" count="34" type="stmt"/>
        <line num="24" count="34" type="stmt"/>
        <line num="27" count="34" type="stmt"/>
        <line num="28" count="34" type="stmt"/>
        <line num="29" count="34" type="stmt"/>
      </file>
      <file name="button.component.ts" path="/home/runner/work/academic-unir-tesis/academic-unir-tesis/projects/ui/src/lib/atoms/button/button.component.ts">
        <metrics statements="25" coveredstatements="21" conditionals="43" coveredconditionals="30" methods="4" coveredmethods="4"/>
        <line num="68" count="95" type="cond" truecount="10" falsecount="0"/>
        <line num="73" count="34" type="cond" truecount="1" falsecount="1"/>
        <line num="79" count="34" type="cond" truecount="1" falsecount="1"/>
        <line num="85" count="34" type="cond" truecount="1" falsecount="1"/>
        <line num="91" count="34" type="cond" truecount="1" falsecount="1"/>
        <line num="97" count="34" type="cond" truecount="1" falsecount="1"/>
        <line num="103" count="34" type="cond" truecount="1" falsecount="1"/>
        <line num="109" count="34" type="cond" truecount="1" falsecount="1"/>
        <line num="115" count="34" type="cond" truecount="1" falsecount="1"/>
        <line num="121" count="34" type="cond" truecount="1" falsecount="1"/>
        <line num="126" count="34" type="stmt"/>
        <line num="131" count="34" type="cond" truecount="1" falsecount="1"/>
        <line num="136" count="34" type="stmt"/>
        <line num="137" count="40" type="stmt"/>
        <line num="139" count="40" type="cond" truecount="1" falsecount="1"/>
        <line num="140" count="0" type="stmt"/>
        <line num="143" count="40" type="cond" truecount="4" falsecount="0"/>
        <line num="144" count="5" type="stmt"/>
        <line num="147" count="40" type="stmt"/>
        <line num="154" count="2" type="cond" truecount="4" falsecount="1"/>
        <line num="155" count="0" type="stmt"/>
        <line num="156" count="0" type="stmt"/>
        <line num="157" count="0" type="stmt"/>
        <line num="160" count="2" type="stmt"/>
        <line num="168" count="2" type="stmt"/>
      </file>
    </package>
    <package name="chip">
      <metrics statements="34" coveredstatements="33" conditionals="32" coveredconditionals="25" methods="6" coveredmethods="6"/>
      <file name="chip.component.html" path="/home/runner/work/academic-unir-tesis/academic-unir-tesis/projects/ui/src/lib/atoms/chip/chip.component.html">
        <metrics statements="14" coveredstatements="14" conditionals="2" coveredconditionals="2" methods="2" coveredmethods="2"/>
        <line num="1" count="35" type="stmt"/>
        <line num="4" count="66" type="stmt"/>
        <line num="7" count="35" type="stmt"/>
        <line num="11" count="35" type="stmt"/>
        <line num="12" count="35" type="stmt"/>
        <line num="13" count="35" type="stmt"/>
        <line num="16" count="35" type="stmt"/>
        <line num="17" count="66" type="cond" truecount="2" falsecount="0"/>
        <line num="18" count="1" type="stmt"/>
        <line num="20" count="35" type="stmt"/>
        <line num="22" count="35" type="stmt"/>
        <line num="25" count="35" type="stmt"/>
        <line num="26" count="35" type="stmt"/>
        <line num="27" count="35" type="stmt"/>
      </file>
      <file name="chip.component.ts" path="/home/runner/work/academic-unir-tesis/academic-unir-tesis/projects/ui/src/lib/atoms/chip/chip.component.ts">
        <metrics statements="20" coveredstatements="19" conditionals="30" coveredconditionals="23" methods="4" coveredmethods="4"/>
        <line num="91" count="101" type="cond" truecount="10" falsecount="0"/>
        <line num="96" count="35" type="cond" truecount="1" falsecount="1"/>
        <line num="102" count="35" type="cond" truecount="1" falsecount="1"/>
        <line num="109" count="35" type="cond" truecount="1" falsecount="1"/>
        <line num="116" count="35" type="cond" truecount="1" falsecount="1"/>
        <line num="122" count="35" type="cond" truecount="1" falsecount="1"/>
        <line num="128" count="35" type="stmt"/>
        <line num="134" count="35" type="stmt"/>
        <line num="140" count="35" type="stmt"/>
        <line num="141" count="35" type="stmt"/>
        <line num="150" count="9" type="cond" truecount="1" falsecount="1"/>
        <line num="151" count="0" type="stmt"/>
        <line num="154" count="9" type="stmt"/>
        <line num="155" count="9" type="stmt"/>
        <line num="156" count="9" type="stmt"/>
        <line num="164" count="6" type="cond" truecount="2" falsecount="0"/>
        <line num="165" count="1" type="stmt"/>
        <line num="169" count="5" type="cond" truecount="4" falsecount="0"/>
        <line num="170" count="4" type="stmt"/>
        <line num="171" count="4" type="stmt"/>
      </file>
    </package>
    <package name="input">
      <metrics statements="57" coveredstatements="51" conditionals="63" coveredconditionals="46" methods="10" coveredmethods="6"/>
      <file name="input.component.html" path="/home/runner/work/academic-unir-tesis/academic-unir-tesis/projects/ui/src/lib/atoms/input/input.component.html">
        <metrics statements="23" coveredstatements="21" conditionals="11" coveredconditionals="11" methods="4" coveredmethods="2"/>
        <line num="1" count="15" type="cond" truecount="2" falsecount="0"/>
        <line num="2" count="3" type="stmt"/>
        <line num="3" count="5" type="stmt"/>
        <line num="4" count="3" type="stmt"/>
        <line num="6" count="7" type="stmt"/>
        <line num="8" count="7" type="stmt"/>
        <line num="9" count="7" type="stmt"/>
        <line num="10" count="7" type="stmt"/>
        <line num="12" count="15" type="stmt"/>
        <line num="20" count="7" type="stmt"/>
        <line num="21" count="0" type="stmt"/>
        <line num="26" count="7" type="stmt"/>
        <line num="27" count="7" type="stmt"/>
        <line num="28" count="7" type="stmt"/>
        <line num="29" count="15" type="cond" truecount="5" falsecount="0"/>
        <line num="30" count="1" type="stmt"/>
        <line num="31" count="1" type="stmt"/>
        <line num="32" count="1" type="stmt"/>
        <line num="34" count="7" type="stmt"/>
        <line num="35" count="15" type="cond" truecount="2" falsecount="0"/>
        <line num="36" count="1" type="stmt"/>
        <line num="38" count="15" type="cond" truecount="2" falsecount="0"/>
        <line num="39" count="0" type="stmt"/>
      </file>
      <file name="input.component.ts" path="/home/runner/work/academic-unir-tesis/academic-unir-tesis/projects/ui/src/lib/atoms/input/input.component.ts">
        <metrics statements="34" coveredstatements="30" conditionals="52" coveredconditionals="35" methods="6" coveredmethods="4"/>
        <line num="21" count="22" type="cond" truecount="15" falsecount="1"/>
        <line num="23" count="7" type="stmt"/>
        <line num="26" count="7" type="cond" truecount="1" falsecount="1"/>
        <line num="29" count="7" type="cond" truecount="1" falsecount="1"/>
        <line num="32" count="7" type="cond" truecount="1" falsecount="1"/>
        <line num="35" count="7" type="cond" truecount="1" falsecount="1"/>
        <line num="38" count="7" type="cond" truecount="1" falsecount="1"/>
        <line num="41" count="7" type="cond" truecount="1" falsecount="1"/>
        <line num="44" count="7" type="cond" truecount="1" falsecount="1"/>
        <line num="47" count="7" type="cond" truecount="1" falsecount="1"/>
        <line num="50" count="7" type="cond" truecount="1" falsecount="1"/>
        <line num="53" count="7" type="cond" truecount="1" falsecount="1"/>
        <line num="56" count="7" type="cond" truecount="1" falsecount="1"/>
        <line num="59" count="7" type="cond" truecount="1" falsecount="1"/>
        <line num="62" count="7" type="stmt"/>
        <line num="65" count="7" type="stmt"/>
        <line num="68" count="7" type="stmt"/>
        <line num="71" count="7" type="stmt"/>
        <line num="74" count="7" type="cond" truecount="1" falsecount="1"/>
        <line num="77" count="7" type="stmt"/>
        <line num="78" count="9" type="stmt"/>
        <line num="79" count="9" type="cond" truecount="1" falsecount="1"/>
        <line num="80" count="9" type="cond" truecount="2" falsecount="0"/>
        <line num="81" count="9" type="cond" truecount="2" falsecount="0"/>
        <line num="82" count="9" type="cond" truecount="1" falsecount="1"/>
        <line num="83" count="9" type="stmt"/>
        <line num="88" count="1" type="stmt"/>
        <line num="89" count="1" type="stmt"/>
        <line num="94" count="0" type="stmt"/>
        <line num="95" count="0" type="stmt"/>
        <line num="100" count="0" type="stmt"/>
        <line num="101" count="0" type="stmt"/>
        <line num="106" count="1" type="stmt"/>
        <line num="107" count="1" type="stmt"/>
      </file>
    </package>
  </project>
</coverage>
