<?xml version="1.0" encoding="UTF-8"?>
<coverage generated="1771920766107" clover="3.2.0">
  <project timestamp="1771920766107" name="All files">
    <metrics statements="895" coveredstatements="854" conditionals="884" coveredconditionals="649" methods="159" coveredmethods="139" elements="1938" coveredelements="1642" complexity="0" loc="895" ncloc="895" packages="23" files="46" classes="46"/>
    <package name="atoms.badge">
      <metrics statements="48" coveredstatements="46" conditionals="48" coveredconditionals="37" methods="5" coveredmethods="5"/>
      <file name="badge.component.html" path="/home/runner/work/academic-unir-tesis/academic-unir-tesis/projects/ui/src/lib/atoms/badge/badge.component.html">
        <metrics statements="18" coveredstatements="18" conditionals="6" coveredconditionals="6" methods="1" coveredmethods="1"/>
        <line num="1" count="41" type="stmt"/>
        <line num="3" count="72" type="cond" truecount="2" falsecount="0"/>
        <line num="4" count="4" type="stmt"/>
        <line num="7" count="41" type="stmt"/>
        <line num="8" count="68" type="cond" truecount="2" falsecount="0"/>
        <line num="9" count="6" type="stmt"/>
        <line num="11" count="41" type="stmt"/>
        <line num="13" count="41" type="stmt"/>
        <line num="16" count="68" type="cond" truecount="2" falsecount="0"/>
        <line num="17" count="10" type="stmt"/>
        <line num="21" count="2" type="stmt"/>
        <line num="23" count="10" type="stmt"/>
        <line num="24" count="10" type="stmt"/>
        <line num="25" count="10" type="stmt"/>
        <line num="26" count="10" type="stmt"/>
        <line num="33" count="10" type="stmt"/>
        <line num="36" count="10" type="stmt"/>
        <line num="40" count="41" type="stmt"/>
      </file>
      <file name="badge.component.ts" path="/home/runner/work/academic-unir-tesis/academic-unir-tesis/projects/ui/src/lib/atoms/badge/badge.component.ts">
        <metrics statements="30" coveredstatements="28" conditionals="42" coveredconditionals="31" methods="4" coveredmethods="4"/>
        <line num="65" count="114" type="cond" truecount="10" falsecount="0"/>
        <line num="70" count="41" type="cond" truecount="1" falsecount="1"/>
        <line num="76" count="41" type="cond" truecount="1" falsecount="1"/>
        <line num="82" count="41" type="cond" truecount="1" falsecount="1"/>
        <line num="88" count="41" type="cond" truecount="1" falsecount="1"/>
        <line num="94" count="41" type="cond" truecount="1" falsecount="1"/>
        <line num="101" count="41" type="cond" truecount="1" falsecount="1"/>
        <line num="108" count="41" type="cond" truecount="1" falsecount="1"/>
        <line num="113" count="41" type="stmt"/>
        <line num="118" count="41" type="stmt"/>
        <line num="119" count="6" type="stmt"/>
        <line num="120" count="6" type="stmt"/>
        <line num="123" count="6" type="cond" truecount="1" falsecount="1"/>
        <line num="124" count="0" type="stmt"/>
        <line num="128" count="6" type="cond" truecount="1" falsecount="1"/>
        <line num="129" count="0" type="stmt"/>
        <line num="133" count="6" type="cond" truecount="2" falsecount="0"/>
        <line num="134" count="4" type="stmt"/>
        <line num="135" count="4" type="cond" truecount="4" falsecount="0"/>
        <line num="136" count="1" type="stmt"/>
        <line num="140" count="5" type="stmt"/>
        <line num="146" count="41" type="stmt"/>
        <line num="147" count="54" type="stmt"/>
        <line num="149" count="54" type="cond" truecount="2" falsecount="0"/>
        <line num="150" count="4" type="stmt"/>
        <line num="153" count="54" type="cond" truecount="2" falsecount="0"/>
        <line num="154" count="10" type="stmt"/>
        <line num="157" count="54" type="stmt"/>
        <line num="164" count="2" type="stmt"/>
        <line num="165" count="2" type="stmt"/>
      </file>
    </package>
    <package name="atoms.button">
      <metrics statements="41" coveredstatements="36" conditionals="49" coveredconditionals="35" methods="5" coveredmethods="5"/>
      <file name="button.component.html" path="/home/runner/work/academic-unir-tesis/academic-unir-tesis/projects/ui/src/lib/atoms/button/button.component.html">
        <metrics statements="16" coveredstatements="15" conditionals="6" coveredconditionals="5" methods="1" coveredmethods="1"/>
        <line num="1" count="112" type="stmt"/>
        <line num="2" count="155" type="cond" truecount="2" falsecount="0"/>
        <line num="5" count="112" type="stmt"/>
        <line num="8" count="112" type="stmt"/>
        <line num="9" count="112" type="stmt"/>
        <line num="10" count="112" type="stmt"/>
        <line num="13" count="155" type="cond" truecount="2" falsecount="0"/>
        <line num="14" count="4" type="stmt"/>
        <line num="18" count="155" type="stmt"/>
        <line num="19" count="155" type="cond" truecount="1" falsecount="1"/>
        <line num="20" count="0" type="stmt"/>
        <line num="22" count="112" type="stmt"/>
        <line num="24" count="112" type="stmt"/>
        <line num="27" count="112" type="stmt"/>
        <line num="28" count="112" type="stmt"/>
        <line num="29" count="112" type="stmt"/>
      </file>
      <file name="button.component.ts" path="/home/runner/work/academic-unir-tesis/academic-unir-tesis/projects/ui/src/lib/atoms/button/button.component.ts">
        <metrics statements="25" coveredstatements="21" conditionals="43" coveredconditionals="30" methods="4" coveredmethods="4"/>
        <line num="68" count="317" type="cond" truecount="10" falsecount="0"/>
        <line num="73" count="112" type="cond" truecount="1" falsecount="1"/>
        <line num="79" count="112" type="cond" truecount="1" falsecount="1"/>
        <line num="85" count="112" type="cond" truecount="1" falsecount="1"/>
        <line num="91" count="112" type="cond" truecount="1" falsecount="1"/>
        <line num="97" count="112" type="cond" truecount="1" falsecount="1"/>
        <line num="103" count="112" type="cond" truecount="1" falsecount="1"/>
        <line num="109" count="112" type="cond" truecount="1" falsecount="1"/>
        <line num="115" count="112" type="cond" truecount="1" falsecount="1"/>
        <line num="121" count="112" type="cond" truecount="1" falsecount="1"/>
        <line num="126" count="112" type="stmt"/>
        <line num="131" count="112" type="cond" truecount="1" falsecount="1"/>
        <line num="136" count="112" type="stmt"/>
        <line num="137" count="118" type="stmt"/>
        <line num="139" count="118" type="cond" truecount="1" falsecount="1"/>
        <line num="140" count="0" type="stmt"/>
        <line num="143" count="118" type="cond" truecount="4" falsecount="0"/>
        <line num="144" count="5" type="stmt"/>
        <line num="147" count="118" type="stmt"/>
        <line num="154" count="14" type="cond" truecount="4" falsecount="1"/>
        <line num="155" count="0" type="stmt"/>
        <line num="156" count="0" type="stmt"/>
        <line num="157" count="0" type="stmt"/>
        <line num="160" count="14" type="stmt"/>
        <line num="168" count="2" type="stmt"/>
      </file>
    </package>
    <package name="atoms.chip">
      <metrics statements="34" coveredstatements="33" conditionals="32" coveredconditionals="25" methods="6" coveredmethods="6"/>
      <file name="chip.component.html" path="/home/runner/work/academic-unir-tesis/academic-unir-tesis/projects/ui/src/lib/atoms/chip/chip.component.html">
        <metrics statements="14" coveredstatements="14" conditionals="2" coveredconditionals="2" methods="2" coveredmethods="2"/>
        <line num="1" count="86" type="stmt"/>
        <line num="4" count="118" type="stmt"/>
        <line num="7" count="86" type="stmt"/>
        <line num="11" count="86" type="stmt"/>
        <line num="12" count="86" type="stmt"/>
        <line num="13" count="86" type="stmt"/>
        <line num="16" count="86" type="stmt"/>
        <line num="17" count="118" type="cond" truecount="2" falsecount="0"/>
        <line num="18" count="1" type="stmt"/>
        <line num="20" count="86" type="stmt"/>
        <line num="22" count="86" type="stmt"/>
        <line num="25" count="86" type="stmt"/>
        <line num="26" count="86" type="stmt"/>
        <line num="27" count="86" type="stmt"/>
      </file>
      <file name="chip.component.ts" path="/home/runner/work/academic-unir-tesis/academic-unir-tesis/projects/ui/src/lib/atoms/chip/chip.component.ts">
        <metrics statements="20" coveredstatements="19" conditionals="30" coveredconditionals="23" methods="4" coveredmethods="4"/>
        <line num="91" count="242" type="cond" truecount="10" falsecount="0"/>
        <line num="96" count="86" type="cond" truecount="1" falsecount="1"/>
        <line num="102" count="86" type="cond" truecount="1" falsecount="1"/>
        <line num="109" count="86" type="cond" truecount="1" falsecount="1"/>
        <line num="116" count="86" type="cond" truecount="1" falsecount="1"/>
        <line num="122" count="86" type="cond" truecount="1" falsecount="1"/>
        <line num="128" count="86" type="stmt"/>
        <line num="134" count="86" type="stmt"/>
        <line num="140" count="86" type="stmt"/>
        <line num="141" count="86" type="stmt"/>
        <line num="150" count="11" type="cond" truecount="1" falsecount="1"/>
        <line num="151" count="0" type="stmt"/>
        <line num="154" count="11" type="stmt"/>
        <line num="155" count="11" type="stmt"/>
        <line num="156" count="11" type="stmt"/>
        <line num="164" count="6" type="cond" truecount="2" falsecount="0"/>
        <line num="165" count="1" type="stmt"/>
        <line num="169" count="5" type="cond" truecount="4" falsecount="0"/>
        <line num="170" count="4" type="stmt"/>
        <line num="171" count="4" type="stmt"/>
      </file>
    </package>
    <package name="atoms.input">
      <metrics statements="80" coveredstatements="80" conditionals="79" coveredconditionals="61" methods="15" coveredmethods="15"/>
      <file name="input.component.html" path="/home/runner/work/academic-unir-tesis/academic-unir-tesis/projects/ui/src/lib/atoms/input/input.component.html">
        <metrics statements="25" coveredstatements="25" conditionals="8" coveredconditionals="8" methods="4" coveredmethods="4"/>
        <line num="1" count="50" type="cond" truecount="2" falsecount="0"/>
        <line num="2" count="6" type="stmt"/>
        <line num="3" count="9" type="stmt"/>
        <line num="4" count="6" type="stmt"/>
        <line num="6" count="28" type="stmt"/>
        <line num="8" count="28" type="stmt"/>
        <line num="9" count="28" type="stmt"/>
        <line num="10" count="28" type="stmt"/>
        <line num="12" count="50" type="stmt"/>
        <line num="20" count="28" type="stmt"/>
        <line num="21" count="1" type="stmt"/>
        <line num="27" count="28" type="stmt"/>
        <line num="28" count="28" type="stmt"/>
        <line num="29" count="28" type="stmt"/>
        <line num="30" count="50" type="cond" truecount="2" falsecount="0"/>
        <line num="31" count="8" type="stmt"/>
        <line num="32" count="8" type="stmt"/>
        <line num="33" count="8" type="stmt"/>
        <line num="34" count="8" type="stmt"/>
        <line num="35" count="8" type="stmt"/>
        <line num="38" count="28" type="stmt"/>
        <line num="39" count="50" type="cond" truecount="2" falsecount="0"/>
        <line num="40" count="2" type="stmt"/>
        <line num="42" count="50" type="cond" truecount="2" falsecount="0"/>
        <line num="43" count="1" type="stmt"/>
      </file>
      <file name="input.component.ts" path="/home/runner/work/academic-unir-tesis/academic-unir-tesis/projects/ui/src/lib/atoms/input/input.component.ts">
        <metrics statements="55" coveredstatements="55" conditionals="71" coveredconditionals="53" methods="11" coveredmethods="11"/>
        <line num="14" count="1" type="stmt"/>
        <line num="31" count="84" type="cond" truecount="16" falsecount="0"/>
        <line num="33" count="28" type="stmt"/>
        <line num="34" count="28" type="stmt"/>
        <line num="35" count="28" type="stmt"/>
        <line num="36" count="28" type="stmt"/>
        <line num="39" count="28" type="cond" truecount="1" falsecount="1"/>
        <line num="42" count="28" type="cond" truecount="1" falsecount="1"/>
        <line num="45" count="28" type="cond" truecount="1" falsecount="1"/>
        <line num="48" count="28" type="cond" truecount="1" falsecount="1"/>
        <line num="51" count="28" type="cond" truecount="1" falsecount="1"/>
        <line num="54" count="28" type="cond" truecount="1" falsecount="1"/>
        <line num="57" count="28" type="cond" truecount="1" falsecount="1"/>
        <line num="60" count="28" type="cond" truecount="1" falsecount="1"/>
        <line num="63" count="28" type="cond" truecount="1" falsecount="1"/>
        <line num="66" count="28" type="cond" truecount="1" falsecount="1"/>
        <line num="69" count="28" type="cond" truecount="1" falsecount="1"/>
        <line num="72" count="28" type="cond" truecount="1" falsecount="1"/>
        <line num="75" count="28" type="stmt"/>
        <line num="78" count="28" type="stmt"/>
        <line num="81" count="28" type="stmt"/>
        <line num="84" count="28" type="stmt"/>
        <line num="87" count="28" type="cond" truecount="1" falsecount="1"/>
        <line num="88" count="28" type="cond" truecount="1" falsecount="1"/>
        <line num="91" count="28" type="stmt"/>
        <line num="92" count="33" type="stmt"/>
        <line num="93" count="33" type="cond" truecount="2" falsecount="0"/>
        <line num="94" count="33" type="cond" truecount="2" falsecount="0"/>
        <line num="95" count="33" type="cond" truecount="2" falsecount="0"/>
        <line num="96" count="33" type="cond" truecount="2" falsecount="0"/>
        <line num="97" count="33" type="stmt"/>
        <line num="100" count="28" type="stmt"/>
        <line num="101" count="31" type="cond" truecount="2" falsecount="0"/>
        <line num="102" count="2" type="stmt"/>
        <line num="104" count="29" type="cond" truecount="2" falsecount="0"/>
        <line num="105" count="1" type="stmt"/>
        <line num="107" count="28" type="stmt"/>
        <line num="110" count="28" type="stmt"/>
        <line num="111" count="40" type="cond" truecount="3" falsecount="0"/>
        <line num="114" count="28" type="stmt"/>
        <line num="115" count="34" type="cond" truecount="2" falsecount="0"/>
        <line num="116" count="6" type="stmt"/>
        <line num="118" count="28" type="cond" truecount="2" falsecount="0"/>
        <line num="122" count="28" type="stmt"/>
        <line num="123" count="36" type="stmt"/>
        <line num="129" count="3" type="stmt"/>
        <line num="130" count="3" type="stmt"/>
        <line num="131" count="3" type="stmt"/>
        <line num="136" count="1" type="stmt"/>
        <line num="137" count="1" type="stmt"/>
        <line num="142" count="1" type="stmt"/>
        <line num="143" count="1" type="stmt"/>
        <line num="148" count="2" type="stmt"/>
        <line num="149" count="2" type="stmt"/>
        <line num="150" count="2" type="stmt"/>
      </file>
    </package>
    <package name="atoms.section-title">
      <metrics statements="14" coveredstatements="14" conditionals="24" coveredconditionals="18" methods="1" coveredmethods="1"/>
      <file name="section-title.component.html" path="/home/runner/work/academic-unir-tesis/academic-unir-tesis/projects/ui/src/lib/atoms/section-title/section-title.component.html">
        <metrics statements="7" coveredstatements="7" conditionals="2" coveredconditionals="2" methods="0" coveredmethods="0"/>
        <line num="1" count="28" type="stmt"/>
        <line num="2" count="33" type="stmt"/>
        <line num="3" count="28" type="stmt"/>
        <line num="5" count="33" type="cond" truecount="2" falsecount="0"/>
        <line num="6" count="18" type="stmt"/>
        <line num="7" count="18" type="stmt"/>
        <line num="11" count="18" type="stmt"/>
      </file>
      <file name="section-title.component.ts" path="/home/runner/work/academic-unir-tesis/academic-unir-tesis/projects/ui/src/lib/atoms/section-title/section-title.component.ts">
        <metrics statements="7" coveredstatements="7" conditionals="22" coveredconditionals="16" methods="1" coveredmethods="1"/>
        <line num="21" count="78" type="cond" truecount="10" falsecount="0"/>
        <line num="22" count="28" type="cond" truecount="1" falsecount="1"/>
        <line num="23" count="28" type="cond" truecount="1" falsecount="1"/>
        <line num="24" count="28" type="cond" truecount="1" falsecount="1"/>
        <line num="25" count="28" type="cond" truecount="1" falsecount="1"/>
        <line num="26" count="28" type="cond" truecount="1" falsecount="1"/>
        <line num="27" count="28" type="cond" truecount="1" falsecount="1"/>
      </file>
    </package>
    <package name="molecules.casino.casino-catalog-header">
      <metrics statements="28" coveredstatements="28" conditionals="32" coveredconditionals="25" methods="4" coveredmethods="4"/>
      <file name="casino-catalog-header.component.html" path="/home/runner/work/academic-unir-tesis/academic-unir-tesis/projects/ui/src/lib/molecules/casino/casino-catalog-header/casino-catalog-header.component.html">
        <metrics statements="14" coveredstatements="14" conditionals="4" coveredconditionals="4" methods="1" coveredmethods="1"/>
        <line num="1" count="10" type="stmt"/>
        <line num="2" count="12" type="cond" truecount="2" falsecount="0"/>
        <line num="3" count="7" type="stmt"/>
        <line num="5" count="9" type="stmt"/>
        <line num="7" count="2" type="stmt"/>
        <line num="8" count="7" type="stmt"/>
        <line num="11" count="10" type="stmt"/>
        <line num="12" count="12" type="stmt"/>
        <line num="14" count="12" type="cond" truecount="2" falsecount="0"/>
        <line num="15" count="2" type="stmt"/>
        <line num="17" count="10" type="stmt"/>
        <line num="19" count="10" type="stmt"/>
        <line num="20" count="10" type="stmt"/>
        <line num="21" count="10" type="stmt"/>
      </file>
      <file name="casino-catalog-header.component.ts" path="/home/runner/work/academic-unir-tesis/academic-unir-tesis/projects/ui/src/lib/molecules/casino/casino-catalog-header/casino-catalog-header.component.ts">
        <metrics statements="14" coveredstatements="14" conditionals="28" coveredconditionals="21" methods="3" coveredmethods="3"/>
        <line num="19" count="22" type="cond" truecount="10" falsecount="0"/>
        <line num="20" count="10" type="cond" truecount="1" falsecount="1"/>
        <line num="21" count="10" type="cond" truecount="1" falsecount="1"/>
        <line num="22" count="10" type="cond" truecount="1" falsecount="1"/>
        <line num="23" count="10" type="cond" truecount="1" falsecount="1"/>
        <line num="24" count="10" type="cond" truecount="1" falsecount="1"/>
        <line num="25" count="10" type="cond" truecount="1" falsecount="1"/>
        <line num="27" count="10" type="stmt"/>
        <line num="29" count="10" type="stmt"/>
        <line num="30" count="11" type="stmt"/>
        <line num="31" count="11" type="cond" truecount="4" falsecount="0"/>
        <line num="32" count="9" type="stmt"/>
        <line num="34" count="2" type="stmt"/>
        <line num="38" count="2" type="stmt"/>
      </file>
    </package>
    <package name="molecules.casino.casino-game-card">
      <metrics statements="55" coveredstatements="55" conditionals="49" coveredconditionals="37" methods="6" coveredmethods="6"/>
      <file name="casino-game-card.component.html" path="/home/runner/work/academic-unir-tesis/academic-unir-tesis/projects/ui/src/lib/molecules/casino/casino-game-card/casino-game-card.component.html">
        <metrics statements="32" coveredstatements="32" conditionals="6" coveredconditionals="6" methods="2" coveredmethods="2"/>
        <line num="1" count="44" type="stmt"/>
        <line num="3" count="53" type="cond" truecount="2" falsecount="0"/>
        <line num="4" count="44" type="stmt"/>
        <line num="6" count="52" type="stmt"/>
        <line num="13" count="1" type="stmt"/>
        <line num="16" count="44" type="stmt"/>
        <line num="17" count="44" type="stmt"/>
        <line num="19" count="53" type="cond" truecount="2" falsecount="0"/>
        <line num="20" count="44" type="stmt"/>
        <line num="23" count="52" type="stmt"/>
        <line num="26" count="4" type="stmt"/>
        <line num="28" count="44" type="stmt"/>
        <line num="29" count="44" type="stmt"/>
        <line num="30" count="44" type="stmt"/>
        <line num="31" count="44" type="stmt"/>
        <line num="32" count="44" type="stmt"/>
        <line num="43" count="44" type="stmt"/>
        <line num="46" count="44" type="stmt"/>
        <line num="50" count="44" type="stmt"/>
        <line num="52" count="44" type="stmt"/>
        <line num="56" count="53" type="stmt"/>
        <line num="58" count="44" type="stmt"/>
        <line num="60" count="44" type="stmt"/>
        <line num="61" count="44" type="stmt"/>
        <line num="62" count="44" type="stmt"/>
        <line num="63" count="53" type="stmt"/>
        <line num="64" count="44" type="stmt"/>
        <line num="68" count="44" type="stmt"/>
        <line num="69" count="53" type="stmt"/>
        <line num="70" count="53" type="cond" truecount="2" falsecount="0"/>
        <line num="71" count="48" type="stmt"/>
        <line num="73" count="44" type="stmt"/>
      </file>
      <file name="casino-game-card.component.ts" path="/home/runner/work/academic-unir-tesis/academic-unir-tesis/projects/ui/src/lib/molecules/casino/casino-game-card/casino-game-card.component.ts">
        <metrics statements="23" coveredstatements="23" conditionals="43" coveredconditionals="31" methods="4" coveredmethods="4"/>
        <line num="21" count="117" type="cond" truecount="12" falsecount="0"/>
        <line num="22" count="44" type="cond" truecount="1" falsecount="1"/>
        <line num="23" count="44" type="cond" truecount="1" falsecount="1"/>
        <line num="24" count="44" type="cond" truecount="1" falsecount="1"/>
        <line num="25" count="44" type="cond" truecount="1" falsecount="1"/>
        <line num="26" count="44" type="cond" truecount="1" falsecount="1"/>
        <line num="27" count="44" type="cond" truecount="1" falsecount="1"/>
        <line num="28" count="44" type="cond" truecount="1" falsecount="1"/>
        <line num="29" count="44" type="cond" truecount="1" falsecount="1"/>
        <line num="30" count="44" type="cond" truecount="1" falsecount="1"/>
        <line num="32" count="44" type="cond" truecount="1" falsecount="1"/>
        <line num="33" count="44" type="cond" truecount="1" falsecount="1"/>
        <line num="35" count="44" type="stmt"/>
        <line num="36" count="44" type="stmt"/>
        <line num="38" count="45" type="cond" truecount="4" falsecount="1"/>
        <line num="41" count="5" type="stmt"/>
        <line num="42" count="5" type="cond" truecount="2" falsecount="0"/>
        <line num="43" count="1" type="stmt"/>
        <line num="45" count="4" type="stmt"/>
        <line num="49" count="4" type="stmt"/>
        <line num="50" count="4" type="cond" truecount="2" falsecount="0"/>
        <line num="51" count="1" type="stmt"/>
        <line num="53" count="3" type="stmt"/>
      </file>
    </package>
    <package name="molecules.casino.casino-provider-carousel">
      <metrics statements="34" coveredstatements="33" conditionals="34" coveredconditionals="26" methods="6" coveredmethods="6"/>
      <file name="casino-provider-carousel.component.html" path="/home/runner/work/academic-unir-tesis/academic-unir-tesis/projects/ui/src/lib/molecules/casino/casino-provider-carousel/casino-provider-carousel.component.html">
        <metrics statements="21" coveredstatements="21" conditionals="4" coveredconditionals="4" methods="2" coveredmethods="2"/>
        <line num="1" count="6" type="stmt"/>
        <line num="2" count="8" type="cond" truecount="2" falsecount="0"/>
        <line num="3" count="1" type="stmt"/>
        <line num="5" count="6" type="stmt"/>
        <line num="8" count="7" type="stmt"/>
        <line num="9" count="7" type="stmt"/>
        <line num="11" count="7" type="stmt"/>
        <line num="12" count="13" type="stmt"/>
        <line num="16" count="13" type="stmt"/>
        <line num="19" count="1" type="stmt"/>
        <line num="21" count="13" type="stmt"/>
        <line num="23" count="13" type="stmt"/>
        <line num="29" count="13" type="stmt"/>
        <line num="34" count="7" type="cond" truecount="2" falsecount="0"/>
        <line num="35" count="12" type="stmt"/>
        <line num="36" count="12" type="stmt"/>
        <line num="38" count="12" type="stmt"/>
        <line num="40" count="12" type="stmt"/>
        <line num="46" count="12" type="stmt"/>
        <line num="51" count="6" type="stmt"/>
        <line num="54" count="6" type="stmt"/>
      </file>
      <file name="casino-provider-carousel.component.ts" path="/home/runner/work/academic-unir-tesis/academic-unir-tesis/projects/ui/src/lib/molecules/casino/casino-provider-carousel/casino-provider-carousel.component.ts">
        <metrics statements="13" coveredstatements="12" conditionals="30" coveredconditionals="22" methods="4" coveredmethods="4"/>
        <line num="24" count="14" type="cond" truecount="12" falsecount="0"/>
        <line num="25" count="6" type="cond" truecount="1" falsecount="1"/>
        <line num="26" count="6" type="cond" truecount="1" falsecount="1"/>
        <line num="27" count="6" type="cond" truecount="1" falsecount="1"/>
        <line num="28" count="6" type="cond" truecount="1" falsecount="1"/>
        <line num="29" count="6" type="cond" truecount="1" falsecount="1"/>
        <line num="30" count="6" type="cond" truecount="1" falsecount="1"/>
        <line num="32" count="6" type="stmt"/>
        <line num="34" count="8" type="cond" truecount="1" falsecount="1"/>
        <line num="37" count="13" type="cond" truecount="2" falsecount="0"/>
        <line num="41" count="1" type="cond" truecount="1" falsecount="1"/>
        <line num="42" count="0" type="stmt"/>
        <line num="44" count="1" type="stmt"/>
      </file>
    </package>
    <package name="molecules.casino.casino-search-bar">
      <metrics statements="47" coveredstatements="46" conditionals="30" coveredconditionals="22" methods="11" coveredmethods="11"/>
      <file name="casino-search-bar.component.html" path="/home/runner/work/academic-unir-tesis/academic-unir-tesis/projects/ui/src/lib/molecules/casino/casino-search-bar/casino-search-bar.component.html">
        <metrics statements="19" coveredstatements="19" conditionals="0" coveredconditionals="0" methods="4" coveredmethods="4"/>
        <line num="1" count="8" type="stmt"/>
        <line num="5" count="8" type="stmt"/>
        <line num="7" count="8" type="stmt"/>
        <line num="11" count="18" type="stmt"/>
        <line num="15" count="8" type="stmt"/>
        <line num="18" count="8" type="stmt"/>
        <line num="19" count="8" type="stmt"/>
        <line num="30" count="8" type="stmt"/>
        <line num="32" count="8" type="stmt"/>
        <line num="36" count="8" type="stmt"/>
        <line num="41" count="18" type="stmt"/>
        <line num="42" count="18" type="stmt"/>
        <line num="43" count="8" type="stmt"/>
        <line num="45" count="8" type="stmt"/>
        <line num="46" count="8" type="stmt"/>
        <line num="57" count="8" type="stmt"/>
        <line num="60" count="8" type="stmt"/>
        <line num="62" count="18" type="stmt"/>
        <line num="63" count="8" type="stmt"/>
      </file>
      <file name="casino-search-bar.component.ts" path="/home/runner/work/academic-unir-tesis/academic-unir-tesis/projects/ui/src/lib/molecules/casino/casino-search-bar/casino-search-bar.component.ts">
        <metrics statements="28" coveredstatements="27" conditionals="30" coveredconditionals="22" methods="7" coveredmethods="7"/>
        <line num="17" count="26" type="cond" truecount="12" falsecount="0"/>
        <line num="18" count="8" type="cond" truecount="1" falsecount="1"/>
        <line num="19" count="8" type="cond" truecount="1" falsecount="1"/>
        <line num="20" count="8" type="cond" truecount="1" falsecount="1"/>
        <line num="21" count="8" type="cond" truecount="1" falsecount="1"/>
        <line num="22" count="8" type="cond" truecount="1" falsecount="1"/>
        <line num="23" count="8" type="cond" truecount="1" falsecount="1"/>
        <line num="25" count="8" type="stmt"/>
        <line num="26" count="8" type="stmt"/>
        <line num="27" count="8" type="stmt"/>
        <line num="28" count="8" type="stmt"/>
        <line num="29" count="8" type="stmt"/>
        <line num="31" count="8" type="cond" truecount="1" falsecount="1"/>
        <line num="34" count="8" type="stmt"/>
        <line num="35" count="11" type="stmt"/>
        <line num="40" count="2" type="stmt"/>
        <line num="41" count="2" type="stmt"/>
        <line num="42" count="2" type="stmt"/>
        <line num="46" count="1" type="stmt"/>
        <line num="47" count="1" type="stmt"/>
        <line num="48" count="1" type="stmt"/>
        <line num="52" count="2" type="stmt"/>
        <line num="53" count="2" type="cond" truecount="2" falsecount="0"/>
        <line num="54" count="1" type="stmt"/>
        <line num="56" count="1" type="stmt"/>
        <line num="60" count="1" type="cond" truecount="1" falsecount="1"/>
        <line num="61" count="0" type="stmt"/>
        <line num="63" count="1" type="stmt"/>
      </file>
    </package>
    <package name="molecules.casino.lucky-picker">
      <metrics statements="27" coveredstatements="26" conditionals="36" coveredconditionals="26" methods="4" coveredmethods="4"/>
      <file name="lucky-picker.component.html" path="/home/runner/work/academic-unir-tesis/academic-unir-tesis/projects/ui/src/lib/molecules/casino/lucky-picker/lucky-picker.component.html">
        <metrics statements="12" coveredstatements="12" conditionals="2" coveredconditionals="2" methods="1" coveredmethods="1"/>
        <line num="1" count="6" type="stmt"/>
        <line num="3" count="10" type="stmt"/>
        <line num="4" count="10" type="cond" truecount="2" falsecount="0"/>
        <line num="5" count="9" type="stmt"/>
        <line num="7" count="6" type="stmt"/>
        <line num="9" count="6" type="stmt"/>
        <line num="11" count="10" type="stmt"/>
        <line num="15" count="10" type="stmt"/>
        <line num="16" count="6" type="stmt"/>
        <line num="18" count="6" type="stmt"/>
        <line num="19" count="10" type="stmt"/>
        <line num="20" count="6" type="stmt"/>
      </file>
      <file name="lucky-picker.component.ts" path="/home/runner/work/academic-unir-tesis/academic-unir-tesis/projects/ui/src/lib/molecules/casino/lucky-picker/lucky-picker.component.ts">
        <metrics statements="15" coveredstatements="14" conditionals="34" coveredconditionals="24" methods="3" coveredmethods="3"/>
        <line num="21" count="16" type="cond" truecount="12" falsecount="0"/>
        <line num="22" count="6" type="cond" truecount="1" falsecount="1"/>
        <line num="23" count="6" type="cond" truecount="1" falsecount="1"/>
        <line num="24" count="6" type="cond" truecount="1" falsecount="1"/>
        <line num="25" count="6" type="cond" truecount="1" falsecount="1"/>
        <line num="26" count="6" type="cond" truecount="1" falsecount="1"/>
        <line num="27" count="6" type="cond" truecount="1" falsecount="1"/>
        <line num="29" count="6" type="cond" truecount="1" falsecount="1"/>
        <line num="30" count="6" type="cond" truecount="1" falsecount="1"/>
        <line num="32" count="6" type="stmt"/>
        <line num="34" count="6" type="stmt"/>
        <line num="35" count="7" type="cond" truecount="2" falsecount="0"/>
        <line num="39" count="1" type="cond" truecount="1" falsecount="1"/>
        <line num="40" count="0" type="stmt"/>
        <line num="42" count="1" type="stmt"/>
      </file>
    </package>
    <package name="molecules.shared.breadcrumb">
      <metrics statements="28" coveredstatements="26" conditionals="26" coveredconditionals="21" methods="5" coveredmethods="5"/>
      <file name="breadcrumb.component.html" path="/home/runner/work/academic-unir-tesis/academic-unir-tesis/projects/ui/src/lib/molecules/shared/breadcrumb/breadcrumb.component.html">
        <metrics statements="15" coveredstatements="15" conditionals="4" coveredconditionals="4" methods="1" coveredmethods="1"/>
        <line num="1" count="13" type="stmt"/>
        <line num="3" count="14" type="stmt"/>
        <line num="4" count="38" type="stmt"/>
        <line num="5" count="41" type="cond" truecount="2" falsecount="0"/>
        <line num="6" count="25" type="stmt"/>
        <line num="9" count="3" type="stmt"/>
        <line num="11" count="27" type="stmt"/>
        <line num="12" count="25" type="stmt"/>
        <line num="14" count="13" type="stmt"/>
        <line num="19" count="14" type="stmt"/>
        <line num="20" count="13" type="stmt"/>
        <line num="23" count="41" type="cond" truecount="2" falsecount="0"/>
        <line num="24" count="27" type="stmt"/>
        <line num="26" count="38" type="stmt"/>
        <line num="28" count="13" type="stmt"/>
      </file>
      <file name="breadcrumb.component.ts" path="/home/runner/work/academic-unir-tesis/academic-unir-tesis/projects/ui/src/lib/molecules/shared/breadcrumb/breadcrumb.component.ts">
        <metrics statements="13" coveredstatements="11" conditionals="22" coveredconditionals="17" methods="4" coveredmethods="4"/>
        <line num="22" count="29" type="cond" truecount="10" falsecount="0"/>
        <line num="23" count="13" type="cond" truecount="1" falsecount="1"/>
        <line num="24" count="13" type="cond" truecount="1" falsecount="1"/>
        <line num="25" count="13" type="cond" truecount="1" falsecount="1"/>
        <line num="27" count="13" type="stmt"/>
        <line num="30" count="58" type="cond" truecount="1" falsecount="1"/>
        <line num="31" count="0" type="stmt"/>
        <line num="34" count="58" type="stmt"/>
        <line num="38" count="30" type="cond" truecount="2" falsecount="0"/>
        <line num="42" count="3" type="stmt"/>
        <line num="44" count="3" type="cond" truecount="1" falsecount="1"/>
        <line num="45" count="0" type="stmt"/>
        <line num="48" count="3" type="stmt"/>
      </file>
    </package>
    <package name="molecules.shared.category-filter-tabs">
      <metrics statements="31" coveredstatements="30" conditionals="32" coveredconditionals="24" methods="5" coveredmethods="5"/>
      <file name="category-filter-tabs.component.html" path="/home/runner/work/academic-unir-tesis/academic-unir-tesis/projects/ui/src/lib/molecules/shared/category-filter-tabs/category-filter-tabs.component.html">
        <metrics statements="14" coveredstatements="14" conditionals="2" coveredconditionals="2" methods="1" coveredmethods="1"/>
        <line num="1" count="10" type="stmt"/>
        <line num="3" count="13" type="stmt"/>
        <line num="4" count="28" type="stmt"/>
        <line num="6" count="36" type="stmt"/>
        <line num="11" count="2" type="stmt"/>
        <line num="13" count="28" type="stmt"/>
        <line num="14" count="36" type="cond" truecount="2" falsecount="0"/>
        <line num="15" count="1" type="stmt"/>
        <line num="16" count="1" type="stmt"/>
        <line num="17" count="1" type="stmt"/>
        <line num="20" count="1" type="stmt"/>
        <line num="23" count="36" type="stmt"/>
        <line num="24" count="28" type="stmt"/>
        <line num="27" count="10" type="stmt"/>
      </file>
      <file name="category-filter-tabs.component.ts" path="/home/runner/work/academic-unir-tesis/academic-unir-tesis/projects/ui/src/lib/molecules/shared/category-filter-tabs/category-filter-tabs.component.ts">
        <metrics statements="17" coveredstatements="16" conditionals="30" coveredconditionals="22" methods="4" coveredmethods="4"/>
        <line num="30" count="24" type="cond" truecount="10" falsecount="0"/>
        <line num="31" count="10" type="cond" truecount="1" falsecount="1"/>
        <line num="32" count="10" type="cond" truecount="1" falsecount="1"/>
        <line num="33" count="10" type="cond" truecount="1" falsecount="1"/>
        <line num="34" count="10" type="cond" truecount="1" falsecount="1"/>
        <line num="35" count="10" type="cond" truecount="1" falsecount="1"/>
        <line num="36" count="10" type="cond" truecount="1" falsecount="1"/>
        <line num="37" count="10" type="cond" truecount="1" falsecount="1"/>
        <line num="39" count="10" type="stmt"/>
        <line num="40" count="10" type="stmt"/>
        <line num="43" count="36" type="stmt"/>
        <line num="47" count="38" type="cond" truecount="2" falsecount="0"/>
        <line num="51" count="2" type="cond" truecount="1" falsecount="1"/>
        <line num="52" count="0" type="stmt"/>
        <line num="55" count="2" type="cond" truecount="2" falsecount="0"/>
        <line num="56" count="1" type="stmt"/>
        <line num="59" count="2" type="stmt"/>
      </file>
    </package>
    <package name="molecules.shared.content-section-header">
      <metrics statements="7" coveredstatements="7" conditionals="10" coveredconditionals="10" methods="1" coveredmethods="1"/>
      <file name="content-section-header.component.html" path="/home/runner/work/academic-unir-tesis/academic-unir-tesis/projects/ui/src/lib/molecules/shared/content-section-header/content-section-header.component.html">
        <metrics statements="6" coveredstatements="6" conditionals="0" coveredconditionals="0" methods="0" coveredmethods="0"/>
        <line num="1" count="24" type="stmt"/>
        <line num="3" count="24" type="stmt"/>
        <line num="4" count="24" type="stmt"/>
        <line num="6" count="24" type="stmt"/>
        <line num="7" count="24" type="stmt"/>
        <line num="8" count="24" type="stmt"/>
      </file>
      <file name="content-section-header.component.ts" path="/home/runner/work/academic-unir-tesis/academic-unir-tesis/projects/ui/src/lib/molecules/shared/content-section-header/content-section-header.component.ts">
        <metrics statements="1" coveredstatements="1" conditionals="10" coveredconditionals="10" methods="1" coveredmethods="1"/>
        <line num="13" count="68" type="cond" truecount="10" falsecount="0"/>
      </file>
    </package>
    <package name="molecules.shared.horizontal-list-layout">
      <metrics statements="31" coveredstatements="27" conditionals="29" coveredconditionals="23" methods="10" coveredmethods="8"/>
      <file name="horizontal-list-layout.component.html" path="/home/runner/work/academic-unir-tesis/academic-unir-tesis/projects/ui/src/lib/molecules/shared/horizontal-list-layout/horizontal-list-layout.component.html">
        <metrics statements="5" coveredstatements="4" conditionals="0" coveredconditionals="0" methods="1" coveredmethods="0"/>
        <line num="1" count="30" type="stmt"/>
        <line num="5" count="0" type="stmt"/>
        <line num="7" count="30" type="stmt"/>
        <line num="8" count="30" type="stmt"/>
        <line num="9" count="30" type="stmt"/>
      </file>
      <file name="horizontal-list-layout.component.ts" path="/home/runner/work/academic-unir-tesis/academic-unir-tesis/projects/ui/src/lib/molecules/shared/horizontal-list-layout/horizontal-list-layout.component.ts">
        <metrics statements="26" coveredstatements="23" conditionals="29" coveredconditionals="23" methods="9" coveredmethods="8"/>
        <line num="28" count="73" type="cond" truecount="10" falsecount="0"/>
        <line num="31" count="30" type="cond" truecount="1" falsecount="1"/>
        <line num="32" count="30" type="cond" truecount="1" falsecount="1"/>
        <line num="33" count="30" type="cond" truecount="1" falsecount="1"/>
        <line num="34" count="30" type="cond" truecount="1" falsecount="1"/>
        <line num="36" count="30" type="stmt"/>
        <line num="39" count="30" type="stmt"/>
        <line num="43" count="2" type="stmt"/>
        <line num="47" count="2" type="stmt"/>
        <line num="51" count="1" type="stmt"/>
        <line num="55" count="0" type="stmt"/>
        <line num="59" count="4" type="stmt"/>
        <line num="60" count="4" type="cond" truecount="3" falsecount="1"/>
        <line num="61" count="0" type="stmt"/>
        <line num="64" count="4" type="cond" truecount="1" falsecount="1"/>
        <line num="65" count="0" type="stmt"/>
        <line num="67" count="4" type="stmt"/>
        <line num="69" count="4" type="stmt"/>
        <line num="73" count="35" type="stmt"/>
        <line num="74" count="35" type="cond" truecount="4" falsecount="0"/>
        <line num="75" count="1" type="stmt"/>
        <line num="76" count="1" type="stmt"/>
        <line num="79" count="34" type="stmt"/>
        <line num="80" count="34" type="stmt"/>
        <line num="81" count="34" type="stmt"/>
        <line num="83" count="34" type="stmt"/>
      </file>
    </package>
    <package name="molecules.shared.section-actions">
      <metrics statements="11" coveredstatements="11" conditionals="12" coveredconditionals="11" methods="1" coveredmethods="1"/>
      <file name="section-actions.component.html" path="/home/runner/work/academic-unir-tesis/academic-unir-tesis/projects/ui/src/lib/molecules/shared/section-actions/section-actions.component.html">
        <metrics statements="9" coveredstatements="9" conditionals="0" coveredconditionals="0" methods="0" coveredmethods="0"/>
        <line num="1" count="29" type="stmt"/>
        <line num="3" count="29" type="stmt"/>
        <line num="4" count="29" type="stmt"/>
        <line num="6" count="29" type="stmt"/>
        <line num="8" count="29" type="stmt"/>
        <line num="9" count="29" type="stmt"/>
        <line num="10" count="29" type="stmt"/>
        <line num="11" count="29" type="stmt"/>
        <line num="12" count="29" type="stmt"/>
      </file>
      <file name="section-actions.component.ts" path="/home/runner/work/academic-unir-tesis/academic-unir-tesis/projects/ui/src/lib/molecules/shared/section-actions/section-actions.component.ts">
        <metrics statements="2" coveredstatements="2" conditionals="12" coveredconditionals="11" methods="1" coveredmethods="1"/>
        <line num="13" count="84" type="cond" truecount="10" falsecount="0"/>
        <line num="14" count="29" type="cond" truecount="1" falsecount="1"/>
      </file>
    </package>
    <package name="organisms.casino.casino-games-carousel-section">
      <metrics statements="62" coveredstatements="62" conditionals="60" coveredconditionals="42" methods="14" coveredmethods="14"/>
      <file name="casino-games-carousel-section.component.html" path="/home/runner/work/academic-unir-tesis/academic-unir-tesis/projects/ui/src/lib/organisms/casino/casino-games-carousel-section/casino-games-carousel-section.component.html">
        <metrics statements="30" coveredstatements="30" conditionals="16" coveredconditionals="14" methods="6" coveredmethods="6"/>
        <line num="1" count="6" type="stmt"/>
        <line num="3" count="6" type="stmt"/>
        <line num="5" count="11" type="stmt"/>
        <line num="11" count="6" type="stmt"/>
        <line num="13" count="11" type="stmt"/>
        <line num="15" count="11" type="cond" truecount="1" falsecount="1"/>
        <line num="16" count="6" type="stmt"/>
        <line num="20" count="11" type="stmt"/>
        <line num="21" count="1" type="stmt"/>
        <line num="23" count="11" type="stmt"/>
        <line num="24" count="6" type="stmt"/>
        <line num="27" count="6" type="stmt"/>
        <line num="31" count="11" type="stmt"/>
        <line num="34" count="1" type="stmt"/>
        <line num="36" count="6" type="stmt"/>
        <line num="37" count="6" type="stmt"/>
        <line num="38" count="6" type="stmt"/>
        <line num="42" count="11" type="stmt"/>
        <line num="45" count="1" type="stmt"/>
        <line num="47" count="6" type="stmt"/>
        <line num="48" count="6" type="stmt"/>
        <line num="52" count="6" type="stmt"/>
        <line num="54" count="11" type="stmt"/>
        <line num="57" count="10" type="stmt"/>
        <line num="59" count="11" type="stmt"/>
        <line num="60" count="22" type="stmt"/>
        <line num="62" count="22" type="cond" truecount="1" falsecount="1"/>
        <line num="71" count="12" type="stmt"/>
        <line num="73" count="12" type="stmt"/>
        <line num="76" count="6" type="stmt"/>
      </file>
      <file name="casino-games-carousel-section.component.ts" path="/home/runner/work/academic-unir-tesis/academic-unir-tesis/projects/ui/src/lib/organisms/casino/casino-games-carousel-section/casino-games-carousel-section.component.ts">
        <metrics statements="32" coveredstatements="32" conditionals="44" coveredconditionals="28" methods="8" coveredmethods="8"/>
        <line num="58" count="17" type="cond" truecount="10" falsecount="0"/>
        <line num="61" count="6" type="cond" truecount="1" falsecount="1"/>
        <line num="62" count="6" type="cond" truecount="1" falsecount="1"/>
        <line num="63" count="6" type="cond" truecount="1" falsecount="1"/>
        <line num="64" count="6" type="cond" truecount="1" falsecount="1"/>
        <line num="65" count="6" type="cond" truecount="1" falsecount="1"/>
        <line num="67" count="6" type="cond" truecount="1" falsecount="1"/>
        <line num="68" count="6" type="cond" truecount="1" falsecount="1"/>
        <line num="69" count="6" type="cond" truecount="1" falsecount="1"/>
        <line num="70" count="6" type="cond" truecount="1" falsecount="1"/>
        <line num="72" count="6" type="cond" truecount="1" falsecount="1"/>
        <line num="73" count="6" type="cond" truecount="1" falsecount="1"/>
        <line num="75" count="6" type="cond" truecount="1" falsecount="1"/>
        <line num="76" count="6" type="cond" truecount="1" falsecount="1"/>
        <line num="78" count="6" type="stmt"/>
        <line num="79" count="6" type="stmt"/>
        <line num="80" count="6" type="stmt"/>
        <line num="81" count="6" type="stmt"/>
        <line num="82" count="6" type="stmt"/>
        <line num="84" count="6" type="cond" truecount="1" falsecount="1"/>
        <line num="85" count="6" type="cond" truecount="1" falsecount="1"/>
        <line num="86" count="6" type="stmt"/>
        <line num="87" count="8" type="cond" truecount="2" falsecount="0"/>
        <line num="91" count="1" type="stmt"/>
        <line num="95" count="1" type="stmt"/>
        <line num="96" count="1" type="stmt"/>
        <line num="100" count="1" type="stmt"/>
        <line num="101" count="1" type="stmt"/>
        <line num="105" count="10" type="stmt"/>
        <line num="106" count="10" type="stmt"/>
        <line num="110" count="1" type="stmt"/>
        <line num="114" count="1" type="stmt"/>
      </file>
    </package>
    <package name="organisms.casino.casino-games-grid-section">
      <metrics statements="30" coveredstatements="30" conditionals="40" coveredconditionals="28" methods="4" coveredmethods="4"/>
      <file name="casino-games-grid-section.component.html" path="/home/runner/work/academic-unir-tesis/academic-unir-tesis/projects/ui/src/lib/organisms/casino/casino-games-grid-section/casino-games-grid-section.component.html">
        <metrics statements="11" coveredstatements="11" conditionals="2" coveredconditionals="2" methods="1" coveredmethods="1"/>
        <line num="1" count="5" type="stmt"/>
        <line num="3" count="5" type="stmt"/>
        <line num="9" count="5" type="stmt"/>
        <line num="11" count="5" type="stmt"/>
        <line num="12" count="5" type="stmt"/>
        <line num="13" count="5" type="stmt"/>
        <line num="16" count="5" type="stmt"/>
        <line num="17" count="5" type="cond" truecount="2" falsecount="0"/>
        <line num="18" count="1" type="stmt"/>
        <line num="20" count="4" type="stmt"/>
        <line num="24" count="5" type="stmt"/>
      </file>
      <file name="casino-games-grid-section.component.ts" path="/home/runner/work/academic-unir-tesis/academic-unir-tesis/projects/ui/src/lib/organisms/casino/casino-games-grid-section/casino-games-grid-section.component.ts">
        <metrics statements="19" coveredstatements="19" conditionals="38" coveredconditionals="26" methods="3" coveredmethods="3"/>
        <line num="17" count="11" type="cond" truecount="10" falsecount="0"/>
        <line num="18" count="5" type="cond" truecount="1" falsecount="1"/>
        <line num="19" count="5" type="cond" truecount="1" falsecount="1"/>
        <line num="20" count="5" type="cond" truecount="1" falsecount="1"/>
        <line num="21" count="5" type="cond" truecount="1" falsecount="1"/>
        <line num="22" count="5" type="cond" truecount="1" falsecount="1"/>
        <line num="23" count="5" type="cond" truecount="1" falsecount="1"/>
        <line num="25" count="5" type="cond" truecount="1" falsecount="1"/>
        <line num="26" count="5" type="cond" truecount="1" falsecount="1"/>
        <line num="27" count="5" type="cond" truecount="1" falsecount="1"/>
        <line num="28" count="5" type="cond" truecount="1" falsecount="1"/>
        <line num="29" count="5" type="cond" truecount="1" falsecount="1"/>
        <line num="31" count="5" type="stmt"/>
        <line num="33" count="5" type="stmt"/>
        <line num="34" count="5" type="stmt"/>
        <line num="35" count="5" type="cond" truecount="4" falsecount="0"/>
        <line num="36" count="4" type="stmt"/>
        <line num="38" count="1" type="stmt"/>
        <line num="42" count="1" type="stmt"/>
      </file>
    </package>
    <package name="organisms.casino.casino-home-hero">
      <metrics statements="34" coveredstatements="34" conditionals="48" coveredconditionals="29" methods="5" coveredmethods="5"/>
      <file name="casino-home-hero.component.html" path="/home/runner/work/academic-unir-tesis/academic-unir-tesis/projects/ui/src/lib/organisms/casino/casino-home-hero/casino-home-hero.component.html">
        <metrics statements="12" coveredstatements="12" conditionals="0" coveredconditionals="0" methods="0" coveredmethods="0"/>
        <line num="1" count="5" type="stmt"/>
        <line num="2" count="5" type="stmt"/>
        <line num="4" count="9" type="stmt"/>
        <line num="12" count="5" type="stmt"/>
        <line num="14" count="9" type="stmt"/>
        <line num="15" count="9" type="stmt"/>
        <line num="16" count="9" type="stmt"/>
        <line num="17" count="9" type="stmt"/>
        <line num="20" count="5" type="stmt"/>
        <line num="22" count="9" type="stmt"/>
        <line num="23" count="9" type="stmt"/>
        <line num="29" count="5" type="stmt"/>
      </file>
      <file name="casino-home-hero.component.ts" path="/home/runner/work/academic-unir-tesis/academic-unir-tesis/projects/ui/src/lib/organisms/casino/casino-home-hero/casino-home-hero.component.ts">
        <metrics statements="22" coveredstatements="22" conditionals="48" coveredconditionals="29" methods="5" coveredmethods="5"/>
        <line num="21" count="14" type="cond" truecount="10" falsecount="0"/>
        <line num="22" count="5" type="cond" truecount="1" falsecount="1"/>
        <line num="23" count="5" type="cond" truecount="1" falsecount="1"/>
        <line num="24" count="5" type="cond" truecount="1" falsecount="1"/>
        <line num="25" count="5" type="cond" truecount="1" falsecount="1"/>
        <line num="27" count="5" type="cond" truecount="1" falsecount="1"/>
        <line num="28" count="5" type="cond" truecount="1" falsecount="1"/>
        <line num="29" count="5" type="cond" truecount="1" falsecount="1"/>
        <line num="30" count="5" type="cond" truecount="1" falsecount="1"/>
        <line num="32" count="5" type="cond" truecount="1" falsecount="1"/>
        <line num="33" count="5" type="cond" truecount="1" falsecount="1"/>
        <line num="35" count="5" type="cond" truecount="1" falsecount="1"/>
        <line num="36" count="5" type="cond" truecount="1" falsecount="1"/>
        <line num="37" count="5" type="cond" truecount="1" falsecount="1"/>
        <line num="38" count="5" type="cond" truecount="1" falsecount="1"/>
        <line num="40" count="5" type="cond" truecount="1" falsecount="1"/>
        <line num="42" count="5" type="stmt"/>
        <line num="43" count="6" type="stmt"/>
        <line num="44" count="6" type="stmt"/>
        <line num="47" count="6" type="cond" truecount="1" falsecount="1"/>
        <line num="48" count="6" type="cond" truecount="1" falsecount="1"/>
        <line num="49" count="6" type="cond" truecount="1" falsecount="1"/>
      </file>
    </package>
    <package name="organisms.casino.casino-provider-parallax-showcase">
      <metrics statements="24" coveredstatements="22" conditionals="24" coveredconditionals="17" methods="7" coveredmethods="3"/>
      <file name="casino-provider-parallax-showcase.component.html" path="/home/runner/work/academic-unir-tesis/academic-unir-tesis/projects/ui/src/lib/organisms/casino/casino-provider-parallax-showcase/casino-provider-parallax-showcase.component.html">
        <metrics statements="10" coveredstatements="10" conditionals="0" coveredconditionals="0" methods="3" coveredmethods="1"/>
        <line num="1" count="4" type="stmt"/>
        <line num="4" count="6" type="stmt"/>
        <line num="8" count="6" type="stmt"/>
        <line num="9" count="4" type="stmt"/>
        <line num="10" count="6" type="stmt"/>
        <line num="11" count="4" type="stmt"/>
        <line num="15" count="4" type="stmt"/>
        <line num="17" count="6" type="stmt"/>
        <line num="24" count="4" type="stmt"/>
        <line num="26" count="4" type="stmt"/>
      </file>
      <file name="casino-provider-parallax-showcase.component.ts" path="/home/runner/work/academic-unir-tesis/academic-unir-tesis/projects/ui/src/lib/organisms/casino/casino-provider-parallax-showcase/casino-provider-parallax-showcase.component.ts">
        <metrics statements="14" coveredstatements="12" conditionals="24" coveredconditionals="17" methods="4" coveredmethods="2"/>
        <line num="20" count="10" type="cond" truecount="10" falsecount="0"/>
        <line num="21" count="4" type="cond" truecount="1" falsecount="1"/>
        <line num="22" count="4" type="cond" truecount="1" falsecount="1"/>
        <line num="23" count="4" type="cond" truecount="1" falsecount="1"/>
        <line num="24" count="4" type="cond" truecount="1" falsecount="1"/>
        <line num="26" count="4" type="cond" truecount="1" falsecount="1"/>
        <line num="27" count="4" type="cond" truecount="1" falsecount="1"/>
        <line num="28" count="4" type="cond" truecount="1" falsecount="1"/>
        <line num="30" count="4" type="stmt"/>
        <line num="31" count="4" type="stmt"/>
        <line num="32" count="4" type="stmt"/>
        <line num="35" count="1" type="stmt"/>
        <line num="39" count="0" type="stmt"/>
        <line num="43" count="0" type="stmt"/>
      </file>
    </package>
    <package name="organisms.casino.casino-ranked-games-carousel-section">
      <metrics statements="66" coveredstatements="60" conditionals="62" coveredconditionals="43" methods="15" coveredmethods="13"/>
      <file name="casino-ranked-games-carousel-section.component.html" path="/home/runner/work/academic-unir-tesis/academic-unir-tesis/projects/ui/src/lib/organisms/casino/casino-ranked-games-carousel-section/casino-ranked-games-carousel-section.component.html">
        <metrics statements="33" coveredstatements="28" conditionals="16" coveredconditionals="14" methods="6" coveredmethods="5"/>
        <line num="1" count="6" type="stmt"/>
        <line num="6" count="6" type="stmt"/>
        <line num="8" count="10" type="stmt"/>
        <line num="14" count="6" type="stmt"/>
        <line num="16" count="10" type="stmt"/>
        <line num="18" count="10" type="cond" truecount="1" falsecount="1"/>
        <line num="19" count="0" type="stmt"/>
        <line num="23" count="0" type="stmt"/>
        <line num="24" count="0" type="stmt"/>
        <line num="26" count="0" type="stmt"/>
        <line num="27" count="0" type="stmt"/>
        <line num="30" count="6" type="stmt"/>
        <line num="34" count="10" type="stmt"/>
        <line num="37" count="1" type="stmt"/>
        <line num="39" count="6" type="stmt"/>
        <line num="40" count="6" type="stmt"/>
        <line num="41" count="6" type="stmt"/>
        <line num="45" count="10" type="stmt"/>
        <line num="48" count="1" type="stmt"/>
        <line num="50" count="6" type="stmt"/>
        <line num="51" count="6" type="stmt"/>
        <line num="55" count="6" type="stmt"/>
        <line num="57" count="10" type="stmt"/>
        <line num="60" count="10" type="stmt"/>
        <line num="62" count="10" type="stmt"/>
        <line num="63" count="20" type="stmt"/>
        <line num="66" count="20" type="stmt"/>
        <line num="67" count="12" type="stmt"/>
        <line num="68" count="12" type="stmt"/>
        <line num="70" count="20" type="cond" truecount="1" falsecount="1"/>
        <line num="79" count="12" type="stmt"/>
        <line num="81" count="12" type="stmt"/>
        <line num="86" count="6" type="stmt"/>
      </file>
      <file name="casino-ranked-games-carousel-section.component.ts" path="/home/runner/work/academic-unir-tesis/academic-unir-tesis/projects/ui/src/lib/organisms/casino/casino-ranked-games-carousel-section/casino-ranked-games-carousel-section.component.ts">
        <metrics statements="33" coveredstatements="32" conditionals="46" coveredconditionals="29" methods="9" coveredmethods="8"/>
        <line num="59" count="16" type="cond" truecount="10" falsecount="0"/>
        <line num="62" count="6" type="cond" truecount="1" falsecount="1"/>
        <line num="63" count="6" type="cond" truecount="1" falsecount="1"/>
        <line num="64" count="6" type="cond" truecount="1" falsecount="1"/>
        <line num="65" count="6" type="cond" truecount="1" falsecount="1"/>
        <line num="66" count="6" type="cond" truecount="1" falsecount="1"/>
        <line num="68" count="6" type="cond" truecount="1" falsecount="1"/>
        <line num="69" count="6" type="cond" truecount="1" falsecount="1"/>
        <line num="70" count="6" type="cond" truecount="1" falsecount="1"/>
        <line num="71" count="6" type="cond" truecount="1" falsecount="1"/>
        <line num="73" count="6" type="cond" truecount="1" falsecount="1"/>
        <line num="74" count="6" type="cond" truecount="1" falsecount="1"/>
        <line num="76" count="6" type="cond" truecount="1" falsecount="1"/>
        <line num="77" count="6" type="cond" truecount="1" falsecount="1"/>
        <line num="79" count="6" type="stmt"/>
        <line num="80" count="6" type="stmt"/>
        <line num="81" count="6" type="stmt"/>
        <line num="82" count="6" type="stmt"/>
        <line num="83" count="6" type="stmt"/>
        <line num="85" count="6" type="cond" truecount="1" falsecount="1"/>
        <line num="86" count="6" type="cond" truecount="1" falsecount="1"/>
        <line num="88" count="6" type="stmt"/>
        <line num="89" count="8" type="cond" truecount="2" falsecount="0"/>
        <line num="93" count="0" type="stmt"/>
        <line num="97" count="1" type="stmt"/>
        <line num="98" count="1" type="stmt"/>
        <line num="102" count="1" type="stmt"/>
        <line num="103" count="1" type="stmt"/>
        <line num="107" count="10" type="stmt"/>
        <line num="108" count="10" type="stmt"/>
        <line num="112" count="1" type="stmt"/>
        <line num="116" count="1" type="stmt"/>
        <line num="120" count="20" type="cond" truecount="1" falsecount="1"/>
      </file>
    </package>
    <package name="organisms.casino.casino-two-row-games-carousel-section">
      <metrics statements="78" coveredstatements="71" conditionals="70" coveredconditionals="49" methods="15" coveredmethods="9"/>
      <file name="casino-two-row-games-carousel-section.component.html" path="/home/runner/work/academic-unir-tesis/academic-unir-tesis/projects/ui/src/lib/organisms/casino/casino-two-row-games-carousel-section/casino-two-row-games-carousel-section.component.html">
        <metrics statements="37" coveredstatements="35" conditionals="18" coveredconditionals="17" methods="6" coveredmethods="3"/>
        <line num="1" count="9" type="stmt"/>
        <line num="5" count="14" type="cond" truecount="2" falsecount="0"/>
        <line num="6" count="5" type="stmt"/>
        <line num="7" count="5" type="stmt"/>
        <line num="9" count="7" type="stmt"/>
        <line num="15" count="5" type="stmt"/>
        <line num="17" count="7" type="stmt"/>
        <line num="19" count="7" type="cond" truecount="1" falsecount="1"/>
        <line num="20" count="5" type="stmt"/>
        <line num="24" count="7" type="stmt"/>
        <line num="25" count="1" type="stmt"/>
        <line num="27" count="7" type="stmt"/>
        <line num="28" count="5" type="stmt"/>
        <line num="31" count="5" type="stmt"/>
        <line num="35" count="7" type="stmt"/>
        <line num="38" count="0" type="stmt"/>
        <line num="40" count="5" type="stmt"/>
        <line num="41" count="5" type="stmt"/>
        <line num="43" count="5" type="stmt"/>
        <line num="47" count="7" type="stmt"/>
        <line num="50" count="0" type="stmt"/>
        <line num="52" count="5" type="stmt"/>
        <line num="53" count="5" type="stmt"/>
        <line num="58" count="9" type="stmt"/>
        <line num="60" count="14" type="stmt"/>
        <line num="63" count="9" type="stmt"/>
        <line num="65" count="14" type="stmt"/>
        <line num="66" count="3" type="stmt"/>
        <line num="69" count="3" type="stmt"/>
        <line num="72" count="3" type="stmt"/>
        <line num="73" count="3" type="stmt"/>
        <line num="74" count="4" type="stmt"/>
        <line num="75" count="4" type="cond" truecount="2" falsecount="0"/>
        <line num="84" count="4" type="stmt"/>
        <line num="86" count="4" type="stmt"/>
        <line num="88" count="3" type="stmt"/>
        <line num="91" count="9" type="stmt"/>
      </file>
      <file name="casino-two-row-games-carousel-section.component.ts" path="/home/runner/work/academic-unir-tesis/academic-unir-tesis/projects/ui/src/lib/organisms/casino/casino-two-row-games-carousel-section/casino-two-row-games-carousel-section.component.ts">
        <metrics statements="41" coveredstatements="36" conditionals="52" coveredconditionals="32" methods="9" coveredmethods="6"/>
        <line num="63" count="23" type="cond" truecount="10" falsecount="0"/>
        <line num="66" count="9" type="cond" truecount="1" falsecount="1"/>
        <line num="67" count="9" type="cond" truecount="1" falsecount="1"/>
        <line num="68" count="9" type="cond" truecount="1" falsecount="1"/>
        <line num="69" count="9" type="cond" truecount="1" falsecount="1"/>
        <line num="70" count="9" type="cond" truecount="1" falsecount="1"/>
        <line num="71" count="9" type="cond" truecount="1" falsecount="1"/>
        <line num="73" count="9" type="cond" truecount="1" falsecount="1"/>
        <line num="74" count="9" type="cond" truecount="1" falsecount="1"/>
        <line num="75" count="9" type="cond" truecount="1" falsecount="1"/>
        <line num="76" count="9" type="cond" truecount="1" falsecount="1"/>
        <line num="78" count="9" type="cond" truecount="1" falsecount="1"/>
        <line num="79" count="9" type="cond" truecount="1" falsecount="1"/>
        <line num="81" count="9" type="cond" truecount="1" falsecount="1"/>
        <line num="82" count="9" type="cond" truecount="1" falsecount="1"/>
        <line num="83" count="9" type="cond" truecount="1" falsecount="1"/>
        <line num="85" count="9" type="stmt"/>
        <line num="86" count="9" type="stmt"/>
        <line num="87" count="9" type="stmt"/>
        <line num="88" count="9" type="stmt"/>
        <line num="89" count="9" type="stmt"/>
        <line num="91" count="9" type="cond" truecount="1" falsecount="1"/>
        <line num="92" count="9" type="cond" truecount="1" falsecount="1"/>
        <line num="94" count="9" type="stmt"/>
        <line num="95" count="5" type="cond" truecount="3" falsecount="1"/>
        <line num="97" count="9" type="stmt"/>
        <line num="98" count="11" type="stmt"/>
        <line num="99" count="11" type="stmt"/>
        <line num="101" count="11" type="stmt"/>
        <line num="102" count="3" type="stmt"/>
        <line num="103" count="3" type="stmt"/>
        <line num="109" count="11" type="stmt"/>
        <line num="113" count="1" type="stmt"/>
        <line num="117" count="0" type="stmt"/>
        <line num="118" count="0" type="stmt"/>
        <line num="122" count="0" type="stmt"/>
        <line num="123" count="0" type="stmt"/>
        <line num="127" count="9" type="stmt"/>
        <line num="128" count="9" type="stmt"/>
        <line num="132" count="1" type="stmt"/>
        <line num="136" count="0" type="stmt"/>
      </file>
    </package>
    <package name="organisms.shared.site-header">
      <metrics statements="69" coveredstatements="61" conditionals="48" coveredconditionals="30" methods="13" coveredmethods="7"/>
      <file name="site-header.component.html" path="/home/runner/work/academic-unir-tesis/academic-unir-tesis/projects/ui/src/lib/organisms/shared/site-header/site-header.component.html">
        <metrics statements="39" coveredstatements="38" conditionals="6" coveredconditionals="5" methods="6" coveredmethods="3"/>
        <line num="1" count="7" type="stmt"/>
        <line num="4" count="9" type="stmt"/>
        <line num="5" count="7" type="stmt"/>
        <line num="8" count="9" type="cond" truecount="2" falsecount="0"/>
        <line num="9" count="1" type="stmt"/>
        <line num="11" count="1" type="stmt"/>
        <line num="17" count="8" type="stmt"/>
        <line num="19" count="7" type="stmt"/>
        <line num="21" count="7" type="stmt"/>
        <line num="24" count="7" type="stmt"/>
        <line num="25" count="9" type="stmt"/>
        <line num="28" count="7" type="stmt"/>
        <line num="29" count="7" type="stmt"/>
        <line num="32" count="7" type="stmt"/>
        <line num="34" count="9" type="stmt"/>
        <line num="39" count="9" type="stmt"/>
        <line num="40" count="21" type="stmt"/>
        <line num="41" count="27" type="cond" truecount="2" falsecount="0"/>
        <line num="42" count="14" type="stmt"/>
        <line num="48" count="1" type="stmt"/>
        <line num="50" count="18" type="stmt"/>
        <line num="51" count="14" type="stmt"/>
        <line num="53" count="7" type="stmt"/>
        <line num="56" count="9" type="stmt"/>
        <line num="59" count="0" type="stmt"/>
        <line num="61" count="9" type="stmt"/>
        <line num="62" count="7" type="stmt"/>
        <line num="64" count="21" type="stmt"/>
        <line num="66" count="7" type="stmt"/>
        <line num="69" count="9" type="cond" truecount="1" falsecount="1"/>
        <line num="70" count="7" type="stmt"/>
        <line num="74" count="1" type="stmt"/>
        <line num="76" count="9" type="stmt"/>
        <line num="77" count="7" type="stmt"/>
        <line num="78" count="7" type="stmt"/>
        <line num="81" count="1" type="stmt"/>
        <line num="83" count="9" type="stmt"/>
        <line num="84" count="7" type="stmt"/>
        <line num="87" count="7" type="stmt"/>
      </file>
      <file name="site-header.component.ts" path="/home/runner/work/academic-unir-tesis/academic-unir-tesis/projects/ui/src/lib/organisms/shared/site-header/site-header.component.ts">
        <metrics statements="30" coveredstatements="23" conditionals="42" coveredconditionals="25" methods="7" coveredmethods="4"/>
        <line num="24" count="16" type="cond" truecount="10" falsecount="0"/>
        <line num="25" count="7" type="cond" truecount="1" falsecount="1"/>
        <line num="26" count="7" type="cond" truecount="1" falsecount="1"/>
        <line num="27" count="7" type="cond" truecount="1" falsecount="1"/>
        <line num="28" count="7" type="cond" truecount="1" falsecount="1"/>
        <line num="29" count="7" type="cond" truecount="1" falsecount="1"/>
        <line num="30" count="7" type="cond" truecount="1" falsecount="1"/>
        <line num="31" count="7" type="cond" truecount="1" falsecount="1"/>
        <line num="32" count="7" type="cond" truecount="1" falsecount="1"/>
        <line num="33" count="7" type="cond" truecount="1" falsecount="1"/>
        <line num="35" count="7" type="cond" truecount="1" falsecount="1"/>
        <line num="36" count="7" type="cond" truecount="1" falsecount="1"/>
        <line num="37" count="7" type="cond" truecount="1" falsecount="1"/>
        <line num="39" count="7" type="stmt"/>
        <line num="40" count="7" type="stmt"/>
        <line num="41" count="7" type="stmt"/>
        <line num="42" count="7" type="stmt"/>
        <line num="43" count="7" type="cond" truecount="1" falsecount="1"/>
        <line num="46" count="0" type="cond" truecount="0" falsecount="2"/>
        <line num="47" count="0" type="stmt"/>
        <line num="50" count="0" type="stmt"/>
        <line num="54" count="1" type="cond" truecount="1" falsecount="1"/>
        <line num="55" count="0" type="stmt"/>
        <line num="56" count="0" type="stmt"/>
        <line num="59" count="1" type="cond" truecount="1" falsecount="1"/>
        <line num="60" count="0" type="stmt"/>
        <line num="63" count="1" type="stmt"/>
        <line num="67" count="1" type="stmt"/>
        <line num="71" count="1" type="stmt"/>
        <line num="75" count="0" type="stmt"/>
      </file>
    </package>
    <package name="templates.casino.casino-home-template">
      <metrics statements="16" coveredstatements="16" conditionals="10" coveredconditionals="10" methods="1" coveredmethods="1"/>
      <file name="casino-home-template.component.html" path="/home/runner/work/academic-unir-tesis/academic-unir-tesis/projects/ui/src/lib/templates/casino/casino-home-template/casino-home-template.component.html">
        <metrics statements="15" coveredstatements="15" conditionals="0" coveredconditionals="0" methods="0" coveredmethods="0"/>
        <line num="1" count="3" type="stmt"/>
        <line num="2" count="3" type="stmt"/>
        <line num="3" count="3" type="stmt"/>
        <line num="5" count="3" type="stmt"/>
        <line num="7" count="3" type="stmt"/>
        <line num="8" count="3" type="stmt"/>
        <line num="10" count="3" type="stmt"/>
        <line num="11" count="3" type="stmt"/>
        <line num="12" count="3" type="stmt"/>
        <line num="14" count="3" type="stmt"/>
        <line num="15" count="3" type="stmt"/>
        <line num="16" count="3" type="stmt"/>
        <line num="18" count="3" type="stmt"/>
        <line num="19" count="3" type="stmt"/>
        <line num="20" count="3" type="stmt"/>
      </file>
      <file name="casino-home-template.component.ts" path="/home/runner/work/academic-unir-tesis/academic-unir-tesis/projects/ui/src/lib/templates/casino/casino-home-template/casino-home-template.component.ts">
        <metrics statements="1" coveredstatements="1" conditionals="10" coveredconditionals="10" methods="1" coveredmethods="1"/>
        <line num="15" count="6" type="cond" truecount="10" falsecount="0"/>
      </file>
    </package>
  </project>
</coverage>
