{"/home/runner/work/academic-unir-tesis/academic-unir-tesis/projects/ui/src/lib/atoms/badge/badge.component.html": {"path":"/home/runner/work/academic-unir-tesis/academic-unir-tesis/projects/ui/src/lib/atoms/badge/badge.component.html","statementMap":{"0":{"start":{"line":4,"column":4},"end":{"line":4,"column":null}},"1":{"start":{"line":9,"column":8},"end":{"line":9,"column":null}},"2":{"start":{"line":11,"column":8},"end":{"line":11,"column":null}},"3":{"start":{"line":17,"column":6},"end":{"line":17,"column":null}},"4":{"start":{"line":21,"column":8},"end":{"line":21,"column":null}},"5":{"start":{"line":21,"column":8},"end":{"line":21,"column":17}},"6":{"start":{"line":23,"column":8},"end":{"line":23,"column":null}},"7":{"start":{"line":24,"column":10},"end":{"line":24,"column":null}},"8":{"start":{"line":25,"column":8},"end":{"line":25,"column":null}},"9":{"start":{"line":26,"column":8},"end":{"line":26,"column":null}},"10":{"start":{"line":33,"column":10},"end":{"line":33,"column":null}},"11":{"start":{"line":36,"column":8},"end":{"line":36,"column":null}},"12":{"start":{"line":7,"column":4},"end":{"line":7,"column":null}},"13":{"start":{"line":8,"column":6},"end":{"line":8,"column":null}},"14":{"start":{"line":13,"column":4},"end":{"line":13,"column":null}},"15":{"start":{"line":16,"column":4},"end":{"line":16,"column":null}},"16":{"start":{"line":8,"column":6},"end":{"line":8,"column":20}},"17":{"start":{"line":1,"column":0},"end":{"line":1,"column":null}},"18":{"start":{"line":3,"column":2},"end":{"line":3,"column":null}},"19":{"start":{"line":40,"column":0},"end":{"line":40,"column":null}},"20":{"start":{"line":3,"column":2},"end":{"line":3,"column":15}}},"fnMap":{"0":{"name":"ZgBadgeComponent_Conditional_2_Conditional_3_Template_button_click_0_listener","decl":{"start":{"line":21,"column":8},"end":{"line":21,"column":17}},"loc":{"start":{"line":21,"column":8},"end":{"line":21,"column":null}},"line":21}},"branchMap":{"0":{"loc":{"start":{"line":8,"column":6},"end":{"line":8,"column":20}},"type":"cond-expr","locations":[{"start":{"line":8,"column":6},"end":{"line":8,"column":20}},{"start":{"line":8,"column":6},"end":{"line":8,"column":20}}],"line":8},"1":{"loc":{"start":{"line":16,"column":4},"end":{"line":16,"column":null}},"type":"cond-expr","locations":[{"start":{"line":16,"column":4},"end":{"line":16,"column":null}},{"start":{"line":16,"column":4},"end":{"line":16,"column":null}}],"line":16},"2":{"loc":{"start":{"line":3,"column":2},"end":{"line":3,"column":15}},"type":"cond-expr","locations":[{"start":{"line":3,"column":2},"end":{"line":3,"column":15}},{"start":{"line":3,"column":2},"end":{"line":3,"column":15}}],"line":3}},"s":{"0":4,"1":6,"2":41,"3":10,"4":2,"5":2,"6":10,"7":10,"8":10,"9":10,"10":10,"11":10,"12":41,"13":41,"14":41,"15":68,"16":68,"17":41,"18":41,"19":41,"20":72},"f":{"0":2},"b":{"0":[6,62],"1":[10,58],"2":[4,68]},"meta":{"lastBranch":3,"lastFunction":1,"lastStatement":21,"seen":{"s:4:4:4:Infinity":0,"s:9:8:9:Infinity":1,"s:11:8:11:Infinity":2,"s:17:6:17:Infinity":3,"s:21:8:21:Infinity":4,"f:21:8:21:17":0,"s:21:8:21:17":5,"s:23:8:23:Infinity":6,"s:24:10:24:Infinity":7,"s:25:8:25:Infinity":8,"s:26:8:26:Infinity":9,"s:33:10:33:Infinity":10,"s:36:8:36:Infinity":11,"s:7:4:7:Infinity":12,"s:8:6:8:Infinity":13,"s:13:4:13:Infinity":14,"s:16:4:16:Infinity":15,"s:8:6:8:20":16,"b:8:6:8:20:8:6:8:20":0,"b:16:4:16:Infinity:16:4:16:Infinity":1,"s:1:0:1:Infinity":17,"s:3:2:3:Infinity":18,"s:40:0:40:Infinity":19,"s:3:2:3:15":20,"b:3:2:3:15:3:2:3:15":2}}}
,"/home/runner/work/academic-unir-tesis/academic-unir-tesis/projects/ui/src/lib/atoms/badge/badge.component.ts": {"path":"/home/runner/work/academic-unir-tesis/academic-unir-tesis/projects/ui/src/lib/atoms/badge/badge.component.ts","statementMap":{"0":{"start":{"line":65,"column":6},"end":{"line":53,"column":25}},"1":{"start":{"line":70,"column":2},"end":{"line":70,"column":null}},"2":{"start":{"line":76,"column":2},"end":{"line":76,"column":null}},"3":{"start":{"line":82,"column":2},"end":{"line":82,"column":null}},"4":{"start":{"line":88,"column":2},"end":{"line":88,"column":null}},"5":{"start":{"line":94,"column":2},"end":{"line":94,"column":null}},"6":{"start":{"line":101,"column":2},"end":{"line":101,"column":null}},"7":{"start":{"line":108,"column":2},"end":{"line":108,"column":null}},"8":{"start":{"line":113,"column":2},"end":{"line":113,"column":null}},"9":{"start":{"line":118,"column":12},"end":{"line":141,"column":null}},"10":{"start":{"line":146,"column":12},"end":{"line":158,"column":null}},"11":{"start":{"line":65,"column":13},"end":{"line":53,"column":25}},"12":{"start":{"line":119,"column":17},"end":{"line":119,"column":null}},"13":{"start":{"line":120,"column":16},"end":{"line":120,"column":null}},"14":{"start":{"line":123,"column":4},"end":{"line":125,"column":null}},"15":{"start":{"line":124,"column":6},"end":{"line":124,"column":null}},"16":{"start":{"line":128,"column":4},"end":{"line":130,"column":null}},"17":{"start":{"line":129,"column":6},"end":{"line":129,"column":null}},"18":{"start":{"line":133,"column":4},"end":{"line":138,"column":null}},"19":{"start":{"line":134,"column":23},"end":{"line":134,"column":null}},"20":{"start":{"line":135,"column":6},"end":{"line":137,"column":null}},"21":{"start":{"line":136,"column":8},"end":{"line":136,"column":null}},"22":{"start":{"line":140,"column":4},"end":{"line":140,"column":null}},"23":{"start":{"line":147,"column":20},"end":{"line":147,"column":null}},"24":{"start":{"line":149,"column":4},"end":{"line":151,"column":null}},"25":{"start":{"line":150,"column":6},"end":{"line":150,"column":null}},"26":{"start":{"line":153,"column":4},"end":{"line":155,"column":null}},"27":{"start":{"line":154,"column":6},"end":{"line":154,"column":null}},"28":{"start":{"line":157,"column":4},"end":{"line":157,"column":null}},"29":{"start":{"line":164,"column":4},"end":{"line":164,"column":null}},"30":{"start":{"line":165,"column":4},"end":{"line":165,"column":null}},"31":{"start":{"line":65,"column":13},"end":{"line":65,"column":null}},"32":{"start":{"line":65,"column":29},"end":{"line":65,"column":29}},"33":{"start":{"line":65,"column":13},"end":{"line":65,"column":22}},"34":{"start":{"line":65,"column":13},"end":{"line":65,"column":29}},"35":{"start":{"line":65,"column":13},"end":{"line":63,"column":null}}},"fnMap":{"0":{"name":"(anonymous_0)","decl":{"start":{"line":118,"column":35},"end":{"line":118,"column":40}},"loc":{"start":{"line":118,"column":40},"end":{"line":141,"column":3}},"line":118},"1":{"name":"(anonymous_1)","decl":{"start":{"line":146,"column":35},"end":{"line":146,"column":40}},"loc":{"start":{"line":146,"column":40},"end":{"line":158,"column":3}},"line":146},"2":{"name":"(anonymous_2)","decl":{"start":{"line":163,"column":12},"end":{"line":163,"column":25}},"loc":{"start":{"line":163,"column":37},"end":{"line":166,"column":null}},"line":163},"3":{"name":"(anonymous_3)","decl":{"start":{"line":65,"column":29},"end":{"line":65,"column":null}},"loc":{"start":{"line":65,"column":29},"end":{"line":65,"column":29}},"line":65}},"branchMap":{"0":{"loc":{"start":{"line":70,"column":41},"end":{"line":70,"column":null}},"type":"cond-expr","locations":[{"start":{"line":70,"column":41},"end":{"line":70,"column":null}},{"start":{"line":70,"column":41},"end":{"line":70,"column":null}}],"line":70},"1":{"loc":{"start":{"line":76,"column":30},"end":{"line":76,"column":null}},"type":"cond-expr","locations":[{"start":{"line":76,"column":30},"end":{"line":76,"column":null}},{"start":{"line":76,"column":30},"end":{"line":76,"column":null}}],"line":76},"2":{"loc":{"start":{"line":82,"column":37},"end":{"line":82,"column":null}},"type":"cond-expr","locations":[{"start":{"line":82,"column":37},"end":{"line":82,"column":null}},{"start":{"line":82,"column":37},"end":{"line":82,"column":null}}],"line":82},"3":{"loc":{"start":{"line":88,"column":44},"end":{"line":88,"column":null}},"type":"cond-expr","locations":[{"start":{"line":88,"column":44},"end":{"line":88,"column":null}},{"start":{"line":88,"column":44},"end":{"line":88,"column":null}}],"line":88},"4":{"loc":{"start":{"line":94,"column":34},"end":{"line":94,"column":null}},"type":"cond-expr","locations":[{"start":{"line":94,"column":34},"end":{"line":94,"column":null}},{"start":{"line":94,"column":34},"end":{"line":94,"column":null}}],"line":94},"5":{"loc":{"start":{"line":101,"column":28},"end":{"line":101,"column":null}},"type":"cond-expr","locations":[{"start":{"line":101,"column":28},"end":{"line":101,"column":null}},{"start":{"line":101,"column":28},"end":{"line":101,"column":null}}],"line":101},"6":{"loc":{"start":{"line":108,"column":43},"end":{"line":108,"column":null}},"type":"cond-expr","locations":[{"start":{"line":108,"column":43},"end":{"line":108,"column":null}},{"start":{"line":108,"column":43},"end":{"line":108,"column":null}}],"line":108},"7":{"loc":{"start":{"line":123,"column":4},"end":{"line":125,"column":null}},"type":"if","locations":[{"start":{"line":123,"column":4},"end":{"line":125,"column":null}},{"start":{},"end":{}}],"line":123},"8":{"loc":{"start":{"line":128,"column":4},"end":{"line":130,"column":null}},"type":"if","locations":[{"start":{"line":128,"column":4},"end":{"line":130,"column":null}},{"start":{},"end":{}}],"line":128},"9":{"loc":{"start":{"line":133,"column":4},"end":{"line":138,"column":null}},"type":"if","locations":[{"start":{"line":133,"column":4},"end":{"line":138,"column":null}},{"start":{},"end":{}}],"line":133},"10":{"loc":{"start":{"line":135,"column":6},"end":{"line":137,"column":null}},"type":"if","locations":[{"start":{"line":135,"column":6},"end":{"line":137,"column":null}},{"start":{},"end":{}}],"line":135},"11":{"loc":{"start":{"line":135,"column":10},"end":{"line":135,"column":46}},"type":"binary-expr","locations":[{"start":{"line":135,"column":10},"end":{"line":135,"column":30}},{"start":{"line":135,"column":30},"end":{"line":135,"column":46}}],"line":135},"12":{"loc":{"start":{"line":141,"column":3},"end":{"line":141,"column":null}},"type":"cond-expr","locations":[{"start":{"line":141,"column":3},"end":{"line":141,"column":null}},{"start":{"line":141,"column":3},"end":{"line":141,"column":null}}],"line":141},"13":{"loc":{"start":{"line":149,"column":4},"end":{"line":151,"column":null}},"type":"if","locations":[{"start":{"line":149,"column":4},"end":{"line":151,"column":null}},{"start":{},"end":{}}],"line":149},"14":{"loc":{"start":{"line":153,"column":4},"end":{"line":155,"column":null}},"type":"if","locations":[{"start":{"line":153,"column":4},"end":{"line":155,"column":null}},{"start":{},"end":{}}],"line":153},"15":{"loc":{"start":{"line":158,"column":3},"end":{"line":158,"column":null}},"type":"cond-expr","locations":[{"start":{"line":158,"column":3},"end":{"line":158,"column":null}},{"start":{"line":158,"column":3},"end":{"line":158,"column":null}}],"line":158},"16":{"loc":{"start":{"line":65,"column":13},"end":{"line":65,"column":19}},"type":"binary-expr","locations":[{"start":{"line":65,"column":13},"end":{"line":65,"column":19}},{"start":{"line":65,"column":13},"end":{"line":65,"column":19}}],"line":65},"17":{"loc":{"start":{"line":65,"column":29},"end":{"line":65,"column":29}},"type":"if","locations":[{"start":{"line":65,"column":29},"end":{"line":65,"column":29}},{"start":{},"end":{}}],"line":65},"18":{"loc":{"start":{"line":65,"column":13},"end":{"line":63,"column":null}},"type":"binary-expr","locations":[{"start":{"line":65,"column":13},"end":{"line":65,"column":19}},{"start":{"line":65,"column":13},"end":{"line":65,"column":19}},{"start":{"line":65,"column":13},"end":{"line":63,"column":null}}],"line":65},"19":{"loc":{"start":{"line":65,"column":13},"end":{"line":65,"column":null}},"type":"binary-expr","locations":[{"start":{"line":65,"column":13},"end":{"line":65,"column":19}},{"start":{"line":65,"column":13},"end":{"line":65,"column":19}},{"start":{"line":65,"column":13},"end":{"line":65,"column":null}}],"line":65}},"s":{"0":1,"1":41,"2":41,"3":41,"4":41,"5":41,"6":41,"7":41,"8":41,"9":41,"10":41,"11":1,"12":6,"13":6,"14":6,"15":0,"16":6,"17":0,"18":6,"19":4,"20":4,"21":1,"22":5,"23":54,"24":54,"25":4,"26":54,"27":10,"28":54,"29":2,"30":2,"31":1,"32":114,"33":73,"34":73,"35":1},"f":{"0":6,"1":54,"2":2,"3":1},"b":{"0":[41,0],"1":[41,0],"2":[41,0],"3":[41,0],"4":[41,0],"5":[41,0],"6":[41,0],"7":[0,6],"8":[0,6],"9":[4,2],"10":[1,3],"11":[4,3],"12":[41,0],"13":[4,50],"14":[10,44],"15":[41,0],"16":[41,41],"17":[73,41],"18":[1,1,1],"19":[1,1,1]},"meta":{"lastBranch":20,"lastFunction":4,"lastStatement":36,"seen":{"s:65:6:53:25":0,"s:70:2:70:Infinity":1,"s:76:2:76:Infinity":2,"s:82:2:82:Infinity":3,"s:88:2:88:Infinity":4,"s:94:2:94:Infinity":5,"s:101:2:101:Infinity":6,"s:108:2:108:Infinity":7,"s:113:2:113:Infinity":8,"s:118:12:141:Infinity":9,"s:146:12:158:Infinity":10,"s:65:13:53:25":11,"b:70:41:70:Infinity:70:41:70:Infinity":0,"b:76:30:76:Infinity:76:30:76:Infinity":1,"b:82:37:82:Infinity:82:37:82:Infinity":2,"b:88:44:88:Infinity:88:44:88:Infinity":3,"b:94:34:94:Infinity:94:34:94:Infinity":4,"b:101:28:101:Infinity:101:28:101:Infinity":5,"b:108:43:108:Infinity:108:43:108:Infinity":6,"f:118:35:118:40":0,"s:119:17:119:Infinity":12,"s:120:16:120:Infinity":13,"b:123:4:125:Infinity:undefined:undefined:undefined:undefined":7,"s:123:4:125:Infinity":14,"s:124:6:124:Infinity":15,"b:128:4:130:Infinity:undefined:undefined:undefined:undefined":8,"s:128:4:130:Infinity":16,"s:129:6:129:Infinity":17,"b:133:4:138:Infinity:undefined:undefined:undefined:undefined":9,"s:133:4:138:Infinity":18,"s:134:23:134:Infinity":19,"b:135:6:137:Infinity:undefined:undefined:undefined:undefined":10,"s:135:6:137:Infinity":20,"b:135:10:135:30:135:30:135:46":11,"s:136:8:136:Infinity":21,"s:140:4:140:Infinity":22,"b:141:3:141:Infinity:141:3:141:Infinity":12,"f:146:35:146:40":1,"s:147:20:147:Infinity":23,"b:149:4:151:Infinity:undefined:undefined:undefined:undefined":13,"s:149:4:151:Infinity":24,"s:150:6:150:Infinity":25,"b:153:4:155:Infinity:undefined:undefined:undefined:undefined":14,"s:153:4:155:Infinity":26,"s:154:6:154:Infinity":27,"s:157:4:157:Infinity":28,"b:158:3:158:Infinity:158:3:158:Infinity":15,"f:163:12:163:25":2,"s:164:4:164:Infinity":29,"s:165:4:165:Infinity":30,"s:65:13:65:Infinity":31,"b:65:13:65:19:65:13:65:19":16,"f:65:29:65:Infinity":3,"b:65:29:65:29:undefined:undefined:undefined:undefined":17,"s:65:29:65:29":32,"s:65:13:65:22":33,"s:65:13:65:29":34,"s:65:13:63:Infinity":35,"b:65:13:65:19:65:13:65:19:65:13:63:Infinity":18,"b:65:13:65:19:65:13:65:19:65:13:65:Infinity":19}}}
,"/home/runner/work/academic-unir-tesis/academic-unir-tesis/projects/ui/src/lib/atoms/button/button.component.html": {"path":"/home/runner/work/academic-unir-tesis/academic-unir-tesis/projects/ui/src/lib/atoms/button/button.component.html","statementMap":{"0":{"start":{"line":14,"column":4},"end":{"line":14,"column":null}},"1":{"start":{"line":20,"column":6},"end":{"line":20,"column":null}},"2":{"start":{"line":22,"column":6},"end":{"line":22,"column":null}},"3":{"start":{"line":1,"column":0},"end":{"line":1,"column":null}},"4":{"start":{"line":5,"column":2},"end":{"line":5,"column":null}},"5":{"start":{"line":5,"column":2},"end":{"line":5,"column":30}},"6":{"start":{"line":8,"column":2},"end":{"line":8,"column":null}},"7":{"start":{"line":9,"column":4},"end":{"line":9,"column":null}},"8":{"start":{"line":10,"column":2},"end":{"line":10,"column":null}},"9":{"start":{"line":13,"column":2},"end":{"line":13,"column":null}},"10":{"start":{"line":18,"column":2},"end":{"line":18,"column":35}},"11":{"start":{"line":19,"column":4},"end":{"line":19,"column":null}},"12":{"start":{"line":24,"column":2},"end":{"line":24,"column":null}},"13":{"start":{"line":27,"column":2},"end":{"line":27,"column":null}},"14":{"start":{"line":28,"column":4},"end":{"line":28,"column":null}},"15":{"start":{"line":29,"column":2},"end":{"line":29,"column":null}},"16":{"start":{"line":2,"column":2},"end":{"line":2,"column":null}},"17":{"start":{"line":18,"column":35},"end":{"line":18,"column":null}},"18":{"start":{"line":19,"column":4},"end":{"line":19,"column":18}}},"fnMap":{"0":{"name":"ZgButtonComponent_Template_button_click_0_listener","decl":{"start":{"line":5,"column":2},"end":{"line":5,"column":11}},"loc":{"start":{"line":5,"column":2},"end":{"line":5,"column":null}},"line":5}},"branchMap":{"0":{"loc":{"start":{"line":2,"column":17},"end":{"line":2,"column":null}},"type":"binary-expr","locations":[{"start":{"line":2,"column":17},"end":{"line":2,"column":null}},{"start":{"line":2,"column":17},"end":{"line":2,"column":null}}],"line":2},"1":{"loc":{"start":{"line":13,"column":2},"end":{"line":13,"column":null}},"type":"cond-expr","locations":[{"start":{"line":13,"column":2},"end":{"line":13,"column":null}},{"start":{"line":13,"column":2},"end":{"line":13,"column":null}}],"line":13},"2":{"loc":{"start":{"line":19,"column":4},"end":{"line":19,"column":18}},"type":"cond-expr","locations":[{"start":{"line":19,"column":4},"end":{"line":19,"column":18}},{"start":{"line":19,"column":4},"end":{"line":19,"column":18}}],"line":19}},"s":{"0":4,"1":0,"2":112,"3":112,"4":112,"5":14,"6":112,"7":112,"8":112,"9":155,"10":112,"11":112,"12":112,"13":112,"14":112,"15":112,"16":155,"17":155,"18":155},"f":{"0":14},"b":{"0":[155,109],"1":[4,151],"2":[0,155]},"meta":{"lastBranch":3,"lastFunction":1,"lastStatement":19,"seen":{"s:14:4:14:Infinity":0,"s:20:6:20:Infinity":1,"s:22:6:22:Infinity":2,"s:1:0:1:Infinity":3,"s:5:2:5:Infinity":4,"f:5:2:5:11":0,"s:5:2:5:30":5,"s:8:2:8:Infinity":6,"s:9:4:9:Infinity":7,"s:10:2:10:Infinity":8,"s:13:2:13:Infinity":9,"s:18:2:18:35":10,"s:19:4:19:Infinity":11,"s:24:2:24:Infinity":12,"s:27:2:27:Infinity":13,"s:28:4:28:Infinity":14,"s:29:2:29:Infinity":15,"s:2:2:2:Infinity":16,"b:2:17:2:Infinity:2:17:2:Infinity":0,"b:13:2:13:Infinity:13:2:13:Infinity":1,"s:18:35:18:Infinity":17,"s:19:4:19:18":18,"b:19:4:19:18:19:4:19:18":2}}}
,"/home/runner/work/academic-unir-tesis/academic-unir-tesis/projects/ui/src/lib/atoms/button/button.component.ts": {"path":"/home/runner/work/academic-unir-tesis/academic-unir-tesis/projects/ui/src/lib/atoms/button/button.component.ts","statementMap":{"0":{"start":{"line":68,"column":6},"end":{"line":56,"column":25}},"1":{"start":{"line":73,"column":2},"end":{"line":73,"column":null}},"2":{"start":{"line":79,"column":2},"end":{"line":79,"column":null}},"3":{"start":{"line":85,"column":2},"end":{"line":85,"column":null}},"4":{"start":{"line":91,"column":2},"end":{"line":91,"column":null}},"5":{"start":{"line":97,"column":2},"end":{"line":97,"column":null}},"6":{"start":{"line":103,"column":2},"end":{"line":103,"column":null}},"7":{"start":{"line":109,"column":2},"end":{"line":109,"column":null}},"8":{"start":{"line":115,"column":2},"end":{"line":115,"column":null}},"9":{"start":{"line":121,"column":2},"end":{"line":121,"column":null}},"10":{"start":{"line":126,"column":2},"end":{"line":126,"column":null}},"11":{"start":{"line":131,"column":12},"end":{"line":131,"column":null}},"12":{"start":{"line":136,"column":12},"end":{"line":148,"column":null}},"13":{"start":{"line":68,"column":13},"end":{"line":56,"column":25}},"14":{"start":{"line":137,"column":20},"end":{"line":137,"column":null}},"15":{"start":{"line":139,"column":4},"end":{"line":141,"column":null}},"16":{"start":{"line":140,"column":6},"end":{"line":140,"column":null}},"17":{"start":{"line":143,"column":4},"end":{"line":145,"column":null}},"18":{"start":{"line":144,"column":6},"end":{"line":144,"column":null}},"19":{"start":{"line":147,"column":4},"end":{"line":147,"column":null}},"20":{"start":{"line":154,"column":4},"end":{"line":158,"column":null}},"21":{"start":{"line":155,"column":6},"end":{"line":155,"column":null}},"22":{"start":{"line":156,"column":6},"end":{"line":156,"column":null}},"23":{"start":{"line":157,"column":6},"end":{"line":157,"column":null}},"24":{"start":{"line":160,"column":4},"end":{"line":160,"column":null}},"25":{"start":{"line":168,"column":4},"end":{"line":168,"column":null}},"26":{"start":{"line":68,"column":13},"end":{"line":68,"column":null}},"27":{"start":{"line":68,"column":30},"end":{"line":68,"column":30}},"28":{"start":{"line":68,"column":13},"end":{"line":68,"column":26}},"29":{"start":{"line":68,"column":13},"end":{"line":68,"column":30}},"30":{"start":{"line":68,"column":13},"end":{"line":66,"column":null}}},"fnMap":{"0":{"name":"(anonymous_0)","decl":{"start":{"line":136,"column":35},"end":{"line":136,"column":40}},"loc":{"start":{"line":136,"column":40},"end":{"line":148,"column":3}},"line":136},"1":{"name":"(anonymous_1)","decl":{"start":{"line":153,"column":12},"end":{"line":153,"column":24}},"loc":{"start":{"line":153,"column":41},"end":{"line":161,"column":null}},"line":153},"2":{"name":"(anonymous_2)","decl":{"start":{"line":167,"column":9},"end":{"line":167,"column":20}},"loc":{"start":{"line":167,"column":36},"end":{"line":169,"column":null}},"line":167},"3":{"name":"(anonymous_3)","decl":{"start":{"line":68,"column":30},"end":{"line":68,"column":null}},"loc":{"start":{"line":68,"column":30},"end":{"line":68,"column":30}},"line":68}},"branchMap":{"0":{"loc":{"start":{"line":73,"column":42},"end":{"line":73,"column":null}},"type":"cond-expr","locations":[{"start":{"line":73,"column":42},"end":{"line":73,"column":null}},{"start":{"line":73,"column":42},"end":{"line":73,"column":null}}],"line":73},"1":{"loc":{"start":{"line":79,"column":31},"end":{"line":79,"column":null}},"type":"cond-expr","locations":[{"start":{"line":79,"column":31},"end":{"line":79,"column":null}},{"start":{"line":79,"column":31},"end":{"line":79,"column":null}}],"line":79},"2":{"loc":{"start":{"line":85,"column":38},"end":{"line":85,"column":null}},"type":"cond-expr","locations":[{"start":{"line":85,"column":38},"end":{"line":85,"column":null}},{"start":{"line":85,"column":38},"end":{"line":85,"column":null}}],"line":85},"3":{"loc":{"start":{"line":91,"column":33},"end":{"line":91,"column":null}},"type":"cond-expr","locations":[{"start":{"line":91,"column":33},"end":{"line":91,"column":null}},{"start":{"line":91,"column":33},"end":{"line":91,"column":null}}],"line":91},"4":{"loc":{"start":{"line":97,"column":32},"end":{"line":97,"column":null}},"type":"cond-expr","locations":[{"start":{"line":97,"column":32},"end":{"line":97,"column":null}},{"start":{"line":97,"column":32},"end":{"line":97,"column":null}}],"line":97},"5":{"loc":{"start":{"line":103,"column":34},"end":{"line":103,"column":null}},"type":"cond-expr","locations":[{"start":{"line":103,"column":34},"end":{"line":103,"column":null}},{"start":{"line":103,"column":34},"end":{"line":103,"column":null}}],"line":103},"6":{"loc":{"start":{"line":109,"column":35},"end":{"line":109,"column":null}},"type":"cond-expr","locations":[{"start":{"line":109,"column":35},"end":{"line":109,"column":null}},{"start":{"line":109,"column":35},"end":{"line":109,"column":null}}],"line":109},"7":{"loc":{"start":{"line":115,"column":45},"end":{"line":115,"column":null}},"type":"cond-expr","locations":[{"start":{"line":115,"column":45},"end":{"line":115,"column":null}},{"start":{"line":115,"column":45},"end":{"line":115,"column":null}}],"line":115},"8":{"loc":{"start":{"line":121,"column":44},"end":{"line":121,"column":null}},"type":"cond-expr","locations":[{"start":{"line":121,"column":44},"end":{"line":121,"column":null}},{"start":{"line":121,"column":44},"end":{"line":121,"column":null}}],"line":121},"9":{"loc":{"start":{"line":131,"column":36},"end":{"line":131,"column":null}},"type":"cond-expr","locations":[{"start":{"line":131,"column":36},"end":{"line":131,"column":null}},{"start":{"line":131,"column":36},"end":{"line":131,"column":null}}],"line":131},"10":{"loc":{"start":{"line":139,"column":4},"end":{"line":141,"column":null}},"type":"if","locations":[{"start":{"line":139,"column":4},"end":{"line":141,"column":null}},{"start":{},"end":{}}],"line":139},"11":{"loc":{"start":{"line":143,"column":4},"end":{"line":145,"column":null}},"type":"if","locations":[{"start":{"line":143,"column":4},"end":{"line":145,"column":null}},{"start":{},"end":{}}],"line":143},"12":{"loc":{"start":{"line":143,"column":8},"end":{"line":143,"column":44}},"type":"binary-expr","locations":[{"start":{"line":143,"column":8},"end":{"line":143,"column":26}},{"start":{"line":143,"column":26},"end":{"line":143,"column":44}}],"line":143},"13":{"loc":{"start":{"line":148,"column":3},"end":{"line":148,"column":null}},"type":"cond-expr","locations":[{"start":{"line":148,"column":3},"end":{"line":148,"column":null}},{"start":{"line":148,"column":3},"end":{"line":148,"column":null}}],"line":148},"14":{"loc":{"start":{"line":154,"column":4},"end":{"line":158,"column":null}},"type":"if","locations":[{"start":{"line":154,"column":4},"end":{"line":158,"column":null}},{"start":{},"end":{}}],"line":154},"15":{"loc":{"start":{"line":154,"column":8},"end":{"line":154,"column":63}},"type":"binary-expr","locations":[{"start":{"line":154,"column":8},"end":{"line":154,"column":27}},{"start":{"line":154,"column":27},"end":{"line":154,"column":45}},{"start":{"line":154,"column":45},"end":{"line":154,"column":63}}],"line":154},"16":{"loc":{"start":{"line":68,"column":13},"end":{"line":68,"column":19}},"type":"binary-expr","locations":[{"start":{"line":68,"column":13},"end":{"line":68,"column":19}},{"start":{"line":68,"column":13},"end":{"line":68,"column":19}}],"line":68},"17":{"loc":{"start":{"line":68,"column":30},"end":{"line":68,"column":30}},"type":"if","locations":[{"start":{"line":68,"column":30},"end":{"line":68,"column":30}},{"start":{},"end":{}}],"line":68},"18":{"loc":{"start":{"line":68,"column":13},"end":{"line":66,"column":null}},"type":"binary-expr","locations":[{"start":{"line":68,"column":13},"end":{"line":68,"column":19}},{"start":{"line":68,"column":13},"end":{"line":68,"column":19}},{"start":{"line":68,"column":13},"end":{"line":66,"column":null}}],"line":68},"19":{"loc":{"start":{"line":68,"column":13},"end":{"line":68,"column":null}},"type":"binary-expr","locations":[{"start":{"line":68,"column":13},"end":{"line":68,"column":19}},{"start":{"line":68,"column":13},"end":{"line":68,"column":19}},{"start":{"line":68,"column":13},"end":{"line":68,"column":null}}],"line":68}},"s":{"0":3,"1":112,"2":112,"3":112,"4":112,"5":112,"6":112,"7":112,"8":112,"9":112,"10":112,"11":112,"12":112,"13":3,"14":118,"15":118,"16":0,"17":118,"18":5,"19":118,"20":14,"21":0,"22":0,"23":0,"24":14,"25":2,"26":3,"27":317,"28":205,"29":205,"30":3},"f":{"0":118,"1":14,"2":2,"3":3},"b":{"0":[112,0],"1":[112,0],"2":[112,0],"3":[112,0],"4":[112,0],"5":[112,0],"6":[112,0],"7":[112,0],"8":[112,0],"9":[112,0],"10":[0,118],"11":[5,113],"12":[118,114],"13":[112,0],"14":[0,14],"15":[14,14,14],"16":[112,112],"17":[205,112],"18":[3,3,3],"19":[3,3,3]},"meta":{"lastBranch":20,"lastFunction":4,"lastStatement":31,"seen":{"s:68:6:56:25":0,"s:73:2:73:Infinity":1,"s:79:2:79:Infinity":2,"s:85:2:85:Infinity":3,"s:91:2:91:Infinity":4,"s:97:2:97:Infinity":5,"s:103:2:103:Infinity":6,"s:109:2:109:Infinity":7,"s:115:2:115:Infinity":8,"s:121:2:121:Infinity":9,"s:126:2:126:Infinity":10,"s:131:12:131:Infinity":11,"s:136:12:148:Infinity":12,"s:68:13:56:25":13,"b:73:42:73:Infinity:73:42:73:Infinity":0,"b:79:31:79:Infinity:79:31:79:Infinity":1,"b:85:38:85:Infinity:85:38:85:Infinity":2,"b:91:33:91:Infinity:91:33:91:Infinity":3,"b:97:32:97:Infinity:97:32:97:Infinity":4,"b:103:34:103:Infinity:103:34:103:Infinity":5,"b:109:35:109:Infinity:109:35:109:Infinity":6,"b:115:45:115:Infinity:115:45:115:Infinity":7,"b:121:44:121:Infinity:121:44:121:Infinity":8,"b:131:36:131:Infinity:131:36:131:Infinity":9,"f:136:35:136:40":0,"s:137:20:137:Infinity":14,"b:139:4:141:Infinity:undefined:undefined:undefined:undefined":10,"s:139:4:141:Infinity":15,"s:140:6:140:Infinity":16,"b:143:4:145:Infinity:undefined:undefined:undefined:undefined":11,"s:143:4:145:Infinity":17,"b:143:8:143:26:143:26:143:44":12,"s:144:6:144:Infinity":18,"s:147:4:147:Infinity":19,"b:148:3:148:Infinity:148:3:148:Infinity":13,"f:153:12:153:24":1,"b:154:4:158:Infinity:undefined:undefined:undefined:undefined":14,"s:154:4:158:Infinity":20,"b:154:8:154:27:154:27:154:45:154:45:154:63":15,"s:155:6:155:Infinity":21,"s:156:6:156:Infinity":22,"s:157:6:157:Infinity":23,"s:160:4:160:Infinity":24,"f:167:9:167:20":2,"s:168:4:168:Infinity":25,"s:68:13:68:Infinity":26,"b:68:13:68:19:68:13:68:19":16,"f:68:30:68:Infinity":3,"b:68:30:68:30:undefined:undefined:undefined:undefined":17,"s:68:30:68:30":27,"s:68:13:68:26":28,"s:68:13:68:30":29,"s:68:13:66:Infinity":30,"b:68:13:68:19:68:13:68:19:68:13:66:Infinity":18,"b:68:13:68:19:68:13:68:19:68:13:68:Infinity":19}}}
,"/home/runner/work/academic-unir-tesis/academic-unir-tesis/projects/ui/src/lib/atoms/chip/chip.component.html": {"path":"/home/runner/work/academic-unir-tesis/academic-unir-tesis/projects/ui/src/lib/atoms/chip/chip.component.html","statementMap":{"0":{"start":{"line":18,"column":6},"end":{"line":18,"column":null}},"1":{"start":{"line":20,"column":6},"end":{"line":20,"column":null}},"2":{"start":{"line":1,"column":0},"end":{"line":1,"column":null}},"3":{"start":{"line":7,"column":2},"end":{"line":8,"column":null}},"4":{"start":{"line":7,"column":2},"end":{"line":7,"column":24}},"5":{"start":{"line":7,"column":25},"end":{"line":8,"column":34}},"6":{"start":{"line":11,"column":2},"end":{"line":11,"column":null}},"7":{"start":{"line":12,"column":4},"end":{"line":12,"column":null}},"8":{"start":{"line":13,"column":2},"end":{"line":13,"column":null}},"9":{"start":{"line":16,"column":2},"end":{"line":16,"column":null}},"10":{"start":{"line":17,"column":4},"end":{"line":17,"column":null}},"11":{"start":{"line":22,"column":2},"end":{"line":22,"column":null}},"12":{"start":{"line":25,"column":2},"end":{"line":25,"column":null}},"13":{"start":{"line":26,"column":4},"end":{"line":26,"column":null}},"14":{"start":{"line":27,"column":2},"end":{"line":27,"column":null}},"15":{"start":{"line":4,"column":2},"end":{"line":4,"column":null}},"16":{"start":{"line":17,"column":4},"end":{"line":17,"column":18}}},"fnMap":{"0":{"name":"ZgChipComponent_Template_button_click_0_listener","decl":{"start":{"line":7,"column":2},"end":{"line":7,"column":11}},"loc":{"start":{"line":7,"column":2},"end":{"line":7,"column":25}},"line":7},"1":{"name":"ZgChipComponent_Template_button_keydown_0_listener","decl":{"start":{"line":7,"column":25},"end":{"line":7,"column":null}},"loc":{"start":{"line":7,"column":25},"end":{"line":8,"column":null}},"line":7}},"branchMap":{"0":{"loc":{"start":{"line":17,"column":4},"end":{"line":17,"column":18}},"type":"cond-expr","locations":[{"start":{"line":17,"column":4},"end":{"line":17,"column":18}},{"start":{"line":17,"column":4},"end":{"line":17,"column":18}}],"line":17}},"s":{"0":1,"1":86,"2":86,"3":86,"4":7,"5":6,"6":86,"7":86,"8":86,"9":86,"10":86,"11":86,"12":86,"13":86,"14":86,"15":118,"16":118},"f":{"0":7,"1":6},"b":{"0":[1,117]},"meta":{"lastBranch":1,"lastFunction":2,"lastStatement":17,"seen":{"s:18:6:18:Infinity":0,"s:20:6:20:Infinity":1,"s:1:0:1:Infinity":2,"s:7:2:8:Infinity":3,"f:7:2:7:11":0,"s:7:2:7:24":4,"f:7:25:7:Infinity":1,"s:7:25:8:34":5,"s:11:2:11:Infinity":6,"s:12:4:12:Infinity":7,"s:13:2:13:Infinity":8,"s:16:2:16:Infinity":9,"s:17:4:17:Infinity":10,"s:22:2:22:Infinity":11,"s:25:2:25:Infinity":12,"s:26:4:26:Infinity":13,"s:27:2:27:Infinity":14,"s:4:2:4:Infinity":15,"s:17:4:17:18":16,"b:17:4:17:18:17:4:17:18":0}}}
,"/home/runner/work/academic-unir-tesis/academic-unir-tesis/projects/ui/src/lib/atoms/chip/chip.component.ts": {"path":"/home/runner/work/academic-unir-tesis/academic-unir-tesis/projects/ui/src/lib/atoms/chip/chip.component.ts","statementMap":{"0":{"start":{"line":91,"column":6},"end":{"line":79,"column":25}},"1":{"start":{"line":96,"column":2},"end":{"line":96,"column":null}},"2":{"start":{"line":102,"column":2},"end":{"line":102,"column":null}},"3":{"start":{"line":109,"column":2},"end":{"line":109,"column":null}},"4":{"start":{"line":116,"column":2},"end":{"line":116,"column":null}},"5":{"start":{"line":122,"column":2},"end":{"line":122,"column":null}},"6":{"start":{"line":128,"column":2},"end":{"line":128,"column":null}},"7":{"start":{"line":134,"column":2},"end":{"line":134,"column":null}},"8":{"start":{"line":140,"column":12},"end":{"line":142,"column":null}},"9":{"start":{"line":91,"column":13},"end":{"line":79,"column":25}},"10":{"start":{"line":141,"column":4},"end":{"line":141,"column":null}},"11":{"start":{"line":150,"column":4},"end":{"line":152,"column":null}},"12":{"start":{"line":151,"column":6},"end":{"line":151,"column":null}},"13":{"start":{"line":154,"column":29},"end":{"line":154,"column":null}},"14":{"start":{"line":155,"column":4},"end":{"line":155,"column":null}},"15":{"start":{"line":156,"column":4},"end":{"line":156,"column":null}},"16":{"start":{"line":164,"column":4},"end":{"line":166,"column":null}},"17":{"start":{"line":165,"column":6},"end":{"line":165,"column":null}},"18":{"start":{"line":169,"column":4},"end":{"line":172,"column":null}},"19":{"start":{"line":170,"column":6},"end":{"line":170,"column":null}},"20":{"start":{"line":171,"column":6},"end":{"line":171,"column":null}},"21":{"start":{"line":91,"column":13},"end":{"line":91,"column":null}},"22":{"start":{"line":91,"column":28},"end":{"line":91,"column":28}},"23":{"start":{"line":91,"column":13},"end":{"line":91,"column":26}},"24":{"start":{"line":91,"column":13},"end":{"line":91,"column":28}},"25":{"start":{"line":91,"column":13},"end":{"line":89,"column":null}}},"fnMap":{"0":{"name":"(anonymous_0)","decl":{"start":{"line":140,"column":35},"end":{"line":140,"column":40}},"loc":{"start":{"line":140,"column":40},"end":{"line":142,"column":3}},"line":140},"1":{"name":"(anonymous_1)","decl":{"start":{"line":149,"column":12},"end":{"line":149,"column":23}},"loc":{"start":{"line":149,"column":23},"end":{"line":157,"column":null}},"line":149},"2":{"name":"(anonymous_2)","decl":{"start":{"line":163,"column":12},"end":{"line":163,"column":26}},"loc":{"start":{"line":163,"column":46},"end":{"line":173,"column":null}},"line":163},"3":{"name":"(anonymous_3)","decl":{"start":{"line":91,"column":28},"end":{"line":91,"column":null}},"loc":{"start":{"line":91,"column":28},"end":{"line":91,"column":28}},"line":91}},"branchMap":{"0":{"loc":{"start":{"line":96,"column":39},"end":{"line":96,"column":null}},"type":"cond-expr","locations":[{"start":{"line":96,"column":39},"end":{"line":96,"column":null}},{"start":{"line":96,"column":39},"end":{"line":96,"column":null}}],"line":96},"1":{"loc":{"start":{"line":102,"column":29},"end":{"line":102,"column":null}},"type":"cond-expr","locations":[{"start":{"line":102,"column":29},"end":{"line":102,"column":null}},{"start":{"line":102,"column":29},"end":{"line":102,"column":null}}],"line":102},"2":{"loc":{"start":{"line":109,"column":33},"end":{"line":109,"column":null}},"type":"cond-expr","locations":[{"start":{"line":109,"column":33},"end":{"line":109,"column":null}},{"start":{"line":109,"column":33},"end":{"line":109,"column":null}}],"line":109},"3":{"loc":{"start":{"line":116,"column":33},"end":{"line":116,"column":null}},"type":"cond-expr","locations":[{"start":{"line":116,"column":33},"end":{"line":116,"column":null}},{"start":{"line":116,"column":33},"end":{"line":116,"column":null}}],"line":116},"4":{"loc":{"start":{"line":122,"column":44},"end":{"line":122,"column":null}},"type":"cond-expr","locations":[{"start":{"line":122,"column":44},"end":{"line":122,"column":null}},{"start":{"line":122,"column":44},"end":{"line":122,"column":null}}],"line":122},"5":{"loc":{"start":{"line":142,"column":3},"end":{"line":142,"column":null}},"type":"cond-expr","locations":[{"start":{"line":142,"column":3},"end":{"line":142,"column":null}},{"start":{"line":142,"column":3},"end":{"line":142,"column":null}}],"line":142},"6":{"loc":{"start":{"line":150,"column":4},"end":{"line":152,"column":null}},"type":"if","locations":[{"start":{"line":150,"column":4},"end":{"line":152,"column":null}},{"start":{},"end":{}}],"line":150},"7":{"loc":{"start":{"line":164,"column":4},"end":{"line":166,"column":null}},"type":"if","locations":[{"start":{"line":164,"column":4},"end":{"line":166,"column":null}},{"start":{},"end":{}}],"line":164},"8":{"loc":{"start":{"line":169,"column":4},"end":{"line":172,"column":null}},"type":"if","locations":[{"start":{"line":169,"column":4},"end":{"line":172,"column":null}},{"start":{},"end":{}}],"line":169},"9":{"loc":{"start":{"line":169,"column":8},"end":{"line":169,"column":52}},"type":"binary-expr","locations":[{"start":{"line":169,"column":8},"end":{"line":169,"column":33}},{"start":{"line":169,"column":33},"end":{"line":169,"column":52}}],"line":169},"10":{"loc":{"start":{"line":91,"column":13},"end":{"line":91,"column":19}},"type":"binary-expr","locations":[{"start":{"line":91,"column":13},"end":{"line":91,"column":19}},{"start":{"line":91,"column":13},"end":{"line":91,"column":19}}],"line":91},"11":{"loc":{"start":{"line":91,"column":28},"end":{"line":91,"column":28}},"type":"if","locations":[{"start":{"line":91,"column":28},"end":{"line":91,"column":28}},{"start":{},"end":{}}],"line":91},"12":{"loc":{"start":{"line":91,"column":13},"end":{"line":89,"column":null}},"type":"binary-expr","locations":[{"start":{"line":91,"column":13},"end":{"line":91,"column":19}},{"start":{"line":91,"column":13},"end":{"line":91,"column":19}},{"start":{"line":91,"column":13},"end":{"line":89,"column":null}}],"line":91},"13":{"loc":{"start":{"line":91,"column":13},"end":{"line":91,"column":null}},"type":"binary-expr","locations":[{"start":{"line":91,"column":13},"end":{"line":91,"column":19}},{"start":{"line":91,"column":13},"end":{"line":91,"column":19}},{"start":{"line":91,"column":13},"end":{"line":91,"column":null}}],"line":91}},"s":{"0":2,"1":86,"2":86,"3":86,"4":86,"5":86,"6":86,"7":86,"8":86,"9":2,"10":86,"11":11,"12":0,"13":11,"14":11,"15":11,"16":6,"17":1,"18":5,"19":4,"20":4,"21":2,"22":242,"23":156,"24":156,"25":2},"f":{"0":86,"1":11,"2":6,"3":2},"b":{"0":[86,0],"1":[86,0],"2":[86,0],"3":[86,0],"4":[86,0],"5":[86,0],"6":[0,11],"7":[1,5],"8":[4,1],"9":[5,3],"10":[86,86],"11":[156,86],"12":[2,2,2],"13":[2,2,2]},"meta":{"lastBranch":14,"lastFunction":4,"lastStatement":26,"seen":{"s:91:6:79:25":0,"s:96:2:96:Infinity":1,"s:102:2:102:Infinity":2,"s:109:2:109:Infinity":3,"s:116:2:116:Infinity":4,"s:122:2:122:Infinity":5,"s:128:2:128:Infinity":6,"s:134:2:134:Infinity":7,"s:140:12:142:Infinity":8,"s:91:13:79:25":9,"b:96:39:96:Infinity:96:39:96:Infinity":0,"b:102:29:102:Infinity:102:29:102:Infinity":1,"b:109:33:109:Infinity:109:33:109:Infinity":2,"b:116:33:116:Infinity:116:33:116:Infinity":3,"b:122:44:122:Infinity:122:44:122:Infinity":4,"f:140:35:140:40":0,"s:141:4:141:Infinity":10,"b:142:3:142:Infinity:142:3:142:Infinity":5,"f:149:12:149:23":1,"b:150:4:152:Infinity:undefined:undefined:undefined:undefined":6,"s:150:4:152:Infinity":11,"s:151:6:151:Infinity":12,"s:154:29:154:Infinity":13,"s:155:4:155:Infinity":14,"s:156:4:156:Infinity":15,"f:163:12:163:26":2,"b:164:4:166:Infinity:undefined:undefined:undefined:undefined":7,"s:164:4:166:Infinity":16,"s:165:6:165:Infinity":17,"b:169:4:172:Infinity:undefined:undefined:undefined:undefined":8,"s:169:4:172:Infinity":18,"b:169:8:169:33:169:33:169:52":9,"s:170:6:170:Infinity":19,"s:171:6:171:Infinity":20,"s:91:13:91:Infinity":21,"b:91:13:91:19:91:13:91:19":10,"f:91:28:91:Infinity":3,"b:91:28:91:28:undefined:undefined:undefined:undefined":11,"s:91:28:91:28":22,"s:91:13:91:26":23,"s:91:13:91:28":24,"s:91:13:89:Infinity":25,"b:91:13:91:19:91:13:91:19:91:13:89:Infinity":12,"b:91:13:91:19:91:13:91:19:91:13:91:Infinity":13}}}
,"/home/runner/work/academic-unir-tesis/academic-unir-tesis/projects/ui/src/lib/atoms/input/input.component.html": {"path":"/home/runner/work/academic-unir-tesis/academic-unir-tesis/projects/ui/src/lib/atoms/input/input.component.html","statementMap":{"0":{"start":{"line":2,"column":2},"end":{"line":2,"column":null}},"1":{"start":{"line":3,"column":4},"end":{"line":3,"column":null}},"2":{"start":{"line":4,"column":2},"end":{"line":4,"column":null}},"3":{"start":{"line":31,"column":4},"end":{"line":31,"column":50}},"4":{"start":{"line":31,"column":50},"end":{"line":31,"column":null}},"5":{"start":{"line":31,"column":50},"end":{"line":31,"column":59}},"6":{"start":{"line":32,"column":6},"end":{"line":32,"column":null}},"7":{"start":{"line":33,"column":8},"end":{"line":33,"column":null}},"8":{"start":{"line":34,"column":6},"end":{"line":34,"column":null}},"9":{"start":{"line":35,"column":6},"end":{"line":35,"column":69}},"10":{"start":{"line":35,"column":69},"end":{"line":35,"column":76}},"11":{"start":{"line":35,"column":76},"end":{"line":35,"column":null}},"12":{"start":{"line":40,"column":2},"end":{"line":40,"column":7}},"13":{"start":{"line":40,"column":46},"end":{"line":40,"column":59}},"14":{"start":{"line":40,"column":59},"end":{"line":40,"column":null}},"15":{"start":{"line":40,"column":7},"end":{"line":40,"column":46}},"16":{"start":{"line":43,"column":2},"end":{"line":43,"column":7}},"17":{"start":{"line":43,"column":48},"end":{"line":43,"column":66}},"18":{"start":{"line":43,"column":66},"end":{"line":43,"column":null}},"19":{"start":{"line":43,"column":7},"end":{"line":43,"column":48}},"20":{"start":{"line":1,"column":0},"end":{"line":1,"column":null}},"21":{"start":{"line":6,"column":0},"end":{"line":6,"column":null}},"22":{"start":{"line":8,"column":4},"end":{"line":8,"column":null}},"23":{"start":{"line":9,"column":2},"end":{"line":9,"column":null}},"24":{"start":{"line":10,"column":2},"end":{"line":10,"column":null}},"25":{"start":{"line":20,"column":4},"end":{"line":22,"column":null}},"26":{"start":{"line":20,"column":4},"end":{"line":20,"column":28}},"27":{"start":{"line":20,"column":29},"end":{"line":21,"column":28}},"28":{"start":{"line":21,"column":29},"end":{"line":22,"column":26}},"29":{"start":{"line":27,"column":2},"end":{"line":27,"column":null}},"30":{"start":{"line":28,"column":4},"end":{"line":28,"column":null}},"31":{"start":{"line":29,"column":2},"end":{"line":29,"column":null}},"32":{"start":{"line":30,"column":2},"end":{"line":30,"column":null}},"33":{"start":{"line":38,"column":0},"end":{"line":38,"column":null}},"34":{"start":{"line":39,"column":0},"end":{"line":39,"column":null}},"35":{"start":{"line":42,"column":0},"end":{"line":42,"column":null}},"36":{"start":{"line":12,"column":4},"end":{"line":12,"column":18}},"37":{"start":{"line":12,"column":4},"end":{"line":13,"column":null}}},"fnMap":{"0":{"name":"ZgInputComponent_Conditional_7_Template_button_click_0_listener","decl":{"start":{"line":31,"column":50},"end":{"line":31,"column":59}},"loc":{"start":{"line":31,"column":50},"end":{"line":31,"column":null}},"line":31},"1":{"name":"ZgInputComponent_Template_input_input_4_listener","decl":{"start":{"line":20,"column":4},"end":{"line":20,"column":13}},"loc":{"start":{"line":20,"column":4},"end":{"line":20,"column":29}},"line":20},"2":{"name":"ZgInputComponent_Template_input_focus_4_listener","decl":{"start":{"line":20,"column":29},"end":{"line":20,"column":null}},"loc":{"start":{"line":20,"column":29},"end":{"line":21,"column":29}},"line":20},"3":{"name":"ZgInputComponent_Template_input_blur_4_listener","decl":{"start":{"line":21,"column":29},"end":{"line":21,"column":null}},"loc":{"start":{"line":21,"column":29},"end":{"line":22,"column":null}},"line":21}},"branchMap":{"0":{"loc":{"start":{"line":1,"column":0},"end":{"line":1,"column":null}},"type":"cond-expr","locations":[{"start":{"line":1,"column":0},"end":{"line":1,"column":null}},{"start":{"line":1,"column":0},"end":{"line":1,"column":null}}],"line":1},"1":{"loc":{"start":{"line":30,"column":2},"end":{"line":30,"column":null}},"type":"cond-expr","locations":[{"start":{"line":30,"column":2},"end":{"line":30,"column":null}},{"start":{"line":30,"column":2},"end":{"line":30,"column":null}}],"line":30},"2":{"loc":{"start":{"line":39,"column":0},"end":{"line":39,"column":null}},"type":"cond-expr","locations":[{"start":{"line":39,"column":0},"end":{"line":39,"column":null}},{"start":{"line":39,"column":0},"end":{"line":39,"column":null}}],"line":39},"3":{"loc":{"start":{"line":42,"column":0},"end":{"line":42,"column":null}},"type":"cond-expr","locations":[{"start":{"line":42,"column":0},"end":{"line":42,"column":null}},{"start":{"line":42,"column":0},"end":{"line":42,"column":null}}],"line":42}},"s":{"0":6,"1":9,"2":6,"3":8,"4":2,"5":2,"6":8,"7":8,"8":8,"9":8,"10":8,"11":8,"12":2,"13":2,"14":2,"15":2,"16":1,"17":1,"18":1,"19":1,"20":50,"21":28,"22":28,"23":28,"24":28,"25":28,"26":3,"27":1,"28":1,"29":28,"30":28,"31":28,"32":50,"33":28,"34":50,"35":50,"36":50,"37":50},"f":{"0":2,"1":3,"2":1,"3":1},"b":{"0":[9,41],"1":[8,42],"2":[2,48],"3":[51,97]},"meta":{"lastBranch":4,"lastFunction":4,"lastStatement":38,"seen":{"s:2:2:2:Infinity":0,"s:3:4:3:Infinity":1,"s:4:2:4:Infinity":2,"s:31:4:31:50":3,"s:31:50:31:Infinity":4,"f:31:50:31:59":0,"s:31:50:31:59":5,"s:32:6:32:Infinity":6,"s:33:8:33:Infinity":7,"s:34:6:34:Infinity":8,"s:35:6:35:69":9,"s:35:69:35:76":10,"s:35:76:35:Infinity":11,"s:40:2:40:7":12,"s:40:46:40:59":13,"s:40:59:40:Infinity":14,"s:40:7:40:46":15,"s:43:2:43:7":16,"s:43:48:43:66":17,"s:43:66:43:Infinity":18,"s:43:7:43:48":19,"s:1:0:1:Infinity":20,"s:6:0:6:Infinity":21,"s:8:4:8:Infinity":22,"s:9:2:9:Infinity":23,"s:10:2:10:Infinity":24,"s:20:4:22:Infinity":25,"f:20:4:20:13":1,"s:20:4:20:28":26,"f:20:29:20:Infinity":2,"s:20:29:21:28":27,"f:21:29:21:Infinity":3,"s:21:29:22:26":28,"s:27:2:27:Infinity":29,"s:28:4:28:Infinity":30,"s:29:2:29:Infinity":31,"s:30:2:30:Infinity":32,"s:38:0:38:Infinity":33,"s:39:0:39:Infinity":34,"s:42:0:42:Infinity":35,"b:1:0:1:Infinity:1:0:1:Infinity":0,"s:12:4:12:18":36,"s:12:4:13:Infinity":37,"b:30:2:30:Infinity:30:2:30:Infinity":1,"b:39:0:39:Infinity:39:0:39:Infinity":2,"b:42:0:42:Infinity:42:0:42:Infinity":3}}}
,"/home/runner/work/academic-unir-tesis/academic-unir-tesis/projects/ui/src/lib/atoms/input/input.component.ts": {"path":"/home/runner/work/academic-unir-tesis/academic-unir-tesis/projects/ui/src/lib/atoms/input/input.component.ts","statementMap":{"0":{"start":{"line":14,"column":18},"end":{"line":14,"column":null}},"1":{"start":{"line":31,"column":6},"end":{"line":19,"column":25}},"2":{"start":{"line":33,"column":23},"end":{"line":33,"column":null}},"3":{"start":{"line":34,"column":28},"end":{"line":34,"column":null}},"4":{"start":{"line":35,"column":28},"end":{"line":35,"column":null}},"5":{"start":{"line":36,"column":29},"end":{"line":36,"column":null}},"6":{"start":{"line":39,"column":2},"end":{"line":39,"column":null}},"7":{"start":{"line":42,"column":2},"end":{"line":42,"column":null}},"8":{"start":{"line":45,"column":2},"end":{"line":45,"column":null}},"9":{"start":{"line":48,"column":2},"end":{"line":48,"column":null}},"10":{"start":{"line":51,"column":2},"end":{"line":51,"column":null}},"11":{"start":{"line":54,"column":2},"end":{"line":54,"column":null}},"12":{"start":{"line":57,"column":2},"end":{"line":57,"column":null}},"13":{"start":{"line":60,"column":2},"end":{"line":60,"column":null}},"14":{"start":{"line":63,"column":2},"end":{"line":63,"column":null}},"15":{"start":{"line":66,"column":2},"end":{"line":66,"column":null}},"16":{"start":{"line":69,"column":2},"end":{"line":69,"column":null}},"17":{"start":{"line":72,"column":2},"end":{"line":72,"column":null}},"18":{"start":{"line":75,"column":2},"end":{"line":75,"column":null}},"19":{"start":{"line":78,"column":2},"end":{"line":78,"column":null}},"20":{"start":{"line":81,"column":2},"end":{"line":81,"column":null}},"21":{"start":{"line":84,"column":2},"end":{"line":84,"column":null}},"22":{"start":{"line":87,"column":12},"end":{"line":87,"column":null}},"23":{"start":{"line":88,"column":12},"end":{"line":88,"column":null}},"24":{"start":{"line":91,"column":12},"end":{"line":98,"column":null}},"25":{"start":{"line":100,"column":12},"end":{"line":108,"column":null}},"26":{"start":{"line":110,"column":12},"end":{"line":112,"column":null}},"27":{"start":{"line":114,"column":12},"end":{"line":119,"column":null}},"28":{"start":{"line":31,"column":13},"end":{"line":19,"column":25}},"29":{"start":{"line":92,"column":20},"end":{"line":92,"column":null}},"30":{"start":{"line":93,"column":4},"end":{"line":93,"column":null}},"31":{"start":{"line":93,"column":26},"end":{"line":93,"column":null}},"32":{"start":{"line":94,"column":4},"end":{"line":94,"column":null}},"33":{"start":{"line":94,"column":22},"end":{"line":94,"column":null}},"34":{"start":{"line":95,"column":4},"end":{"line":95,"column":null}},"35":{"start":{"line":95,"column":25},"end":{"line":95,"column":null}},"36":{"start":{"line":96,"column":4},"end":{"line":96,"column":null}},"37":{"start":{"line":96,"column":26},"end":{"line":96,"column":null}},"38":{"start":{"line":97,"column":4},"end":{"line":97,"column":null}},"39":{"start":{"line":101,"column":4},"end":{"line":103,"column":null}},"40":{"start":{"line":102,"column":6},"end":{"line":102,"column":null}},"41":{"start":{"line":104,"column":4},"end":{"line":106,"column":null}},"42":{"start":{"line":105,"column":6},"end":{"line":105,"column":null}},"43":{"start":{"line":107,"column":4},"end":{"line":107,"column":null}},"44":{"start":{"line":111,"column":4},"end":{"line":111,"column":null}},"45":{"start":{"line":115,"column":4},"end":{"line":117,"column":null}},"46":{"start":{"line":116,"column":6},"end":{"line":116,"column":null}},"47":{"start":{"line":118,"column":4},"end":{"line":118,"column":null}},"48":{"start":{"line":122,"column":4},"end":{"line":124,"column":null}},"49":{"start":{"line":123,"column":6},"end":{"line":123,"column":null}},"50":{"start":{"line":129,"column":19},"end":{"line":129,"column":null}},"51":{"start":{"line":130,"column":4},"end":{"line":130,"column":null}},"52":{"start":{"line":131,"column":4},"end":{"line":131,"column":null}},"53":{"start":{"line":136,"column":4},"end":{"line":136,"column":null}},"54":{"start":{"line":137,"column":4},"end":{"line":137,"column":null}},"55":{"start":{"line":142,"column":4},"end":{"line":142,"column":null}},"56":{"start":{"line":143,"column":4},"end":{"line":143,"column":null}},"57":{"start":{"line":148,"column":4},"end":{"line":148,"column":null}},"58":{"start":{"line":149,"column":4},"end":{"line":149,"column":null}},"59":{"start":{"line":150,"column":4},"end":{"line":150,"column":null}},"60":{"start":{"line":31,"column":13},"end":{"line":31,"column":30}},"61":{"start":{"line":31,"column":29},"end":{"line":31,"column":27}},"62":{"start":{"line":31,"column":13},"end":{"line":32,"column":null}},"63":{"start":{"line":31,"column":13},"end":{"line":31,"column":27}},"64":{"start":{"line":31,"column":13},"end":{"line":29,"column":null}}},"fnMap":{"0":{"name":"(anonymous_0)","decl":{"start":{"line":91,"column":35},"end":{"line":91,"column":40}},"loc":{"start":{"line":91,"column":40},"end":{"line":98,"column":3}},"line":91},"1":{"name":"(anonymous_1)","decl":{"start":{"line":100,"column":35},"end":{"line":100,"column":40}},"loc":{"start":{"line":100,"column":40},"end":{"line":108,"column":3}},"line":100},"2":{"name":"(anonymous_2)","decl":{"start":{"line":110,"column":39},"end":{"line":110,"column":44}},"loc":{"start":{"line":110,"column":44},"end":{"line":112,"column":3}},"line":110},"3":{"name":"(anonymous_3)","decl":{"start":{"line":114,"column":38},"end":{"line":114,"column":43}},"loc":{"start":{"line":114,"column":43},"end":{"line":119,"column":3}},"line":114},"4":{"name":"(anonymous_4)","decl":{"start":{"line":121,"column":2},"end":{"line":121,"column":null}},"loc":{"start":{"line":121,"column":2},"end":{"line":125,"column":null}},"line":121},"5":{"name":"(anonymous_5)","decl":{"start":{"line":122,"column":11},"end":{"line":122,"column":16}},"loc":{"start":{"line":122,"column":16},"end":{"line":124,"column":5}},"line":122},"6":{"name":"(anonymous_6)","decl":{"start":{"line":128,"column":12},"end":{"line":128,"column":20}},"loc":{"start":{"line":128,"column":32},"end":{"line":132,"column":null}},"line":128},"7":{"name":"(anonymous_7)","decl":{"start":{"line":135,"column":12},"end":{"line":135,"column":20}},"loc":{"start":{"line":135,"column":37},"end":{"line":138,"column":null}},"line":135},"8":{"name":"(anonymous_8)","decl":{"start":{"line":141,"column":12},"end":{"line":141,"column":19}},"loc":{"start":{"line":141,"column":36},"end":{"line":144,"column":null}},"line":141},"9":{"name":"(anonymous_9)","decl":{"start":{"line":147,"column":12},"end":{"line":147,"column":19}},"loc":{"start":{"line":147,"column":19},"end":{"line":151,"column":null}},"line":147},"10":{"name":"(anonymous_10)","decl":{"start":{"line":31,"column":29},"end":{"line":31,"column":30}},"loc":{"start":{"line":31,"column":29},"end":{"line":31,"column":27}},"line":31}},"branchMap":{"0":{"loc":{"start":{"line":39,"column":32},"end":{"line":39,"column":null}},"type":"cond-expr","locations":[{"start":{"line":39,"column":32},"end":{"line":39,"column":null}},{"start":{"line":39,"column":32},"end":{"line":39,"column":null}}],"line":39},"1":{"loc":{"start":{"line":42,"column":26},"end":{"line":42,"column":null}},"type":"cond-expr","locations":[{"start":{"line":42,"column":26},"end":{"line":42,"column":null}},{"start":{"line":42,"column":26},"end":{"line":42,"column":null}}],"line":42},"2":{"loc":{"start":{"line":45,"column":32},"end":{"line":45,"column":null}},"type":"cond-expr","locations":[{"start":{"line":45,"column":32},"end":{"line":45,"column":null}},{"start":{"line":45,"column":32},"end":{"line":45,"column":null}}],"line":45},"3":{"loc":{"start":{"line":48,"column":26},"end":{"line":48,"column":null}},"type":"cond-expr","locations":[{"start":{"line":48,"column":26},"end":{"line":48,"column":null}},{"start":{"line":48,"column":26},"end":{"line":48,"column":null}}],"line":48},"4":{"loc":{"start":{"line":51,"column":33},"end":{"line":51,"column":null}},"type":"cond-expr","locations":[{"start":{"line":51,"column":33},"end":{"line":51,"column":null}},{"start":{"line":51,"column":33},"end":{"line":51,"column":null}}],"line":51},"5":{"loc":{"start":{"line":54,"column":33},"end":{"line":54,"column":null}},"type":"cond-expr","locations":[{"start":{"line":54,"column":33},"end":{"line":54,"column":null}},{"start":{"line":54,"column":33},"end":{"line":54,"column":null}}],"line":54},"6":{"loc":{"start":{"line":57,"column":45},"end":{"line":57,"column":null}},"type":"cond-expr","locations":[{"start":{"line":57,"column":45},"end":{"line":57,"column":null}},{"start":{"line":57,"column":45},"end":{"line":57,"column":null}}],"line":57},"7":{"loc":{"start":{"line":60,"column":30},"end":{"line":60,"column":null}},"type":"cond-expr","locations":[{"start":{"line":60,"column":30},"end":{"line":60,"column":null}},{"start":{"line":60,"column":30},"end":{"line":60,"column":null}}],"line":60},"8":{"loc":{"start":{"line":63,"column":34},"end":{"line":63,"column":null}},"type":"cond-expr","locations":[{"start":{"line":63,"column":34},"end":{"line":63,"column":null}},{"start":{"line":63,"column":34},"end":{"line":63,"column":null}}],"line":63},"9":{"loc":{"start":{"line":66,"column":33},"end":{"line":66,"column":null}},"type":"cond-expr","locations":[{"start":{"line":66,"column":33},"end":{"line":66,"column":null}},{"start":{"line":66,"column":33},"end":{"line":66,"column":null}}],"line":66},"10":{"loc":{"start":{"line":69,"column":49},"end":{"line":69,"column":null}},"type":"cond-expr","locations":[{"start":{"line":69,"column":49},"end":{"line":69,"column":null}},{"start":{"line":69,"column":49},"end":{"line":69,"column":null}}],"line":69},"11":{"loc":{"start":{"line":72,"column":31},"end":{"line":72,"column":null}},"type":"cond-expr","locations":[{"start":{"line":72,"column":31},"end":{"line":72,"column":null}},{"start":{"line":72,"column":31},"end":{"line":72,"column":null}}],"line":72},"12":{"loc":{"start":{"line":87,"column":36},"end":{"line":87,"column":null}},"type":"cond-expr","locations":[{"start":{"line":87,"column":36},"end":{"line":87,"column":null}},{"start":{"line":87,"column":36},"end":{"line":87,"column":null}}],"line":87},"13":{"loc":{"start":{"line":88,"column":37},"end":{"line":88,"column":null}},"type":"cond-expr","locations":[{"start":{"line":88,"column":37},"end":{"line":88,"column":null}},{"start":{"line":88,"column":37},"end":{"line":88,"column":null}}],"line":88},"14":{"loc":{"start":{"line":93,"column":4},"end":{"line":93,"column":null}},"type":"if","locations":[{"start":{"line":93,"column":4},"end":{"line":93,"column":null}},{"start":{},"end":{}}],"line":93},"15":{"loc":{"start":{"line":94,"column":4},"end":{"line":94,"column":null}},"type":"if","locations":[{"start":{"line":94,"column":4},"end":{"line":94,"column":null}},{"start":{},"end":{}}],"line":94},"16":{"loc":{"start":{"line":95,"column":4},"end":{"line":95,"column":null}},"type":"if","locations":[{"start":{"line":95,"column":4},"end":{"line":95,"column":null}},{"start":{},"end":{}}],"line":95},"17":{"loc":{"start":{"line":96,"column":4},"end":{"line":96,"column":null}},"type":"if","locations":[{"start":{"line":96,"column":4},"end":{"line":96,"column":null}},{"start":{},"end":{}}],"line":96},"18":{"loc":{"start":{"line":98,"column":3},"end":{"line":98,"column":null}},"type":"cond-expr","locations":[{"start":{"line":98,"column":3},"end":{"line":98,"column":null}},{"start":{"line":98,"column":3},"end":{"line":98,"column":null}}],"line":98},"19":{"loc":{"start":{"line":101,"column":4},"end":{"line":103,"column":null}},"type":"if","locations":[{"start":{"line":101,"column":4},"end":{"line":103,"column":null}},{"start":{},"end":{}}],"line":101},"20":{"loc":{"start":{"line":104,"column":4},"end":{"line":106,"column":null}},"type":"if","locations":[{"start":{"line":104,"column":4},"end":{"line":106,"column":null}},{"start":{},"end":{}}],"line":104},"21":{"loc":{"start":{"line":108,"column":3},"end":{"line":108,"column":null}},"type":"cond-expr","locations":[{"start":{"line":108,"column":3},"end":{"line":108,"column":null}},{"start":{"line":108,"column":3},"end":{"line":108,"column":null}}],"line":108},"22":{"loc":{"start":{"line":111,"column":11},"end":{"line":111,"column":null}},"type":"binary-expr","locations":[{"start":{"line":111,"column":11},"end":{"line":111,"column":31}},{"start":{"line":111,"column":31},"end":{"line":111,"column":51}},{"start":{"line":111,"column":51},"end":{"line":111,"column":null}}],"line":111},"23":{"loc":{"start":{"line":112,"column":3},"end":{"line":112,"column":null}},"type":"cond-expr","locations":[{"start":{"line":112,"column":3},"end":{"line":112,"column":null}},{"start":{"line":112,"column":3},"end":{"line":112,"column":null}}],"line":112},"24":{"loc":{"start":{"line":115,"column":4},"end":{"line":117,"column":null}},"type":"if","locations":[{"start":{"line":115,"column":4},"end":{"line":117,"column":null}},{"start":{},"end":{}}],"line":115},"25":{"loc":{"start":{"line":118,"column":11},"end":{"line":118,"column":null}},"type":"binary-expr","locations":[{"start":{"line":118,"column":11},"end":{"line":118,"column":40}},{"start":{"line":118,"column":40},"end":{"line":118,"column":null}}],"line":118},"26":{"loc":{"start":{"line":119,"column":3},"end":{"line":119,"column":null}},"type":"cond-expr","locations":[{"start":{"line":119,"column":3},"end":{"line":119,"column":null}},{"start":{"line":119,"column":3},"end":{"line":119,"column":null}}],"line":119},"27":{"loc":{"start":{"line":31,"column":13},"end":{"line":31,"column":19}},"type":"binary-expr","locations":[{"start":{"line":31,"column":13},"end":{"line":31,"column":19}},{"start":{"line":31,"column":13},"end":{"line":31,"column":19}}],"line":31},"28":{"loc":{"start":{"line":31,"column":29},"end":{"line":31,"column":27}},"type":"if","locations":[{"start":{"line":31,"column":29},"end":{"line":31,"column":27}},{"start":{},"end":{}}],"line":31},"29":{"loc":{"start":{"line":31,"column":13},"end":{"line":32,"column":2}},"type":"cond-expr","locations":[{"start":{"line":31,"column":26},"end":{"line":31,"column":27}},{"start":{"line":32,"column":1},"end":{"line":32,"column":2}}],"line":31},"30":{"loc":{"start":{"line":31,"column":13},"end":{"line":31,"column":null}},"type":"cond-expr","locations":[{"start":{"line":31,"column":23},"end":{"line":31,"column":26}},{"start":{"line":31,"column":30},"end":{"line":31,"column":null}}],"line":31},"31":{"loc":{"start":{"line":31,"column":13},"end":{"line":32,"column":5}},"type":"cond-expr","locations":[{"start":{"line":31,"column":27},"end":{"line":31,"column":29}},{"start":{"line":32,"column":2},"end":{"line":32,"column":5}}],"line":31},"32":{"loc":{"start":{"line":31,"column":13},"end":{"line":29,"column":null}},"type":"binary-expr","locations":[{"start":{"line":31,"column":13},"end":{"line":31,"column":19}},{"start":{"line":31,"column":13},"end":{"line":31,"column":19}},{"start":{"line":31,"column":13},"end":{"line":29,"column":null}}],"line":31},"33":{"loc":{"start":{"line":31,"column":13},"end":{"line":31,"column":30}},"type":"binary-expr","locations":[{"start":{"line":31,"column":13},"end":{"line":31,"column":19}},{"start":{"line":31,"column":13},"end":{"line":31,"column":19}},{"start":{"line":31,"column":13},"end":{"line":31,"column":30}}],"line":31}},"s":{"0":1,"1":1,"2":28,"3":28,"4":28,"5":28,"6":28,"7":28,"8":28,"9":28,"10":28,"11":28,"12":28,"13":28,"14":28,"15":28,"16":28,"17":28,"18":28,"19":28,"20":28,"21":28,"22":28,"23":28,"24":28,"25":28,"26":28,"27":28,"28":1,"29":33,"30":33,"31":9,"32":33,"33":2,"34":33,"35":2,"36":33,"37":1,"38":33,"39":31,"40":2,"41":29,"42":1,"43":28,"44":40,"45":34,"46":6,"47":28,"48":28,"49":36,"50":3,"51":3,"52":3,"53":1,"54":1,"55":1,"56":1,"57":2,"58":2,"59":2,"60":1,"61":84,"62":56,"63":56,"64":1},"f":{"0":33,"1":31,"2":40,"3":34,"4":28,"5":36,"6":3,"7":1,"8":1,"9":2,"10":1},"b":{"0":[28,0],"1":[28,0],"2":[28,0],"3":[28,0],"4":[28,0],"5":[28,0],"6":[28,0],"7":[28,0],"8":[28,0],"9":[28,0],"10":[28,0],"11":[28,0],"12":[28,0],"13":[28,0],"14":[9,24],"15":[2,31],"16":[2,31],"17":[1,32],"18":[28,0],"19":[2,29],"20":[1,28],"21":[28,0],"22":[40,39,37],"23":[28,0],"24":[6,28],"25":[28,18],"26":[28,0],"27":[28,28],"28":[56,28],"29":[3,53],"30":[2,54],"31":[18,38],"32":[1,1,1],"33":[1,1,1]},"meta":{"lastBranch":34,"lastFunction":11,"lastStatement":65,"seen":{"s:14:18:14:Infinity":0,"s:31:6:19:25":1,"s:33:23:33:Infinity":2,"s:34:28:34:Infinity":3,"s:35:28:35:Infinity":4,"s:36:29:36:Infinity":5,"s:39:2:39:Infinity":6,"s:42:2:42:Infinity":7,"s:45:2:45:Infinity":8,"s:48:2:48:Infinity":9,"s:51:2:51:Infinity":10,"s:54:2:54:Infinity":11,"s:57:2:57:Infinity":12,"s:60:2:60:Infinity":13,"s:63:2:63:Infinity":14,"s:66:2:66:Infinity":15,"s:69:2:69:Infinity":16,"s:72:2:72:Infinity":17,"s:75:2:75:Infinity":18,"s:78:2:78:Infinity":19,"s:81:2:81:Infinity":20,"s:84:2:84:Infinity":21,"s:87:12:87:Infinity":22,"s:88:12:88:Infinity":23,"s:91:12:98:Infinity":24,"s:100:12:108:Infinity":25,"s:110:12:112:Infinity":26,"s:114:12:119:Infinity":27,"s:31:13:19:25":28,"b:39:32:39:Infinity:39:32:39:Infinity":0,"b:42:26:42:Infinity:42:26:42:Infinity":1,"b:45:32:45:Infinity:45:32:45:Infinity":2,"b:48:26:48:Infinity:48:26:48:Infinity":3,"b:51:33:51:Infinity:51:33:51:Infinity":4,"b:54:33:54:Infinity:54:33:54:Infinity":5,"b:57:45:57:Infinity:57:45:57:Infinity":6,"b:60:30:60:Infinity:60:30:60:Infinity":7,"b:63:34:63:Infinity:63:34:63:Infinity":8,"b:66:33:66:Infinity:66:33:66:Infinity":9,"b:69:49:69:Infinity:69:49:69:Infinity":10,"b:72:31:72:Infinity:72:31:72:Infinity":11,"b:87:36:87:Infinity:87:36:87:Infinity":12,"b:88:37:88:Infinity:88:37:88:Infinity":13,"f:91:35:91:40":0,"s:92:20:92:Infinity":29,"b:93:4:93:Infinity:undefined:undefined:undefined:undefined":14,"s:93:4:93:Infinity":30,"s:93:26:93:Infinity":31,"b:94:4:94:Infinity:undefined:undefined:undefined:undefined":15,"s:94:4:94:Infinity":32,"s:94:22:94:Infinity":33,"b:95:4:95:Infinity:undefined:undefined:undefined:undefined":16,"s:95:4:95:Infinity":34,"s:95:25:95:Infinity":35,"b:96:4:96:Infinity:undefined:undefined:undefined:undefined":17,"s:96:4:96:Infinity":36,"s:96:26:96:Infinity":37,"s:97:4:97:Infinity":38,"b:98:3:98:Infinity:98:3:98:Infinity":18,"f:100:35:100:40":1,"b:101:4:103:Infinity:undefined:undefined:undefined:undefined":19,"s:101:4:103:Infinity":39,"s:102:6:102:Infinity":40,"b:104:4:106:Infinity:undefined:undefined:undefined:undefined":20,"s:104:4:106:Infinity":41,"s:105:6:105:Infinity":42,"s:107:4:107:Infinity":43,"b:108:3:108:Infinity:108:3:108:Infinity":21,"f:110:39:110:44":2,"s:111:4:111:Infinity":44,"b:111:11:111:31:111:31:111:51:111:51:111:Infinity":22,"b:112:3:112:Infinity:112:3:112:Infinity":23,"f:114:38:114:43":3,"b:115:4:117:Infinity:undefined:undefined:undefined:undefined":24,"s:115:4:117:Infinity":45,"s:116:6:116:Infinity":46,"s:118:4:118:Infinity":47,"b:118:11:118:40:118:40:118:Infinity":25,"b:119:3:119:Infinity:119:3:119:Infinity":26,"f:121:2:121:Infinity":4,"s:122:4:124:Infinity":48,"f:122:11:122:16":5,"s:123:6:123:Infinity":49,"f:128:12:128:20":6,"s:129:19:129:Infinity":50,"s:130:4:130:Infinity":51,"s:131:4:131:Infinity":52,"f:135:12:135:20":7,"s:136:4:136:Infinity":53,"s:137:4:137:Infinity":54,"f:141:12:141:19":8,"s:142:4:142:Infinity":55,"s:143:4:143:Infinity":56,"f:147:12:147:19":9,"s:148:4:148:Infinity":57,"s:149:4:149:Infinity":58,"s:150:4:150:Infinity":59,"s:31:13:31:30":60,"b:31:13:31:19:31:13:31:19":27,"f:31:29:31:30":10,"b:31:29:31:27:undefined:undefined:undefined:undefined":28,"s:31:29:31:27":61,"s:31:13:32:Infinity":62,"b:31:26:31:27:32:1:32:2":29,"b:31:23:31:26:31:30:31:Infinity":30,"b:31:27:31:29:32:2:32:5":31,"s:31:13:31:27":63,"s:31:13:29:Infinity":64,"b:31:13:31:19:31:13:31:19:31:13:29:Infinity":32,"b:31:13:31:19:31:13:31:19:31:13:31:30":33}}}
,"/home/runner/work/academic-unir-tesis/academic-unir-tesis/projects/ui/src/lib/atoms/section-title/section-title.component.html": {"path":"/home/runner/work/academic-unir-tesis/academic-unir-tesis/projects/ui/src/lib/atoms/section-title/section-title.component.html","statementMap":{"0":{"start":{"line":6,"column":2},"end":{"line":6,"column":null}},"1":{"start":{"line":7,"column":4},"end":{"line":9,"column":null}},"2":{"start":{"line":11,"column":2},"end":{"line":11,"column":null}},"3":{"start":{"line":1,"column":0},"end":{"line":1,"column":null}},"4":{"start":{"line":2,"column":2},"end":{"line":2,"column":null}},"5":{"start":{"line":3,"column":0},"end":{"line":3,"column":null}},"6":{"start":{"line":5,"column":0},"end":{"line":5,"column":null}}},"fnMap":{},"branchMap":{"0":{"loc":{"start":{"line":5,"column":0},"end":{"line":5,"column":null}},"type":"cond-expr","locations":[{"start":{"line":5,"column":0},"end":{"line":5,"column":null}},{"start":{"line":5,"column":0},"end":{"line":5,"column":null}}],"line":5}},"s":{"0":18,"1":18,"2":18,"3":28,"4":33,"5":28,"6":33},"f":{},"b":{"0":[20,13]},"meta":{"lastBranch":1,"lastFunction":0,"lastStatement":7,"seen":{"s:6:2:6:Infinity":0,"s:7:4:9:Infinity":1,"s:11:2:11:Infinity":2,"s:1:0:1:Infinity":3,"s:2:2:2:Infinity":4,"s:3:0:3:Infinity":5,"s:5:0:5:Infinity":6,"b:5:0:5:Infinity:5:0:5:Infinity":0}}}
,"/home/runner/work/academic-unir-tesis/academic-unir-tesis/projects/ui/src/lib/atoms/section-title/section-title.component.ts": {"path":"/home/runner/work/academic-unir-tesis/academic-unir-tesis/projects/ui/src/lib/atoms/section-title/section-title.component.ts","statementMap":{"0":{"start":{"line":21,"column":6},"end":{"line":5,"column":null}},"1":{"start":{"line":22,"column":2},"end":{"line":22,"column":null}},"2":{"start":{"line":23,"column":2},"end":{"line":23,"column":null}},"3":{"start":{"line":24,"column":2},"end":{"line":24,"column":null}},"4":{"start":{"line":25,"column":2},"end":{"line":25,"column":null}},"5":{"start":{"line":26,"column":2},"end":{"line":26,"column":null}},"6":{"start":{"line":27,"column":2},"end":{"line":27,"column":null}},"7":{"start":{"line":21,"column":13},"end":{"line":5,"column":null}},"8":{"start":{"line":21,"column":13},"end":{"line":21,"column":null}},"9":{"start":{"line":21,"column":36},"end":{"line":21,"column":36}},"10":{"start":{"line":21,"column":13},"end":{"line":21,"column":31}},"11":{"start":{"line":21,"column":13},"end":{"line":21,"column":36}},"12":{"start":{"line":21,"column":13},"end":{"line":19,"column":null}}},"fnMap":{"0":{"name":"(anonymous_0)","decl":{"start":{"line":21,"column":36},"end":{"line":21,"column":null}},"loc":{"start":{"line":21,"column":36},"end":{"line":21,"column":36}},"line":21}},"branchMap":{"0":{"loc":{"start":{"line":22,"column":26},"end":{"line":22,"column":null}},"type":"cond-expr","locations":[{"start":{"line":22,"column":26},"end":{"line":22,"column":null}},{"start":{"line":22,"column":26},"end":{"line":22,"column":null}}],"line":22},"1":{"loc":{"start":{"line":23,"column":42},"end":{"line":23,"column":null}},"type":"cond-expr","locations":[{"start":{"line":23,"column":42},"end":{"line":23,"column":null}},{"start":{"line":23,"column":42},"end":{"line":23,"column":null}}],"line":23},"2":{"loc":{"start":{"line":24,"column":37},"end":{"line":24,"column":null}},"type":"cond-expr","locations":[{"start":{"line":24,"column":37},"end":{"line":24,"column":null}},{"start":{"line":24,"column":37},"end":{"line":24,"column":null}}],"line":24},"3":{"loc":{"start":{"line":25,"column":35},"end":{"line":25,"column":null}},"type":"cond-expr","locations":[{"start":{"line":25,"column":35},"end":{"line":25,"column":null}},{"start":{"line":25,"column":35},"end":{"line":25,"column":null}}],"line":25},"4":{"loc":{"start":{"line":26,"column":56},"end":{"line":26,"column":null}},"type":"cond-expr","locations":[{"start":{"line":26,"column":56},"end":{"line":26,"column":null}},{"start":{"line":26,"column":56},"end":{"line":26,"column":null}}],"line":26},"5":{"loc":{"start":{"line":27,"column":44},"end":{"line":27,"column":null}},"type":"cond-expr","locations":[{"start":{"line":27,"column":44},"end":{"line":27,"column":null}},{"start":{"line":27,"column":44},"end":{"line":27,"column":null}}],"line":27},"6":{"loc":{"start":{"line":21,"column":13},"end":{"line":21,"column":19}},"type":"binary-expr","locations":[{"start":{"line":21,"column":13},"end":{"line":21,"column":19}},{"start":{"line":21,"column":13},"end":{"line":21,"column":19}}],"line":21},"7":{"loc":{"start":{"line":21,"column":36},"end":{"line":21,"column":36}},"type":"if","locations":[{"start":{"line":21,"column":36},"end":{"line":21,"column":36}},{"start":{},"end":{}}],"line":21},"8":{"loc":{"start":{"line":21,"column":13},"end":{"line":19,"column":null}},"type":"binary-expr","locations":[{"start":{"line":21,"column":13},"end":{"line":21,"column":19}},{"start":{"line":21,"column":13},"end":{"line":21,"column":19}},{"start":{"line":21,"column":13},"end":{"line":19,"column":null}}],"line":21},"9":{"loc":{"start":{"line":21,"column":13},"end":{"line":21,"column":null}},"type":"binary-expr","locations":[{"start":{"line":21,"column":13},"end":{"line":21,"column":19}},{"start":{"line":21,"column":13},"end":{"line":21,"column":19}},{"start":{"line":21,"column":13},"end":{"line":21,"column":null}}],"line":21}},"s":{"0":3,"1":28,"2":28,"3":28,"4":28,"5":28,"6":28,"7":3,"8":3,"9":78,"10":50,"11":50,"12":3},"f":{"0":3},"b":{"0":[28,0],"1":[28,0],"2":[28,0],"3":[28,0],"4":[28,0],"5":[28,0],"6":[28,28],"7":[50,28],"8":[3,3,3],"9":[3,3,3]},"meta":{"lastBranch":10,"lastFunction":1,"lastStatement":13,"seen":{"s:21:6:5:Infinity":0,"s:22:2:22:Infinity":1,"s:23:2:23:Infinity":2,"s:24:2:24:Infinity":3,"s:25:2:25:Infinity":4,"s:26:2:26:Infinity":5,"s:27:2:27:Infinity":6,"s:21:13:5:Infinity":7,"b:22:26:22:Infinity:22:26:22:Infinity":0,"b:23:42:23:Infinity:23:42:23:Infinity":1,"b:24:37:24:Infinity:24:37:24:Infinity":2,"b:25:35:25:Infinity:25:35:25:Infinity":3,"b:26:56:26:Infinity:26:56:26:Infinity":4,"b:27:44:27:Infinity:27:44:27:Infinity":5,"s:21:13:21:Infinity":8,"b:21:13:21:19:21:13:21:19":6,"f:21:36:21:Infinity":0,"b:21:36:21:36:undefined:undefined:undefined:undefined":7,"s:21:36:21:36":9,"s:21:13:21:31":10,"s:21:13:21:36":11,"s:21:13:19:Infinity":12,"b:21:13:21:19:21:13:21:19:21:13:19:Infinity":8,"b:21:13:21:19:21:13:21:19:21:13:21:Infinity":9}}}
,"/home/runner/work/academic-unir-tesis/academic-unir-tesis/projects/ui/src/lib/molecules/casino/casino-catalog-header/casino-catalog-header.component.html": {"path":"/home/runner/work/academic-unir-tesis/academic-unir-tesis/projects/ui/src/lib/molecules/casino/casino-catalog-header/casino-catalog-header.component.html","statementMap":{"0":{"start":{"line":3,"column":4},"end":{"line":3,"column":null}},"1":{"start":{"line":7,"column":6},"end":{"line":7,"column":null}},"2":{"start":{"line":7,"column":6},"end":{"line":7,"column":21}},"3":{"start":{"line":8,"column":5},"end":{"line":8,"column":null}},"4":{"start":{"line":5,"column":6},"end":{"line":5,"column":null}},"5":{"start":{"line":15,"column":6},"end":{"line":15,"column":49}},"6":{"start":{"line":15,"column":49},"end":{"line":15,"column":65}},"7":{"start":{"line":15,"column":65},"end":{"line":15,"column":null}},"8":{"start":{"line":1,"column":0},"end":{"line":1,"column":null}},"9":{"start":{"line":2,"column":2},"end":{"line":2,"column":null}},"10":{"start":{"line":11,"column":2},"end":{"line":11,"column":null}},"11":{"start":{"line":12,"column":48},"end":{"line":12,"column":61}},"12":{"start":{"line":12,"column":61},"end":{"line":12,"column":null}},"13":{"start":{"line":14,"column":4},"end":{"line":14,"column":null}},"14":{"start":{"line":17,"column":2},"end":{"line":17,"column":null}},"15":{"start":{"line":19,"column":2},"end":{"line":19,"column":null}},"16":{"start":{"line":20,"column":4},"end":{"line":20,"column":null}},"17":{"start":{"line":21,"column":2},"end":{"line":21,"column":null}}},"fnMap":{"0":{"name":"ZgCasinoCatalogHeaderComponent_Conditional_1_Template_zg_breadcrumb_itemClicked_0_listener","decl":{"start":{"line":7,"column":6},"end":{"line":7,"column":21}},"loc":{"start":{"line":7,"column":6},"end":{"line":7,"column":null}},"line":7}},"branchMap":{"0":{"loc":{"start":{"line":2,"column":2},"end":{"line":2,"column":null}},"type":"cond-expr","locations":[{"start":{"line":2,"column":2},"end":{"line":2,"column":null}},{"start":{"line":2,"column":2},"end":{"line":2,"column":null}}],"line":2},"1":{"loc":{"start":{"line":14,"column":4},"end":{"line":14,"column":null}},"type":"cond-expr","locations":[{"start":{"line":14,"column":4},"end":{"line":14,"column":null}},{"start":{"line":14,"column":4},"end":{"line":14,"column":null}}],"line":14}},"s":{"0":7,"1":2,"2":2,"3":7,"4":9,"5":2,"6":2,"7":2,"8":10,"9":12,"10":10,"11":12,"12":10,"13":12,"14":10,"15":10,"16":10,"17":10},"f":{"0":2},"b":{"0":[9,3],"1":[2,10]},"meta":{"lastBranch":2,"lastFunction":1,"lastStatement":18,"seen":{"s:3:4:3:Infinity":0,"s:7:6:7:Infinity":1,"f:7:6:7:21":0,"s:7:6:7:21":2,"s:8:5:8:Infinity":3,"s:5:6:5:Infinity":4,"s:15:6:15:49":5,"s:15:49:15:65":6,"s:15:65:15:Infinity":7,"s:1:0:1:Infinity":8,"s:2:2:2:Infinity":9,"s:11:2:11:Infinity":10,"s:12:48:12:61":11,"s:12:61:12:Infinity":12,"s:14:4:14:Infinity":13,"s:17:2:17:Infinity":14,"s:19:2:19:Infinity":15,"s:20:4:20:Infinity":16,"s:21:2:21:Infinity":17,"b:2:2:2:Infinity:2:2:2:Infinity":0,"b:14:4:14:Infinity:14:4:14:Infinity":1}}}
,"/home/runner/work/academic-unir-tesis/academic-unir-tesis/projects/ui/src/lib/molecules/casino/casino-catalog-header/casino-catalog-header.component.ts": {"path":"/home/runner/work/academic-unir-tesis/academic-unir-tesis/projects/ui/src/lib/molecules/casino/casino-catalog-header/casino-catalog-header.component.ts","statementMap":{"0":{"start":{"line":19,"column":6},"end":{"line":10,"column":34}},"1":{"start":{"line":20,"column":2},"end":{"line":20,"column":null}},"2":{"start":{"line":21,"column":2},"end":{"line":21,"column":null}},"3":{"start":{"line":22,"column":2},"end":{"line":22,"column":null}},"4":{"start":{"line":23,"column":2},"end":{"line":23,"column":null}},"5":{"start":{"line":24,"column":2},"end":{"line":24,"column":null}},"6":{"start":{"line":25,"column":2},"end":{"line":25,"column":null}},"7":{"start":{"line":27,"column":2},"end":{"line":27,"column":null}},"8":{"start":{"line":29,"column":12},"end":{"line":35,"column":null}},"9":{"start":{"line":19,"column":13},"end":{"line":10,"column":34}},"10":{"start":{"line":30,"column":18},"end":{"line":30,"column":null}},"11":{"start":{"line":31,"column":4},"end":{"line":33,"column":null}},"12":{"start":{"line":32,"column":6},"end":{"line":32,"column":null}},"13":{"start":{"line":34,"column":4},"end":{"line":34,"column":null}},"14":{"start":{"line":38,"column":4},"end":{"line":38,"column":null}},"15":{"start":{"line":19,"column":13},"end":{"line":19,"column":null}},"16":{"start":{"line":19,"column":43},"end":{"line":19,"column":43}},"17":{"start":{"line":19,"column":13},"end":{"line":19,"column":39}},"18":{"start":{"line":19,"column":13},"end":{"line":19,"column":43}},"19":{"start":{"line":19,"column":13},"end":{"line":17,"column":null}}},"fnMap":{"0":{"name":"(anonymous_0)","decl":{"start":{"line":29,"column":34},"end":{"line":29,"column":39}},"loc":{"start":{"line":29,"column":39},"end":{"line":35,"column":3}},"line":29},"1":{"name":"(anonymous_1)","decl":{"start":{"line":37,"column":12},"end":{"line":37,"column":36}},"loc":{"start":{"line":37,"column":56},"end":{"line":39,"column":null}},"line":37},"2":{"name":"(anonymous_2)","decl":{"start":{"line":19,"column":43},"end":{"line":19,"column":null}},"loc":{"start":{"line":19,"column":43},"end":{"line":19,"column":43}},"line":19}},"branchMap":{"0":{"loc":{"start":{"line":20,"column":51},"end":{"line":20,"column":null}},"type":"cond-expr","locations":[{"start":{"line":20,"column":51},"end":{"line":20,"column":null}},{"start":{"line":20,"column":51},"end":{"line":20,"column":null}}],"line":20},"1":{"loc":{"start":{"line":21,"column":58},"end":{"line":21,"column":null}},"type":"cond-expr","locations":[{"start":{"line":21,"column":58},"end":{"line":21,"column":null}},{"start":{"line":21,"column":58},"end":{"line":21,"column":null}}],"line":21},"2":{"loc":{"start":{"line":22,"column":40},"end":{"line":22,"column":null}},"type":"cond-expr","locations":[{"start":{"line":22,"column":40},"end":{"line":22,"column":null}},{"start":{"line":22,"column":40},"end":{"line":22,"column":null}}],"line":22},"3":{"loc":{"start":{"line":23,"column":40},"end":{"line":23,"column":null}},"type":"cond-expr","locations":[{"start":{"line":23,"column":40},"end":{"line":23,"column":null}},{"start":{"line":23,"column":40},"end":{"line":23,"column":null}}],"line":23},"4":{"loc":{"start":{"line":24,"column":42},"end":{"line":24,"column":null}},"type":"cond-expr","locations":[{"start":{"line":24,"column":42},"end":{"line":24,"column":null}},{"start":{"line":24,"column":42},"end":{"line":24,"column":null}}],"line":24},"5":{"loc":{"start":{"line":25,"column":51},"end":{"line":25,"column":null}},"type":"cond-expr","locations":[{"start":{"line":25,"column":51},"end":{"line":25,"column":null}},{"start":{"line":25,"column":51},"end":{"line":25,"column":null}}],"line":25},"6":{"loc":{"start":{"line":31,"column":4},"end":{"line":33,"column":null}},"type":"if","locations":[{"start":{"line":31,"column":4},"end":{"line":33,"column":null}},{"start":{},"end":{}}],"line":31},"7":{"loc":{"start":{"line":31,"column":8},"end":{"line":31,"column":37}},"type":"binary-expr","locations":[{"start":{"line":31,"column":8},"end":{"line":31,"column":26}},{"start":{"line":31,"column":26},"end":{"line":31,"column":37}}],"line":31},"8":{"loc":{"start":{"line":35,"column":3},"end":{"line":35,"column":null}},"type":"cond-expr","locations":[{"start":{"line":35,"column":3},"end":{"line":35,"column":null}},{"start":{"line":35,"column":3},"end":{"line":35,"column":null}}],"line":35},"9":{"loc":{"start":{"line":19,"column":13},"end":{"line":19,"column":24}},"type":"binary-expr","locations":[{"start":{"line":19,"column":13},"end":{"line":19,"column":24}},{"start":{"line":19,"column":13},"end":{"line":19,"column":24}}],"line":19},"10":{"loc":{"start":{"line":19,"column":43},"end":{"line":19,"column":43}},"type":"if","locations":[{"start":{"line":19,"colum
[...]
ick_0_listener","decl":{"start":{"line":48,"column":14},"end":{"line":48,"column":23}},"loc":{"start":{"line":48,"column":14},"end":{"line":48,"column":null}},"line":48},"1":{"name":"ZgSiteHeaderComponent_For_11_Conditional_2_Template_button_click_0_listener","decl":{"start":{"line":59,"column":14},"end":{"line":59,"column":23}},"loc":{"start":{"line":59,"column":14},"end":{"line":59,"column":null}},"line":59},"2":{"name":"ZgSiteHeaderComponent_Conditional_12_Template_button_click_1_listener","decl":{"start":{"line":74,"column":8},"end":{"line":74,"column":17}},"loc":{"start":{"line":74,"column":8},"end":{"line":74,"column":null}},"line":74},"3":{"name":"ZgSiteHeaderComponent_Conditional_12_Template_button_click_3_listener","decl":{"start":{"line":81,"column":8},"end":{"line":81,"column":17}},"loc":{"start":{"line":81,"column":8},"end":{"line":81,"column":null}},"line":81},"4":{"name":"ZgSiteHeaderComponent_Template_a_click_1_listener","decl":{"start":{"line":5,"column":4},"end":{"line":5,"column":13}},"loc":{"start":{"line":5,"column":4},"end":{"line":5,"column":null}},"line":5},"5":{"name":"ZgSiteHeaderComponent_Template_button_click_4_listener","decl":{"start":{"line":24,"column":4},"end":{"line":24,"column":13}},"loc":{"start":{"line":24,"column":4},"end":{"line":24,"column":null}},"line":24}},"branchMap":{"0":{"loc":{"start":{"line":41,"column":10},"end":{"line":41,"column":27}},"type":"cond-expr","locations":[{"start":{"line":41,"column":10},"end":{"line":41,"column":27}},{"start":{"line":41,"column":10},"end":{"line":41,"column":27}}],"line":41},"1":{"loc":{"start":{"line":8,"column":4},"end":{"line":8,"column":21}},"type":"cond-expr","locations":[{"start":{"line":8,"column":4},"end":{"line":8,"column":21}},{"start":{"line":8,"column":4},"end":{"line":8,"column":21}}],"line":8},"2":{"loc":{"start":{"line":69,"column":2},"end":{"line":69,"column":null}},"type":"cond-expr","locations":[{"start":{"line":69,"column":2},"end":{"line":69,"column":null}},{"start":{"line":69,"column":2},"end":{"line":69,"column":null}}],"line":69}},"s":{"0":1,"1":1,"2":8,"3":14,"4":1,"5":1,"6":18,"7":14,"8":7,"9":0,"10":0,"11":9,"12":7,"13":9,"14":21,"15":21,"16":21,"17":27,"18":7,"19":1,"20":1,"21":9,"22":7,"23":7,"24":1,"25":1,"26":9,"27":7,"28":7,"29":7,"30":0,"31":7,"32":7,"33":7,"34":7,"35":0,"36":7,"37":7,"38":7,"39":7,"40":7,"41":9,"42":7,"43":9,"44":7,"45":9,"46":9,"47":9,"48":9,"49":9},"f":{"0":1,"1":0,"2":1,"3":1,"4":0,"5":0},"b":{"0":[18,9],"1":[1,8],"2":[9,0]},"meta":{"lastBranch":3,"lastFunction":6,"lastStatement":50,"seen":{"s:9:6:9:Infinity":0,"s:11:8:13:Infinity":1,"s:17:6:17:Infinity":2,"s:42:12:42:Infinity":3,"s:48:14:48:Infinity":4,"f:48:14:48:23":0,"s:48:14:48:23":5,"s:50:14:50:Infinity":6,"s:51:12:51:Infinity":7,"s:53:12:53:Infinity":8,"s:59:14:59:Infinity":9,"f:59:14:59:23":1,"s:59:14:59:23":10,"s:61:14:61:Infinity":11,"s:62:12:62:Infinity":12,"s:56:14:56:Infinity":13,"s:40:8:40:Infinity":14,"s:41:10:41:Infinity":15,"s:64:8:64:Infinity":16,"s:41:10:41:27":17,"b:41:10:41:27:41:10:41:27":0,"s:70:4:70:Infinity":18,"s:74:8:74:Infinity":19,"f:74:8:74:17":2,"s:74:8:74:17":20,"s:76:8:76:Infinity":21,"s:77:6:77:Infinity":22,"s:78:6:78:Infinity":23,"s:81:8:81:Infinity":24,"f:81:8:81:17":3,"s:81:8:81:17":25,"s:83:8:83:Infinity":26,"s:84:6:84:Infinity":27,"s:1:0:1:Infinity":28,"s:5:4:5:Infinity":29,"f:5:4:5:13":4,"s:5:4:5:33":30,"s:8:4:8:Infinity":31,"s:19:2:19:Infinity":32,"s:21:2:21:Infinity":33,"s:24:4:24:Infinity":34,"f:24:4:24:13":5,"s:24:4:24:24":35,"s:28:4:28:Infinity":36,"s:29:4:29:10":37,"s:29:10:29:14":38,"s:29:14:29:Infinity":39,"s:32:2:37:Infinity":40,"s:39:6:39:16":41,"s:66:4:66:Infinity":42,"s:69:2:69:Infinity":43,"s:87:0:87:Infinity":44,"s:4:4:4:Infinity":45,"s:8:4:8:21":46,"b:8:4:8:21:8:4:8:21":1,"s:25:4:25:Infinity":47,"s:34:4:34:Infinity":48,"s:39:6:39:Infinity":49,"b:69:2:69:Infinity:69:2:69:Infinity":2}}}
,"/home/runner/work/academic-unir-tesis/academic-unir-tesis/projects/ui/src/lib/organisms/shared/site-header/site-header.component.ts": {"path":"/home/runner/work/academic-unir-tesis/academic-unir-tesis/projects/ui/src/lib/organisms/shared/site-header/site-header.component.ts","statementMap":{"0":{"start":{"line":24,"column":6},"end":{"line":15,"column":29}},"1":{"start":{"line":25,"column":2},"end":{"line":25,"column":null}},"2":{"start":{"line":26,"column":2},"end":{"line":26,"column":null}},"3":{"start":{"line":27,"column":2},"end":{"line":27,"column":null}},"4":{"start":{"line":28,"column":2},"end":{"line":28,"column":null}},"5":{"start":{"line":29,"column":2},"end":{"line":29,"column":null}},"6":{"start":{"line":30,"column":2},"end":{"line":30,"column":null}},"7":{"start":{"line":31,"column":2},"end":{"line":31,"column":null}},"8":{"start":{"line":32,"column":2},"end":{"line":32,"column":null}},"9":{"start":{"line":33,"column":2},"end":{"line":33,"column":null}},"10":{"start":{"line":35,"column":2},"end":{"line":35,"column":null}},"11":{"start":{"line":36,"column":2},"end":{"line":36,"column":null}},"12":{"start":{"line":37,"column":2},"end":{"line":37,"column":null}},"13":{"start":{"line":39,"column":2},"end":{"line":39,"column":null}},"14":{"start":{"line":40,"column":2},"end":{"line":40,"column":null}},"15":{"start":{"line":41,"column":2},"end":{"line":41,"column":null}},"16":{"start":{"line":42,"column":2},"end":{"line":42,"column":null}},"17":{"start":{"line":43,"column":2},"end":{"line":43,"column":null}},"18":{"start":{"line":24,"column":13},"end":{"line":15,"column":29}},"19":{"start":{"line":46,"column":4},"end":{"line":48,"column":null}},"20":{"start":{"line":47,"column":6},"end":{"line":47,"column":null}},"21":{"start":{"line":50,"column":4},"end":{"line":50,"column":null}},"22":{"start":{"line":54,"column":4},"end":{"line":57,"column":null}},"23":{"start":{"line":55,"column":6},"end":{"line":55,"column":null}},"24":{"start":{"line":56,"column":6},"end":{"line":56,"column":null}},"25":{"start":{"line":59,"column":4},"end":{"line":61,"column":null}},"26":{"start":{"line":60,"column":6},"end":{"line":60,"column":null}},"27":{"start":{"line":63,"column":4},"end":{"line":63,"column":null}},"28":{"start":{"line":67,"column":4},"end":{"line":67,"column":null}},"29":{"start":{"line":71,"column":4},"end":{"line":71,"column":null}},"30":{"start":{"line":75,"column":4},"end":{"line":75,"column":null}},"31":{"start":{"line":75,"column":35},"end":{"line":75,"column":41}},"32":{"start":{"line":24,"column":13},"end":{"line":24,"column":null}},"33":{"start":{"line":24,"column":34},"end":{"line":24,"column":34}},"34":{"start":{"line":24,"column":13},"end":{"line":24,"column":29}},"35":{"start":{"line":24,"column":13},"end":{"line":24,"column":34}},"36":{"start":{"line":24,"column":13},"end":{"line":22,"column":null}}},"fnMap":{"0":{"name":"(anonymous_0)","decl":{"start":{"line":45,"column":12},"end":{"line":45,"column":25}},"loc":{"start":{"line":45,"column":37},"end":{"line":51,"column":null}},"line":45},"1":{"name":"(anonymous_1)","decl":{"start":{"line":53,"column":12},"end":{"line":53,"column":27}},"loc":{"start":{"line":53,"column":64},"end":{"line":64,"column":null}},"line":53},"2":{"name":"(anonymous_2)","decl":{"start":{"line":66,"column":12},"end":{"line":66,"column":24}},"loc":{"start":{"line":66,"column":24},"end":{"line":68,"column":null}},"line":66},"3":{"name":"(anonymous_3)","decl":{"start":{"line":70,"column":12},"end":{"line":70,"column":27}},"loc":{"start":{"line":70,"column":27},"end":{"line":72,"column":null}},"line":70},"4":{"name":"(anonymous_4)","decl":{"start":{"line":74,"column":12},"end":{"line":74,"column":21}},"loc":{"start":{"line":74,"column":21},"end":{"line":76,"column":null}},"line":74},"5":{"name":"(anonymous_5)","decl":{"start":{"line":75,"column":24},"end":{"line":75,"column":25}},"loc":{"start":{"line":75,"column":35},"end":{"line":75,"column":41}},"line":75},"6":{"name":"(anonymous_6)","decl":{"start":{"line":24,"column":34},"end":{"line":24,"column":null}},"loc":{"start":{"line":24,"column":34},"end":{"line":24,"column":34}},"line":24}},"branchMap":{"0":{"loc":{"start":{"line":25,"column":36},"end":{"line":25,"column":null}},"type":"cond-expr","locations":[{"start":{"line":25,"column":36},"end":{"line":25,"column":null}},{"start":{"line":25,"column":36},"end":{"line":25,"column":null}}],"line":25},"1":{"loc":{"start":{"line":26,"column":39},"end":{"line":26,"column":null}},"type":"cond-expr","locations":[{"start":{"line":26,"column":39},"end":{"line":26,"column":null}},{"start":{"line":26,"column":39},"end":{"line":26,"column":null}}],"line":26},"2":{"loc":{"start":{"line":27,"column":37},"end":{"line":27,"column":null}},"type":"cond-expr","locations":[{"start":{"line":27,"column":37},"end":{"line":27,"column":null}},{"start":{"line":27,"column":37},"end":{"line":27,"column":null}}],"line":27},"3":{"loc":{"start":{"line":28,"column":38},"end":{"line":28,"column":null}},"type":"cond-expr","locations":[{"start":{"line":28,"column":38},"end":{"line":28,"column":null}},{"start":{"line":28,"column":38},"end":{"line":28,"column":null}}],"line":28},"4":{"loc":{"start":{"line":29,"column":31},"end":{"line":29,"column":null}},"type":"cond-expr","locations":[{"start":{"line":29,"column":31},"end":{"line":29,"column":null}},{"start":{"line":29,"column":31},"end":{"line":29,"column":null}}],"line":29},"5":{"loc":{"start":{"line":30,"column":31},"end":{"line":30,"column":null}},"type":"cond-expr","locations":[{"start":{"line":30,"column":31},"end":{"line":30,"column":null}},{"start":{"line":30,"column":31},"end":{"line":30,"column":null}}],"line":30},"6":{"loc":{"start":{"line":31,"column":41},"end":{"line":31,"column":null}},"type":"cond-expr","locations":[{"start":{"line":31,"column":41},"end":{"line":31,"column":null}},{"start":{"line":31,"column":41},"end":{"line":31,"column":null}}],"line":31},"7":{"loc":{"start":{"line":32,"column":51},"end":{"line":32,"column":null}},"type":"cond-expr","locations":[{"start":{"line":32,"column":51},"end":{"line":32,"column":null}},{"start":{"line":32,"column":51},"end":{"line":32,"column":null}}],"line":32},"8":{"loc":{"start":{"line":33,"column":51},"end":{"line":33,"column":null}},"type":"cond-expr","locations":[{"start":{"line":33,"column":51},"end":{"line":33,"column":null}},{"start":{"line":33,"column":51},"end":{"line":33,"column":null}}],"line":33},"9":{"loc":{"start":{"line":35,"column":39},"end":{"line":35,"column":null}},"type":"cond-expr","locations":[{"start":{"line":35,"column":39},"end":{"line":35,"column":null}},{"start":{"line":35,"column":39},"end":{"line":35,"column":null}}],"line":35},"10":{"loc":{"start":{"line":36,"column":37},"end":{"line":36,"column":null}},"type":"cond-expr","locations":[{"start":{"line":36,"column":37},"end":{"line":36,"column":null}},{"start":{"line":36,"column":37},"end":{"line":36,"column":null}}],"line":36},"11":{"loc":{"start":{"line":37,"column":41},"end":{"line":37,"column":null}},"type":"cond-expr","locations":[{"start":{"line":37,"column":41},"end":{"line":37,"column":null}},{"start":{"line":37,"column":41},"end":{"line":37,"column":null}}],"line":37},"12":{"loc":{"start":{"line":43,"column":24},"end":{"line":43,"column":null}},"type":"cond-expr","locations":[{"start":{"line":43,"column":24},"end":{"line":43,"column":null}},{"start":{"line":43,"column":24},"end":{"line":43,"column":null}}],"line":43},"13":{"loc":{"start":{"line":46,"column":4},"end":{"line":48,"column":null}},"type":"if","locations":[{"start":{"line":46,"column":4},"end":{"line":48,"column":null}},{"start":{},"end":{}}],"line":46},"14":{"loc":{"start":{"line":54,"column":4},"end":{"line":57,"column":null}},"type":"if","locations":[{"start":{"line":54,"column":4},"end":{"line":57,"column":null}},{"start":{},"end":{}}],"line":54},"15":{"loc":{"start":{"line":59,"column":4},"end":{"line":61,"column":null}},"type":"if","locations":[{"start":{"line":59,"column":4},"end":{"line":61,"column":null}},{"start":{},"end":{}}],"line":59},"16":{"loc":{"start":{"line":24,"column":13},"end":{"line":24,"column":24}},"type":"binary-expr","locations":[{"start":{"line":24,"column":13},"end":{"line":24,"column":24}},{"start":{"line":24,"column":13},"end":{"line":24,"column":24}}],"line":24},"17":{"loc":{"start":{"line":24,"column":34},"end":{"line":24,"column":34}},"type":"if","locations":[{"start":{"line":24,"column":34},"end":{"line":24,"column":34}},{"start":{},"end":{}}],"line":24},"18":{"loc":{"start":{"line":24,"column":13},"end":{"line":22,"column":null}},"type":"binary-expr","locations":[{"start":{"line":24,"column":13},"end":{"line":24,"column":24}},{"start":{"line":24,"column":13},"end":{"line":24,"column":24}},{"start":{"line":24,"column":13},"end":{"line":22,"column":null}}],"line":24},"19":{"loc":{"start":{"line":24,"column":13},"end":{"line":24,"column":null}},"type":"binary-expr","locations":[{"start":{"line":24,"column":13},"end":{"line":24,"column":24}},{"start":{"line":24,"column":13},"end":{"line":24,"column":24}},{"start":{"line":24,"column":13},"end":{"line":24,"column":null}}],"line":24}},"s":{"0":1,"1":7,"2":7,"3":7,"4":7,"5":7,"6":7,"7":7,"8":7,"9":7,"10":7,"11":7,"12":7,"13":7,"14":7,"15":7,"16":7,"17":7,"18":1,"19":0,"20":0,"21":0,"22":1,"23":0,"24":0,"25":1,"26":0,"27":1,"28":1,"29":1,"30":0,"31":0,"32":1,"33":16,"34":9,"35":9,"36":1},"f":{"0":0,"1":1,"2":1,"3":1,"4":0,"5":0,"6":1},"b":{"0":[7,0],"1":[7,0],"2":[7,0],"3":[7,0],"4":[7,0],"5":[7,0],"6":[7,0],"7":[7,0],"8":[7,0],"9":[7,0],"10":[7,0],"11":[7,0],"12":[7,0],"13":[0,0],"14":[0,1],"15":[0,1],"16":[7,7],"17":[9,7],"18":[1,1,1],"19":[1,1,1]},"meta":{"lastBranch":20,"lastFunction":7,"lastStatement":37,"seen":{"s:24:6:15:29":0,"s:25:2:25:Infinity":1,"s:26:2:26:Infinity":2,"s:27:2:27:Infinity":3,"s:28:2:28:Infinity":4,"s:29:2:29:Infinity":5,"s:30:2:30:Infinity":6,"s:31:2:31:Infinity":7,"s:32:2:32:Infinity":8,"s:33:2:33:Infinity":9,"s:35:2:35:Infinity":10,"s:36:2:36:Infinity":11,"s:37:2:37:Infinity":12,"s:39:2:39:Infinity":13,"s:40:2:40:Infinity":14,"s:41:2:41:Infinity":15,"s:42:2:42:Infinity":16,"s:43:2:43:Infinity":17,"s:24:13:15:29":18,"b:25:36:25:Infinity:25:36:25:Infinity":0,"b:26:39:26:Infinity:26:39:26:Infinity":1,"b:27:37:27:Infinity:27:37:27:Infinity":2,"b:28:38:28:Infinity:28:38:28:Infinity":3,"b:29:31:29:Infinity:29:31:29:Infinity":4,"b:30:31:30:Infinity:30:31:30:Infinity":5,"b:31:41:31:Infinity:31:41:31:Infinity":6,"b:32:51:32:Infinity:32:51:32:Infinity":7,"b:33:51:33:Infinity:33:51:33:Infinity":8,"b:35:39:35:Infinity:35:39:35:Infinity":9,"b:36:37:36:Infinity:36:37:36:Infinity":10,"b:37:41:37:Infinity:37:41:37:Infinity":11,"b:43:24:43:Infinity:43:24:43:Infinity":12,"f:45:12:45:25":0,"b:46:4:48:Infinity:undefined:undefined:undefined:undefined":13,"s:46:4:48:Infinity":19,"s:47:6:47:Infinity":20,"s:50:4:50:Infinity":21,"f:53:12:53:27":1,"b:54:4:57:Infinity:undefined:undefined:undefined:undefined":14,"s:54:4:57:Infinity":22,"s:55:6:55:Infinity":23,"s:56:6:56:Infinity":24,"b:59:4:61:Infinity:undefined:undefined:undefined:undefined":15,"s:59:4:61:Infinity":25,"s:60:6:60:Infinity":26,"s:63:4:63:Infinity":27,"f:66:12:66:24":2,"s:67:4:67:Infinity":28,"f:70:12:70:27":3,"s:71:4:71:Infinity":29,"f:74:12:74:21":4,"s:75:4:75:Infinity":30,"f:75:24:75:25":5,"s:75:35:75:41":31,"s:24:13:24:Infinity":32,"b:24:13:24:24:24:13:24:24":16,"f:24:34:24:Infinity":6,"b:24:34:24:34:undefined:undefined:undefined:undefined":17,"s:24:34:24:34":33,"s:24:13:24:29":34,"s:24:13:24:34":35,"s:24:13:22:Infinity":36,"b:24:13:24:24:24:13:24:24:24:13:22:Infinity":18,"b:24:13:24:24:24:13:24:24:24:13:24:Infinity":19}}}
,"/home/runner/work/academic-unir-tesis/academic-unir-tesis/projects/ui/src/lib/templates/casino/casino-home-template/casino-home-template.component.html": {"path":"/home/runner/work/academic-unir-tesis/academic-unir-tesis/projects/ui/src/lib/templates/casino/casino-home-template/casino-home-template.component.html","statementMap":{"0":{"start":{"line":1,"column":0},"end":{"line":1,"column":null}},"1":{"start":{"line":2,"column":2},"end":{"line":2,"column":null}},"2":{"start":{"line":3,"column":0},"end":{"line":3,"column":null}},"3":{"start":{"line":5,"column":0},"end":{"line":5,"column":null}},"4":{"start":{"line":7,"column":4},"end":{"line":7,"column":null}},"5":{"start":{"line":8,"column":2},"end":{"line":8,"column":null}},"6":{"start":{"line":10,"column":2},"end":{"line":10,"column":null}},"7":{"start":{"line":11,"column":4},"end":{"line":11,"column":null}},"8":{"start":{"line":12,"column":2},"end":{"line":12,"column":null}},"9":{"start":{"line":14,"column":2},"end":{"line":14,"column":null}},"10":{"start":{"line":15,"column":4},"end":{"line":15,"column":null}},"11":{"start":{"line":16,"column":2},"end":{"line":16,"column":null}},"12":{"start":{"line":18,"column":2},"end":{"line":18,"column":null}},"13":{"start":{"line":19,"column":4},"end":{"line":19,"column":null}},"14":{"start":{"line":20,"column":2},"end":{"line":20,"column":null}}},"fnMap":{},"branchMap":{},"s":{"0":3,"1":3,"2":3,"3":3,"4":3,"5":3,"6":3,"7":3,"8":3,"9":3,"10":3,"11":3,"12":3,"13":3,"14":3},"f":{},"b":{},"meta":{"lastBranch":0,"lastFunction":0,"lastStatement":15,"seen":{"s:1:0:1:Infinity":0,"s:2:2:2:Infinity":1,"s:3:0:3:Infinity":2,"s:5:0:5:Infinity":3,"s:7:4:7:Infinity":4,"s:8:2:8:Infinity":5,"s:10:2:10:Infinity":6,"s:11:4:11:Infinity":7,"s:12:2:12:Infinity":8,"s:14:2:14:Infinity":9,"s:15:4:15:Infinity":10,"s:16:2:16:Infinity":11,"s:18:2:18:Infinity":12,"s:19:4:19:Infinity":13,"s:20:2:20:Infinity":14}}}
,"/home/runner/work/academic-unir-tesis/academic-unir-tesis/projects/ui/src/lib/templates/casino/casino-home-template/casino-home-template.component.ts": {"path":"/home/runner/work/academic-unir-tesis/academic-unir-tesis/projects/ui/src/lib/templates/casino/casino-home-template/casino-home-template.component.ts","statementMap":{"0":{"start":{"line":15,"column":6},"end":{"line":20,"column":null}},"1":{"start":{"line":15,"column":13},"end":{"line":20,"column":null}},"2":{"start":{"line":15,"column":13},"end":{"line":15,"column":null}},"3":{"start":{"line":15,"column":42},"end":{"line":15,"column":42}},"4":{"start":{"line":15,"column":13},"end":{"line":15,"column":42}},"5":{"start":{"line":15,"column":13},"end":{"line":13,"column":null}}},"fnMap":{"0":{"name":"(anonymous_0)","decl":{"start":{"line":15,"column":42},"end":{"line":15,"column":null}},"loc":{"start":{"line":15,"column":42},"end":{"line":15,"column":42}},"line":15}},"branchMap":{"0":{"loc":{"start":{"line":15,"column":13},"end":{"line":15,"column":38}},"type":"binary-expr","locations":[{"start":{"line":15,"column":13},"end":{"line":15,"column":38}},{"start":{"line":15,"column":13},"end":{"line":15,"column":38}}],"line":15},"1":{"loc":{"start":{"line":15,"column":42},"end":{"line":15,"column":42}},"type":"if","locations":[{"start":{"line":15,"column":42},"end":{"line":15,"column":42}},{"start":{},"end":{}}],"line":15},"2":{"loc":{"start":{"line":15,"column":13},"end":{"line":13,"column":null}},"type":"binary-expr","locations":[{"start":{"line":15,"column":13},"end":{"line":15,"column":38}},{"start":{"line":15,"column":13},"end":{"line":15,"column":38}},{"start":{"line":15,"column":13},"end":{"line":13,"column":null}}],"line":15},"3":{"loc":{"start":{"line":15,"column":13},"end":{"line":15,"column":null}},"type":"binary-expr","locations":[{"start":{"line":15,"column":13},"end":{"line":15,"column":38}},{"start":{"line":15,"column":13},"end":{"line":15,"column":38}},{"start":{"line":15,"column":13},"end":{"line":15,"column":null}}],"line":15}},"s":{"0":1,"1":1,"2":1,"3":6,"4":3,"5":1},"f":{"0":1},"b":{"0":[3,3],"1":[3,3],"2":[1,1,1],"3":[1,1,1]},"meta":{"lastBranch":4,"lastFunction":1,"lastStatement":6,"seen":{"s:15:6:20:Infinity":0,"s:15:13:20:Infinity":1,"s:15:13:15:Infinity":2,"b:15:13:15:38:15:13:15:38":0,"f:15:42:15:Infinity":0,"b:15:42:15:42:undefined:undefined:undefined:undefined":1,"s:15:42:15:42":3,"s:15:13:15:42":4,"s:15:13:13:Infinity":5,"b:15:13:15:38:15:13:15:38:15:13:13:Infinity":2,"b:15:13:15:38:15:13:15:38:15:13:15:Infinity":3}}}
}
