{"/home/runner/work/academic-unir-tesis/academic-unir-tesis/projects/ui/src/lib/atoms/badge/badge.component.html": {"path":"/home/runner/work/academic-unir-tesis/academic-unir-tesis/projects/ui/src/lib/atoms/badge/badge.component.html","statementMap":{"0":{"start":{"line":4,"column":4},"end":{"line":4,"column":null}},"1":{"start":{"line":9,"column":8},"end":{"line":9,"column":null}},"2":{"start":{"line":11,"column":8},"end":{"line":11,"column":null}},"3":{"start":{"line":17,"column":6},"end":{"line":17,"column":null}},"4":{"start":{"line":21,"column":8},"end":{"line":21,"column":null}},"5":{"start":{"line":21,"column":8},"end":{"line":21,"column":17}},"6":{"start":{"line":23,"column":8},"end":{"line":23,"column":null}},"7":{"start":{"line":29,"column":10},"end":{"line":29,"column":null}},"8":{"start":{"line":32,"column":8},"end":{"line":32,"column":null}},"9":{"start":{"line":7,"column":4},"end":{"line":7,"column":null}},"10":{"start":{"line":8,"column":6},"end":{"line":8,"column":null}},"11":{"start":{"line":13,"column":4},"end":{"line":13,"column":null}},"12":{"start":{"line":16,"column":4},"end":{"line":16,"column":null}},"13":{"start":{"line":8,"column":6},"end":{"line":8,"column":20}},"14":{"start":{"line":1,"column":0},"end":{"line":1,"column":null}},"15":{"start":{"line":3,"column":2},"end":{"line":3,"column":null}},"16":{"start":{"line":36,"column":0},"end":{"line":36,"column":null}},"17":{"start":{"line":3,"column":2},"end":{"line":3,"column":15}}},"fnMap":{"0":{"name":"ZgBadgeComponent_Conditional_2_Conditional_3_Template_button_click_0_listener","decl":{"start":{"line":21,"column":8},"end":{"line":21,"column":17}},"loc":{"start":{"line":21,"column":8},"end":{"line":21,"column":null}},"line":21}},"branchMap":{"0":{"loc":{"start":{"line":8,"column":6},"end":{"line":8,"column":20}},"type":"cond-expr","locations":[{"start":{"line":8,"column":6},"end":{"line":8,"column":20}},{"start":{"line":8,"column":6},"end":{"line":8,"column":20}}],"line":8},"1":{"loc":{"start":{"line":16,"column":4},"end":{"line":16,"column":null}},"type":"cond-expr","locations":[{"start":{"line":16,"column":4},"end":{"line":16,"column":null}},{"start":{"line":16,"column":4},"end":{"line":16,"column":null}}],"line":16},"2":{"loc":{"start":{"line":3,"column":2},"end":{"line":3,"column":15}},"type":"cond-expr","locations":[{"start":{"line":3,"column":2},"end":{"line":3,"column":15}},{"start":{"line":3,"column":2},"end":{"line":3,"column":15}}],"line":3}},"s":{"0":4,"1":6,"2":39,"3":9,"4":2,"5":2,"6":9,"7":9,"8":9,"9":39,"10":39,"11":39,"12":66,"13":66,"14":39,"15":39,"16":39,"17":70},"f":{"0":2},"b":{"0":[6,60],"1":[9,57],"2":[4,66]},"meta":{"lastBranch":3,"lastFunction":1,"lastStatement":18,"seen":{"s:4:4:4:Infinity":0,"s:9:8:9:Infinity":1,"s:11:8:11:Infinity":2,"s:17:6:17:Infinity":3,"s:21:8:21:Infinity":4,"f:21:8:21:17":0,"s:21:8:21:17":5,"s:23:8:23:Infinity":6,"s:29:10:29:Infinity":7,"s:32:8:32:Infinity":8,"s:7:4:7:Infinity":9,"s:8:6:8:Infinity":10,"s:13:4:13:Infinity":11,"s:16:4:16:Infinity":12,"s:8:6:8:20":13,"b:8:6:8:20:8:6:8:20":0,"b:16:4:16:Infinity:16:4:16:Infinity":1,"s:1:0:1:Infinity":14,"s:3:2:3:Infinity":15,"s:36:0:36:Infinity":16,"s:3:2:3:15":17,"b:3:2:3:15:3:2:3:15":2}}}
,"/home/runner/work/academic-unir-tesis/academic-unir-tesis/projects/ui/src/lib/atoms/badge/badge.component.ts": {"path":"/home/runner/work/academic-unir-tesis/academic-unir-tesis/projects/ui/src/lib/atoms/badge/badge.component.ts","statementMap":{"0":{"start":{"line":65,"column":6},"end":{"line":53,"column":25}},"1":{"start":{"line":70,"column":2},"end":{"line":70,"column":null}},"2":{"start":{"line":76,"column":2},"end":{"line":76,"column":null}},"3":{"start":{"line":82,"column":2},"end":{"line":82,"column":null}},"4":{"start":{"line":88,"column":2},"end":{"line":88,"column":null}},"5":{"start":{"line":94,"column":2},"end":{"line":94,"column":null}},"6":{"start":{"line":101,"column":2},"end":{"line":101,"column":null}},"7":{"start":{"line":108,"column":2},"end":{"line":108,"column":null}},"8":{"start":{"line":113,"column":2},"end":{"line":113,"column":null}},"9":{"start":{"line":118,"column":12},"end":{"line":141,"column":null}},"10":{"start":{"line":146,"column":12},"end":{"line":158,"column":null}},"11":{"start":{"line":65,"column":13},"end":{"line":53,"column":25}},"12":{"start":{"line":119,"column":17},"end":{"line":119,"column":null}},"13":{"start":{"line":120,"column":16},"end":{"line":120,"column":null}},"14":{"start":{"line":123,"column":4},"end":{"line":125,"column":null}},"15":{"start":{"line":124,"column":6},"end":{"line":124,"column":null}},"16":{"start":{"line":128,"column":4},"end":{"line":130,"column":null}},"17":{"start":{"line":129,"column":6},"end":{"line":129,"column":null}},"18":{"start":{"line":133,"column":4},"end":{"line":138,"column":null}},"19":{"start":{"line":134,"column":23},"end":{"line":134,"column":null}},"20":{"start":{"line":135,"column":6},"end":{"line":137,"column":null}},"21":{"start":{"line":136,"column":8},"end":{"line":136,"column":null}},"22":{"start":{"line":140,"column":4},"end":{"line":140,"column":null}},"23":{"start":{"line":147,"column":20},"end":{"line":147,"column":null}},"24":{"start":{"line":149,"column":4},"end":{"line":151,"column":null}},"25":{"start":{"line":150,"column":6},"end":{"line":150,"column":null}},"26":{"start":{"line":153,"column":4},"end":{"line":155,"column":null}},"27":{"start":{"line":154,"column":6},"end":{"line":154,"column":null}},"28":{"start":{"line":157,"column":4},"end":{"line":157,"column":null}},"29":{"start":{"line":164,"column":4},"end":{"line":164,"column":null}},"30":{"start":{"line":165,"column":4},"end":{"line":165,"column":null}},"31":{"start":{"line":65,"column":13},"end":{"line":65,"column":null}},"32":{"start":{"line":65,"column":29},"end":{"line":65,"column":29}},"33":{"start":{"line":65,"column":13},"end":{"line":65,"column":22}},"34":{"start":{"line":65,"column":13},"end":{"line":65,"column":29}},"35":{"start":{"line":65,"column":13},"end":{"line":63,"column":null}}},"fnMap":{"0":{"name":"(anonymous_0)","decl":{"start":{"line":118,"column":35},"end":{"line":118,"column":40}},"loc":{"start":{"line":118,"column":40},"end":{"line":141,"column":3}},"line":118},"1":{"name":"(anonymous_1)","decl":{"start":{"line":146,"column":35},"end":{"line":146,"column":40}},"loc":{"start":{"line":146,"column":40},"end":{"line":158,"column":3}},"line":146},"2":{"name":"(anonymous_2)","decl":{"start":{"line":163,"column":12},"end":{"line":163,"column":25}},"loc":{"start":{"line":163,"column":37},"end":{"line":166,"column":null}},"line":163},"3":{"name":"(anonymous_3)","decl":{"start":{"line":65,"column":29},"end":{"line":65,"column":null}},"loc":{"start":{"line":65,"column":29},"end":{"line":65,"column":29}},"line":65}},"branchMap":{"0":{"loc":{"start":{"line":70,"column":41},"end":{"line":70,"column":null}},"type":"cond-expr","locations":[{"start":{"line":70,"column":41},"end":{"line":70,"column":null}},{"start":{"line":70,"column":41},"end":{"line":70,"column":null}}],"line":70},"1":{"loc":{"start":{"line":76,"column":30},"end":{"line":76,"column":null}},"type":"cond-expr","locations":[{"start":{"line":76,"column":30},"end":{"line":76,"column":null}},{"start":{"line":76,"column":30},"end":{"line":76,"column":null}}],"line":76},"2":{"loc":{"start":{"line":82,"column":37},"end":{"line":82,"column":null}},"type":"cond-expr","locations":[{"start":{"line":82,"column":37},"end":{"line":82,"column":null}},{"start":{"line":82,"column":37},"end":{"line":82,"column":null}}],"line":82},"3":{"loc":{"start":{"line":88,"column":44},"end":{"line":88,"column":null}},"type":"cond-expr","locations":[{"start":{"line":88,"column":44},"end":{"line":88,"column":null}},{"start":{"line":88,"column":44},"end":{"line":88,"column":null}}],"line":88},"4":{"loc":{"start":{"line":94,"column":34},"end":{"line":94,"column":null}},"type":"cond-expr","locations":[{"start":{"line":94,"column":34},"end":{"line":94,"column":null}},{"start":{"line":94,"column":34},"end":{"line":94,"column":null}}],"line":94},"5":{"loc":{"start":{"line":101,"column":28},"end":{"line":101,"column":null}},"type":"cond-expr","locations":[{"start":{"line":101,"column":28},"end":{"line":101,"column":null}},{"start":{"line":101,"column":28},"end":{"line":101,"column":null}}],"line":101},"6":{"loc":{"start":{"line":108,"column":43},"end":{"line":108,"column":null}},"type":"cond-expr","locations":[{"start":{"line":108,"column":43},"end":{"line":108,"column":null}},{"start":{"line":108,"column":43},"end":{"line":108,"column":null}}],"line":108},"7":{"loc":{"start":{"line":123,"column":4},"end":{"line":125,"column":null}},"type":"if","locations":[{"start":{"line":123,"column":4},"end":{"line":125,"column":null}},{"start":{},"end":{}}],"line":123},"8":{"loc":{"start":{"line":128,"column":4},"end":{"line":130,"column":null}},"type":"if","locations":[{"start":{"line":128,"column":4},"end":{"line":130,"column":null}},{"start":{},"end":{}}],"line":128},"9":{"loc":{"start":{"line":133,"column":4},"end":{"line":138,"column":null}},"type":"if","locations":[{"start":{"line":133,"column":4},"end":{"line":138,"column":null}},{"start":{},"end":{}}],"line":133},"10":{"loc":{"start":{"line":135,"column":6},"end":{"line":137,"column":null}},"type":"if","locations":[{"start":{"line":135,"column":6},"end":{"line":137,"column":null}},{"start":{},"end":{}}],"line":135},"11":{"loc":{"start":{"line":135,"column":10},"end":{"line":135,"column":46}},"type":"binary-expr","locations":[{"start":{"line":135,"column":10},"end":{"line":135,"column":30}},{"start":{"line":135,"column":30},"end":{"line":135,"column":46}}],"line":135},"12":{"loc":{"start":{"line":141,"column":3},"end":{"line":141,"column":null}},"type":"cond-expr","locations":[{"start":{"line":141,"column":3},"end":{"line":141,"column":null}},{"start":{"line":141,"column":3},"end":{"line":141,"column":null}}],"line":141},"13":{"loc":{"start":{"line":149,"column":4},"end":{"line":151,"column":null}},"type":"if","locations":[{"start":{"line":149,"column":4},"end":{"line":151,"column":null}},{"start":{},"end":{}}],"line":149},"14":{"loc":{"start":{"line":153,"column":4},"end":{"line":155,"column":null}},"type":"if","locations":[{"start":{"line":153,"column":4},"end":{"line":155,"column":null}},{"start":{},"end":{}}],"line":153},"15":{"loc":{"start":{"line":158,"column":3},"end":{"line":158,"column":null}},"type":"cond-expr","locations":[{"start":{"line":158,"column":3},"end":{"line":158,"column":null}},{"start":{"line":158,"column":3},"end":{"line":158,"column":null}}],"line":158},"16":{"loc":{"start":{"line":65,"column":13},"end":{"line":65,"column":19}},"type":"binary-expr","locations":[{"start":{"line":65,"column":13},"end":{"line":65,"column":19}},{"start":{"line":65,"column":13},"end":{"line":65,"column":19}}],"line":65},"17":{"loc":{"start":{"line":65,"column":29},"end":{"line":65,"column":29}},"type":"if","locations":[{"start":{"line":65,"column":29},"end":{"line":65,"column":29}},{"start":{},"end":{}}],"line":65},"18":{"loc":{"start":{"line":65,"column":13},"end":{"line":63,"column":null}},"type":"binary-expr","locations":[{"start":{"line":65,"column":13},"end":{"line":65,"column":19}},{"start":{"line":65,"column":13},"end":{"line":65,"column":19}},{"start":{"line":65,"column":13},"end":{"line":63,"column":null}}],"line":65},"19":{"loc":{"start":{"line":65,"column":13},"end":{"line":65,"column":null}},"type":"binary-expr","locations":[{"start":{"line":65,"column":13},"end":{"line":65,"column":19}},{"start":{"line":65,"column":13},"end":{"line":65,"column":19}},{"start":{"line":65,"column":13},"end":{"line":65,"column":null}}],"line":65}},"s":{"0":1,"1":39,"2":39,"3":39,"4":39,"5":39,"6":39,"7":39,"8":39,"9":39,"10":39,"11":1,"12":6,"13":6,"14":6,"15":0,"16":6,"17":0,"18":6,"19":4,"20":4,"21":1,"22":5,"23":52,"24":52,"25":4,"26":52,"27":9,"28":52,"29":2,"30":2,"31":1,"32":109,"33":70,"34":70,"35":1},"f":{"0":6,"1":52,"2":2,"3":1},"b":{"0":[39,0],"1":[39,0],"2":[39,0],"3":[39,0],"4":[39,0],"5":[39,0],"6":[39,0],"7":[0,6],"8":[0,6],"9":[4,2],"10":[1,3],"11":[4,3],"12":[39,0],"13":[4,48],"14":[9,43],"15":[39,0],"16":[39,39],"17":[70,39],"18":[1,1,1],"19":[1,1,1]},"meta":{"lastBranch":20,"lastFunction":4,"lastStatement":36,"seen":{"s:65:6:53:25":0,"s:70:2:70:Infinity":1,"s:76:2:76:Infinity":2,"s:82:2:82:Infinity":3,"s:88:2:88:Infinity":4,"s:94:2:94:Infinity":5,"s:101:2:101:Infinity":6,"s:108:2:108:Infinity":7,"s:113:2:113:Infinity":8,"s:118:12:141:Infinity":9,"s:146:12:158:Infinity":10,"s:65:13:53:25":11,"b:70:41:70:Infinity:70:41:70:Infinity":0,"b:76:30:76:Infinity:76:30:76:Infinity":1,"b:82:37:82:Infinity:82:37:82:Infinity":2,"b:88:44:88:Infinity:88:44:88:Infinity":3,"b:94:34:94:Infinity:94:34:94:Infinity":4,"b:101:28:101:Infinity:101:28:101:Infinity":5,"b:108:43:108:Infinity:108:43:108:Infinity":6,"f:118:35:118:40":0,"s:119:17:119:Infinity":12,"s:120:16:120:Infinity":13,"b:123:4:125:Infinity:undefined:undefined:undefined:undefined":7,"s:123:4:125:Infinity":14,"s:124:6:124:Infinity":15,"b:128:4:130:Infinity:undefined:undefined:undefined:undefined":8,"s:128:4:130:Infinity":16,"s:129:6:129:Infinity":17,"b:133:4:138:Infinity:undefined:undefined:undefined:undefined":9,"s:133:4:138:Infinity":18,"s:134:23:134:Infinity":19,"b:135:6:137:Infinity:undefined:undefined:undefined:undefined":10,"s:135:6:137:Infinity":20,"b:135:10:135:30:135:30:135:46":11,"s:136:8:136:Infinity":21,"s:140:4:140:Infinity":22,"b:141:3:141:Infinity:141:3:141:Infinity":12,"f:146:35:146:40":1,"s:147:20:147:Infinity":23,"b:149:4:151:Infinity:undefined:undefined:undefined:undefined":13,"s:149:4:151:Infinity":24,"s:150:6:150:Infinity":25,"b:153:4:155:Infinity:undefined:undefined:undefined:undefined":14,"s:153:4:155:Infinity":26,"s:154:6:154:Infinity":27,"s:157:4:157:Infinity":28,"b:158:3:158:Infinity:158:3:158:Infinity":15,"f:163:12:163:25":2,"s:164:4:164:Infinity":29,"s:165:4:165:Infinity":30,"s:65:13:65:Infinity":31,"b:65:13:65:19:65:13:65:19":16,"f:65:29:65:Infinity":3,"b:65:29:65:29:undefined:undefined:undefined:undefined":17,"s:65:29:65:29":32,"s:65:13:65:22":33,"s:65:13:65:29":34,"s:65:13:63:Infinity":35,"b:65:13:65:19:65:13:65:19:65:13:63:Infinity":18,"b:65:13:65:19:65:13:65:19:65:13:65:Infinity":19}}}
,"/home/runner/work/academic-unir-tesis/academic-unir-tesis/projects/ui/src/lib/atoms/button/button.component.html": {"path":"/home/runner/work/academic-unir-tesis/academic-unir-tesis/projects/ui/src/lib/atoms/button/button.component.html","statementMap":{"0":{"start":{"line":14,"column":4},"end":{"line":14,"column":null}},"1":{"start":{"line":20,"column":6},"end":{"line":20,"column":null}},"2":{"start":{"line":22,"column":6},"end":{"line":22,"column":null}},"3":{"start":{"line":1,"column":0},"end":{"line":1,"column":null}},"4":{"start":{"line":5,"column":2},"end":{"line":5,"column":null}},"5":{"start":{"line":5,"column":2},"end":{"line":5,"column":30}},"6":{"start":{"line":8,"column":2},"end":{"line":8,"column":null}},"7":{"start":{"line":9,"column":4},"end":{"line":9,"column":null}},"8":{"start":{"line":10,"column":2},"end":{"line":10,"column":null}},"9":{"start":{"line":13,"column":2},"end":{"line":13,"column":null}},"10":{"start":{"line":18,"column":2},"end":{"line":18,"column":35}},"11":{"start":{"line":19,"column":4},"end":{"line":19,"column":null}},"12":{"start":{"line":24,"column":2},"end":{"line":24,"column":null}},"13":{"start":{"line":27,"column":2},"end":{"line":27,"column":null}},"14":{"start":{"line":28,"column":4},"end":{"line":28,"column":null}},"15":{"start":{"line":29,"column":2},"end":{"line":29,"column":null}},"16":{"start":{"line":2,"column":2},"end":{"line":2,"column":null}},"17":{"start":{"line":18,"column":35},"end":{"line":18,"column":null}},"18":{"start":{"line":19,"column":4},"end":{"line":19,"column":18}}},"fnMap":{"0":{"name":"ZgButtonComponent_Template_button_click_0_listener","decl":{"start":{"line":5,"column":2},"end":{"line":5,"column":11}},"loc":{"start":{"line":5,"column":2},"end":{"line":5,"column":null}},"line":5}},"branchMap":{"0":{"loc":{"start":{"line":2,"column":17},"end":{"line":2,"column":null}},"type":"binary-expr","locations":[{"start":{"line":2,"column":17},"end":{"line":2,"column":null}},{"start":{"line":2,"column":17},"end":{"line":2,"column":null}}],"line":2},"1":{"loc":{"start":{"line":13,"column":2},"end":{"line":13,"column":null}},"type":"cond-expr","locations":[{"start":{"line":13,"column":2},"end":{"line":13,"column":null}},{"start":{"line":13,"column":2},"end":{"line":13,"column":null}}],"line":13},"2":{"loc":{"start":{"line":19,"column":4},"end":{"line":19,"column":18}},"type":"cond-expr","locations":[{"start":{"line":19,"column":4},"end":{"line":19,"column":18}},{"start":{"line":19,"column":4},"end":{"line":19,"column":18}}],"line":19}},"s":{"0":4,"1":0,"2":34,"3":34,"4":34,"5":2,"6":34,"7":34,"8":34,"9":59,"10":34,"11":34,"12":34,"13":34,"14":34,"15":34,"16":59,"17":59,"18":59},"f":{"0":2},"b":{"0":[59,57],"1":[4,55],"2":[0,59]},"meta":{"lastBranch":3,"lastFunction":1,"lastStatement":19,"seen":{"s:14:4:14:Infinity":0,"s:20:6:20:Infinity":1,"s:22:6:22:Infinity":2,"s:1:0:1:Infinity":3,"s:5:2:5:Infinity":4,"f:5:2:5:11":0,"s:5:2:5:30":5,"s:8:2:8:Infinity":6,"s:9:4:9:Infinity":7,"s:10:2:10:Infinity":8,"s:13:2:13:Infinity":9,"s:18:2:18:35":10,"s:19:4:19:Infinity":11,"s:24:2:24:Infinity":12,"s:27:2:27:Infinity":13,"s:28:4:28:Infinity":14,"s:29:2:29:Infinity":15,"s:2:2:2:Infinity":16,"b:2:17:2:Infinity:2:17:2:Infinity":0,"b:13:2:13:Infinity:13:2:13:Infinity":1,"s:18:35:18:Infinity":17,"s:19:4:19:18":18,"b:19:4:19:18:19:4:19:18":2}}}
,"/home/runner/work/academic-unir-tesis/academic-unir-tesis/projects/ui/src/lib/atoms/button/button.component.ts": {"path":"/home/runner/work/academic-unir-tesis/academic-unir-tesis/projects/ui/src/lib/atoms/button/button.component.ts","statementMap":{"0":{"start":{"line":68,"column":6},"end":{"line":56,"column":25}},"1":{"start":{"line":73,"column":2},"end":{"line":73,"column":null}},"2":{"start":{"line":79,"column":2},"end":{"line":79,"column":null}},"3":{"start":{"line":85,"column":2},"end":{"line":85,"column":null}},"4":{"start":{"line":91,"column":2},"end":{"line":91,"column":null}},"5":{"start":{"line":97,"column":2},"end":{"line":97,"column":null}},"6":{"start":{"line":103,"column":2},"end":{"line":103,"column":null}},"7":{"start":{"line":109,"column":2},"end":{"line":109,"column":null}},"8":{"start":{"line":115,"column":2},"end":{"line":115,"column":null}},"9":{"start":{"line":121,"column":2},"end":{"line":121,"column":null}},"10":{"start":{"line":126,"column":2},"end":{"line":126,"column":null}},"11":{"start":{"line":131,"column":12},"end":{"line":131,"column":null}},"12":{"start":{"line":136,"column":12},"end":{"line":148,"column":null}},"13":{"start":{"line":68,"column":13},"end":{"line":56,"column":25}},"14":{"start":{"line":137,"column":20},"end":{"line":137,"column":null}},"15":{"start":{"line":139,"column":4},"end":{"line":141,"column":null}},"16":{"start":{"line":140,"column":6},"end":{"line":140,"column":null}},"17":{"start":{"line":143,"column":4},"end":{"line":145,"column":null}},"18":{"start":{"line":144,"column":6},"end":{"line":144,"column":null}},"19":{"start":{"line":147,"column":4},"end":{"line":147,"column":null}},"20":{"start":{"line":154,"column":4},"end":{"line":158,"column":null}},"21":{"start":{"line":155,"column":6},"end":{"line":155,"column":null}},"22":{"start":{"line":156,"column":6},"end":{"line":156,"column":null}},"23":{"start":{"line":157,"column":6},"end":{"line":157,"column":null}},"24":{"start":{"line":160,"column":4},"end":{"line":160,"column":null}},"25":{"start":{"line":168,"column":4},"end":{"line":168,"column":null}},"26":{"start":{"line":68,"column":13},"end":{"line":68,"column":null}},"27":{"start":{"line":68,"column":30},"end":{"line":68,"column":30}},"28":{"start":{"line":68,"column":13},"end":{"line":68,"column":26}},"29":{"start":{"line":68,"column":13},"end":{"line":68,"column":30}},"30":{"start":{"line":68,"column":13},"end":{"line":66,"column":null}}},"fnMap":{"0":{"name":"(anonymous_0)","decl":{"start":{"line":136,"column":35},"end":{"line":136,"column":40}},"loc":{"start":{"line":136,"column":40},"end":{"line":148,"column":3}},"line":136},"1":{"name":"(anonymous_1)","decl":{"start":{"line":153,"column":12},"end":{"line":153,"column":24}},"loc":{"start":{"line":153,"column":41},"end":{"line":161,"column":null}},"line":153},"2":{"name":"(anonymous_2)","decl":{"start":{"line":167,"column":9},"end":{"line":167,"column":20}},"loc":{"start":{"line":167,"column":36},"end":{"line":169,"column":null}},"line":167},"3":{"name":"(anonymous_3)","decl":{"start":{"line":68,"column":30},"end":{"line":68,"column":null}},"loc":{"start":{"line":68,"column":30},"end":{"line":68,"column":30}},"line":68}},"branchMap":{"0":{"loc":{"start":{"line":73,"column":42},"end":{"line":73,"column":null}},"type":"cond-expr","locations":[{"start":{"line":73,"column":42},"end":{"line":73,"column":null}},{"start":{"line":73,"column":42},"end":{"line":73,"column":null}}],"line":73},"1":{"loc":{"start":{"line":79,"column":31},"end":{"line":79,"column":null}},"type":"cond-expr","locations":[{"start":{"line":79,"column":31},"end":{"line":79,"column":null}},{"start":{"line":79,"column":31},"end":{"line":79,"column":null}}],"line":79},"2":{"loc":{"start":{"line":85,"column":38},"end":{"line":85,"column":null}},"type":"cond-expr","locations":[{"start":{"line":85,"column":38},"end":{"line":85,"column":null}},{"start":{"line":85,"column":38},"end":{"line":85,"column":null}}],"line":85},"3":{"loc":{"start":{"line":91,"column":33},"end":{"line":91,"column":null}},"type":"cond-expr","locations":[{"start":{"line":91,"column":33},"end":{"line":91,"column":null}},{"start":{"line":91,"column":33},"end":{"line":91,"column":null}}],"line":91},"4":{"loc":{"start":{"line":97,"column":32},"end":{"line":97,"column":null}},"type":"cond-expr","locations":[{"start":{"line":97,"column":32},"end":{"line":97,"column":null}},{"start":{"line":97,"column":32},"end":{"line":97,"column":null}}],"line":97},"5":{"loc":{"start":{"line":103,"column":34},"end":{"line":103,"column":null}},"type":"cond-expr","locations":[{"start":{"line":103,"column":34},"end":{"line":103,"column":null}},{"start":{"line":103,"column":34},"end":{"line":103,"column":null}}],"line":103},"6":{"loc":{"start":{"line":109,"column":35},"end":{"line":109,"column":null}},"type":"cond-expr","locations":[{"start":{"line":109,"column":35},"end":{"line":109,"column":null}},{"start":{"line":109,"column":35},"end":{"line":109,"column":null}}],"line":109},"7":{"loc":{"start":{"line":115,"column":45},"end":{"line":115,"column":null}},"type":"cond-expr","locations":[{"start":{"line":115,"column":45},"end":{"line":115,"column":null}},{"start":{"line":115,"column":45},"end":{"line":115,"column":null}}],"line":115},"8":{"loc":{"start":{"line":121,"column":44},"end":{"line":121,"column":null}},"type":"cond-expr","locations":[{"start":{"line":121,"column":44},"end":{"line":121,"column":null}},{"start":{"line":121,"column":44},"end":{"line":121,"column":null}}],"line":121},"9":{"loc":{"start":{"line":131,"column":36},"end":{"line":131,"column":null}},"type":"cond-expr","locations":[{"start":{"line":131,"column":36},"end":{"line":131,"column":null}},{"start":{"line":131,"column":36},"end":{"line":131,"column":null}}],"line":131},"10":{"loc":{"start":{"line":139,"column":4},"end":{"line":141,"column":null}},"type":"if","locations":[{"start":{"line":139,"column":4},"end":{"line":141,"column":null}},{"start":{},"end":{}}],"line":139},"11":{"loc":{"start":{"line":143,"column":4},"end":{"line":145,"column":null}},"type":"if","locations":[{"start":{"line":143,"column":4},"end":{"line":145,"column":null}},{"start":{},"end":{}}],"line":143},"12":{"loc":{"start":{"line":143,"column":8},"end":{"line":143,"column":44}},"type":"binary-expr","locations":[{"start":{"line":143,"column":8},"end":{"line":143,"column":26}},{"start":{"line":143,"column":26},"end":{"line":143,"column":44}}],"line":143},"13":{"loc":{"start":{"line":148,"column":3},"end":{"line":148,"column":null}},"type":"cond-expr","locations":[{"start":{"line":148,"column":3},"end":{"line":148,"column":null}},{"start":{"line":148,"column":3},"end":{"line":148,"column":null}}],"line":148},"14":{"loc":{"start":{"line":154,"column":4},"end":{"line":158,"column":null}},"type":"if","locations":[{"start":{"line":154,"column":4},"end":{"line":158,"column":null}},{"start":{},"end":{}}],"line":154},"15":{"loc":{"start":{"line":154,"column":8},"end":{"line":154,"column":63}},"type":"binary-expr","locations":[{"start":{"line":154,"column":8},"end":{"line":154,"column":27}},{"start":{"line":154,"column":27},"end":{"line":154,"column":45}},{"start":{"line":154,"column":45},"end":{"line":154,"column":63}}],"line":154},"16":{"loc":{"start":{"line":68,"column":13},"end":{"line":68,"column":19}},"type":"binary-expr","locations":[{"start":{"line":68,"column":13},"end":{"line":68,"column":19}},{"start":{"line":68,"column":13},"end":{"line":68,"column":19}}],"line":68},"17":{"loc":{"start":{"line":68,"column":30},"end":{"line":68,"column":30}},"type":"if","locations":[{"start":{"line":68,"column":30},"end":{"line":68,"column":30}},{"start":{},"end":{}}],"line":68},"18":{"loc":{"start":{"line":68,"column":13},"end":{"line":66,"column":null}},"type":"binary-expr","locations":[{"start":{"line":68,"column":13},"end":{"line":68,"column":19}},{"start":{"line":68,"column":13},"end":{"line":68,"column":19}},{"start":{"line":68,"column":13},"end":{"line":66,"column":null}}],"line":68},"19":{"loc":{"start":{"line":68,"column":13},"end":{"line":68,"column":null}},"type":"binary-expr","locations":[{"start":{"line":68,"column":13},"end":{"line":68,"column":19}},{"start":{"line":68,"column":13},"end":{"line":68,"column":19}},{"start":{"line":68,"column":13},"end":{"line":68,"column":null}}],"line":68}},"s":{"0":1,"1":34,"2":34,"3":34,"4":34,"5":34,"6":34,"7":34,"8":34,"9":34,"10":34,"11":34,"12":34,"13":1,"14":40,"15":40,"16":0,"17":40,"18":5,"19":40,"20":2,"21":0,"22":0,"23":0,"24":2,"25":2,"26":1,"27":95,"28":61,"29":61,"30":1},"f":{"0":40,"1":2,"2":2,"3":1},"b":{"0":[34,0],"1":[34,0],"2":[34,0],"3":[34,0],"4":[34,0],"5":[34,0],"6":[34,0],"7":[34,0],"8":[34,0],"9":[34,0],"10":[0,40],"11":[5,35],"12":[40,36],"13":[34,0],"14":[0,2],"15":[2,2,2],"16":[34,34],"17":[61,34],"18":[1,1,1],"19":[1,1,1]},"meta":{"lastBranch":20,"lastFunction":4,"lastStatement":31,"seen":{"s:68:6:56:25":0,"s:73:2:73:Infinity":1,"s:79:2:79:Infinity":2,"s:85:2:85:Infinity":3,"s:91:2:91:Infinity":4,"s:97:2:97:Infinity":5,"s:103:2:103:Infinity":6,"s:109:2:109:Infinity":7,"s:115:2:115:Infinity":8,"s:121:2:121:Infinity":9,"s:126:2:126:Infinity":10,"s:131:12:131:Infinity":11,"s:136:12:148:Infinity":12,"s:68:13:56:25":13,"b:73:42:73:Infinity:73:42:73:Infinity":0,"b:79:31:79:Infinity:79:31:79:Infinity":1,"b:85:38:85:Infinity:85:38:85:Infinity":2,"b:91:33:91:Infinity:91:33:91:Infinity":3,"b:97:32:97:Infinity:97:32:97:Infinity":4,"b:103:34:103:Infinity:103:34:103:Infinity":5,"b:109:35:109:Infinity:109:35:109:Infinity":6,"b:115:45:115:Infinity:115:45:115:Infinity":7,"b:121:44:121:Infinity:121:44:121:Infinity":8,"b:131:36:131:Infinity:131:36:131:Infinity":9,"f:136:35:136:40":0,"s:137:20:137:Infinity":14,"b:139:4:141:Infinity:undefined:undefined:undefined:undefined":10,"s:139:4:141:Infinity":15,"s:140:6:140:Infinity":16,"b:143:4:145:Infinity:undefined:undefined:undefined:undefined":11,"s:143:4:145:Infinity":17,"b:143:8:143:26:143:26:143:44":12,"s:144:6:144:Infinity":18,"s:147:4:147:Infinity":19,"b:148:3:148:Infinity:148:3:148:Infinity":13,"f:153:12:153:24":1,"b:154:4:158:Infinity:undefined:undefined:undefined:undefined":14,"s:154:4:158:Infinity":20,"b:154:8:154:27:154:27:154:45:154:45:154:63":15,"s:155:6:155:Infinity":21,"s:156:6:156:Infinity":22,"s:157:6:157:Infinity":23,"s:160:4:160:Infinity":24,"f:167:9:167:20":2,"s:168:4:168:Infinity":25,"s:68:13:68:Infinity":26,"b:68:13:68:19:68:13:68:19":16,"f:68:30:68:Infinity":3,"b:68:30:68:30:undefined:undefined:undefined:undefined":17,"s:68:30:68:30":27,"s:68:13:68:26":28,"s:68:13:68:30":29,"s:68:13:66:Infinity":30,"b:68:13:68:19:68:13:68:19:68:13:66:Infinity":18,"b:68:13:68:19:68:13:68:19:68:13:68:Infinity":19}}}
,"/home/runner/work/academic-unir-tesis/academic-unir-tesis/projects/ui/src/lib/atoms/chip/chip.component.html": {"path":"/home/runner/work/academic-unir-tesis/academic-unir-tesis/projects/ui/src/lib/atoms/chip/chip.component.html","statementMap":{"0":{"start":{"line":18,"column":6},"end":{"line":18,"column":null}},"1":{"start":{"line":20,"column":6},"end":{"line":20,"column":null}},"2":{"start":{"line":1,"column":0},"end":{"line":1,"column":null}},"3":{"start":{"line":7,"column":2},"end":{"line":8,"column":null}},"4":{"start":{"line":7,"column":2},"end":{"line":7,"column":24}},"5":{"start":{"line":7,"column":25},"end":{"line":8,"column":34}},"6":{"start":{"line":11,"column":2},"end":{"line":11,"column":null}},"7":{"start":{"line":12,"column":4},"end":{"line":12,"column":null}},"8":{"start":{"line":13,"column":2},"end":{"line":13,"column":null}},"9":{"start":{"line":16,"column":2},"end":{"line":16,"column":null}},"10":{"start":{"line":17,"column":4},"end":{"line":17,"column":null}},"11":{"start":{"line":22,"column":2},"end":{"line":22,"column":null}},"12":{"start":{"line":25,"column":2},"end":{"line":25,"column":null}},"13":{"start":{"line":26,"column":4},"end":{"line":26,"column":null}},"14":{"start":{"line":27,"column":2},"end":{"line":27,"column":null}},"15":{"start":{"line":4,"column":2},"end":{"line":4,"column":null}},"16":{"start":{"line":17,"column":4},"end":{"line":17,"column":18}}},"fnMap":{"0":{"name":"ZgChipComponent_Template_button_click_0_listener","decl":{"start":{"line":7,"column":2},"end":{"line":7,"column":11}},"loc":{"start":{"line":7,"column":2},"end":{"line":7,"column":25}},"line":7},"1":{"name":"ZgChipComponent_Template_button_keydown_0_listener","decl":{"start":{"line":7,"column":25},"end":{"line":7,"column":null}},"loc":{"start":{"line":7,"column":25},"end":{"line":8,"column":null}},"line":7}},"branchMap":{"0":{"loc":{"start":{"line":17,"column":4},"end":{"line":17,"column":18}},"type":"cond-expr","locations":[{"start":{"line":17,"column":4},"end":{"line":17,"column":18}},{"start":{"line":17,"column":4},"end":{"line":17,"column":18}}],"line":17}},"s":{"0":1,"1":35,"2":35,"3":35,"4":5,"5":6,"6":35,"7":35,"8":35,"9":35,"10":35,"11":35,"12":35,"13":35,"14":35,"15":66,"16":66},"f":{"0":5,"1":6},"b":{"0":[1,65]},"meta":{"lastBranch":1,"lastFunction":2,"lastStatement":17,"seen":{"s:18:6:18:Infinity":0,"s:20:6:20:Infinity":1,"s:1:0:1:Infinity":2,"s:7:2:8:Infinity":3,"f:7:2:7:11":0,"s:7:2:7:24":4,"f:7:25:7:Infinity":1,"s:7:25:8:34":5,"s:11:2:11:Infinity":6,"s:12:4:12:Infinity":7,"s:13:2:13:Infinity":8,"s:16:2:16:Infinity":9,"s:17:4:17:Infinity":10,"s:22:2:22:Infinity":11,"s:25:2:25:Infinity":12,"s:26:4:26:Infinity":13,"s:27:2:27:Infinity":14,"s:4:2:4:Infinity":15,"s:17:4:17:18":16,"b:17:4:17:18:17:4:17:18":0}}}
,"/home/runner/work/academic-unir-tesis/academic-unir-tesis/projects/ui/src/lib/atoms/chip/chip.component.ts": {"path":"/home/runner/work/academic-unir-tesis/academic-unir-tesis/projects/ui/src/lib/atoms/chip/chip.component.ts","statementMap":{"0":{"start":{"line":91,"column":6},"end":{"line":79,"column":25}},"1":{"start":{"line":96,"column":2},"end":{"line":96,"column":null}},"2":{"start":{"line":102,"column":2},"end":{"line":102,"column":null}},"3":{"start":{"line":109,"column":2},"end":{"line":109,"column":null}},"4":{"start":{"line":116,"column":2},"end":{"line":116,"column":null}},"5":{"start":{"line":122,"column":2},"end":{"line":122,"column":null}},"6":{"start":{"line":128,"column":2},"end":{"line":128,"column":null}},"7":{"start":{"line":134,"column":2},"end":{"line":134,"column":null}},"8":{"start":{"line":140,"column":12},"end":{"line":142,"column":null}},"9":{"start":{"line":91,"column":13},"end":{"line":79,"column":25}},"10":{"start":{"line":141,"column":4},"end":{"line":141,"column":null}},"11":{"start":{"line":150,"column":4},"end":{"line":152,"column":null}},"12":{"start":{"line":151,"column":6},"end":{"line":151,"column":null}},"13":{"start":{"line":154,"column":29},"end":{"line":154,"column":null}},"14":{"start":{"line":155,"column":4},"end":{"line":155,"column":null}},"15":{"start":{"line":156,"column":4},"end":{"line":156,"column":null}},"16":{"start":{"line":164,"column":4},"end":{"line":166,"column":null}},"17":{"start":{"line":165,"column":6},"end":{"line":165,"column":null}},"18":{"start":{"line":169,"column":4},"end":{"line":172,"column":null}},"19":{"start":{"line":170,"column":6},"end":{"line":170,"column":null}},"20":{"start":{"line":171,"column":6},"end":{"line":171,"column":null}},"21":{"start":{"line":91,"column":13},"end":{"line":91,"column":null}},"22":{"start":{"line":91,"column":28},"end":{"line":91,"column":28}},"23":{"start":{"line":91,"column":13},"end":{"line":91,"column":26}},"24":{"start":{"line":91,"column":13},"end":{"line":91,"column":28}},"25":{"start":{"line":91,"column":13},"end":{"line":89,"column":null}}},"fnMap":{"0":{"name":"(anonymous_0)","decl":{"start":{"line":140,"column":35},"end":{"line":140,"column":40}},"loc":{"start":{"line":140,"column":40},"end":{"line":142,"column":3}},"line":140},"1":{"name":"(anonymous_1)","decl":{"start":{"line":149,"column":12},"end":{"line":149,"column":23}},"loc":{"start":{"line":149,"column":23},"end":{"line":157,"column":null}},"line":149},"2":{"name":"(anonymous_2)","decl":{"start":{"line":163,"column":12},"end":{"line":163,"column":26}},"loc":{"start":{"line":163,"column":46},"end":{"line":173,"column":null}},"line":163},"3":{"name":"(anonymous_3)","decl":{"start":{"line":91,"column":28},"end":{"line":91,"column":null}},"loc":{"start":{"line":91,"column":28},"end":{"line":91,"column":28}},"line":91}},"branchMap":{"0":{"loc":{"start":{"line":96,"column":39},"end":{"line":96,"column":null}},"type":"cond-expr","locations":[{"start":{"line":96,"column":39},"end":{"line":96,"column":null}},{"start":{"line":96,"column":39},"end":{"line":96,"column":null}}],"line":96},"1":{"loc":{"start":{"line":102,"column":29},"end":{"line":102,"column":null}},"type":"cond-expr","locations":[{"start":{"line":102,"column":29},"end":{"line":102,"column":null}},{"start":{"line":102,"column":29},"end":{"line":102,"column":null}}],"line":102},"2":{"loc":{"start":{"line":109,"column":33},"end":{"line":109,"column":null}},"type":"cond-expr","locations":[{"start":{"line":109,"column":33},"end":{"line":109,"column":null}},{"start":{"line":109,"column":33},"end":{"line":109,"column":null}}],"line":109},"3":{"loc":{"start":{"line":116,"column":33},"end":{"line":116,"column":null}},"type":"cond-expr","locations":[{"start":{"line":116,"column":33},"end":{"line":116,"column":null}},{"start":{"line":116,"column":33},"end":{"line":116,"column":null}}],"line":116},"4":{"loc":{"start":{"line":122,"column":44},"end":{"line":122,"column":null}},"type":"cond-expr","locations":[{"start":{"line":122,"column":44},"end":{"line":122,"column":null}},{"start":{"line":122,"column":44},"end":{"line":122,"column":null}}],"line":122},"5":{"loc":{"start":{"line":142,"column":3},"end":{"line":142,"column":null}},"type":"cond-expr","locations":[{"start":{"line":142,"column":3},"end":{"line":142,"column":null}},{"start":{"line":142,"column":3},"end":{"line":142,"column":null}}],"line":142},"6":{"loc":{"start":{"line":150,"column":4},"end":{"line":152,"column":null}},"type":"if","locations":[{"start":{"line":150,"column":4},"end":{"line":152,"column":null}},{"start":{},"end":{}}],"line":150},"7":{"loc":{"start":{"line":164,"column":4},"end":{"line":166,"column":null}},"type":"if","locations":[{"start":{"line":164,"column":4},"end":{"line":166,"column":null}},{"start":{},"end":{}}],"line":164},"8":{"loc":{"start":{"line":169,"column":4},"end":{"line":172,"column":null}},"type":"if","locations":[{"start":{"line":169,"column":4},"end":{"line":172,"column":null}},{"start":{},"end":{}}],"line":169},"9":{"loc":{"start":{"line":169,"column":8},"end":{"line":169,"column":52}},"type":"binary-expr","locations":[{"start":{"line":169,"column":8},"end":{"line":169,"column":33}},{"start":{"line":169,"column":33},"end":{"line":169,"column":52}}],"line":169},"10":{"loc":{"start":{"line":91,"column":13},"end":{"line":91,"column":19}},"type":"binary-expr","locations":[{"start":{"line":91,"column":13},"end":{"line":91,"column":19}},{"start":{"line":91,"column":13},"end":{"line":91,"column":19}}],"line":91},"11":{"loc":{"start":{"line":91,"column":28},"end":{"line":91,"column":28}},"type":"if","locations":[{"start":{"line":91,"column":28},"end":{"line":91,"column":28}},{"start":{},"end":{}}],"line":91},"12":{"loc":{"start":{"line":91,"column":13},"end":{"line":89,"column":null}},"type":"binary-expr","locations":[{"start":{"line":91,"column":13},"end":{"line":91,"column":19}},{"start":{"line":91,"column":13},"end":{"line":91,"column":19}},{"start":{"line":91,"column":13},"end":{"line":89,"column":null}}],"line":91},"13":{"loc":{"start":{"line":91,"column":13},"end":{"line":91,"column":null}},"type":"binary-expr","locations":[{"start":{"line":91,"column":13},"end":{"line":91,"column":19}},{"start":{"line":91,"column":13},"end":{"line":91,"column":19}},{"start":{"line":91,"column":13},"end":{"line":91,"column":null}}],"line":91}},"s":{"0":1,"1":35,"2":35,"3":35,"4":35,"5":35,"6":35,"7":35,"8":35,"9":1,"10":35,"11":9,"12":0,"13":9,"14":9,"15":9,"16":6,"17":1,"18":5,"19":4,"20":4,"21":1,"22":101,"23":66,"24":66,"25":1},"f":{"0":35,"1":9,"2":6,"3":1},"b":{"0":[35,0],"1":[35,0],"2":[35,0],"3":[35,0],"4":[35,0],"5":[35,0],"6":[0,9],"7":[1,5],"8":[4,1],"9":[5,3],"10":[35,35],"11":[66,35],"12":[1,1,1],"13":[1,1,1]},"meta":{"lastBranch":14,"lastFunction":4,"lastStatement":26,"seen":{"s:91:6:79:25":0,"s:96:2:96:Infinity":1,"s:102:2:102:Infinity":2,"s:109:2:109:Infinity":3,"s:116:2:116:Infinity":4,"s:122:2:122:Infinity":5,"s:128:2:128:Infinity":6,"s:134:2:134:Infinity":7,"s:140:12:142:Infinity":8,"s:91:13:79:25":9,"b:96:39:96:Infinity:96:39:96:Infinity":0,"b:102:29:102:Infinity:102:29:102:Infinity":1,"b:109:33:109:Infinity:109:33:109:Infinity":2,"b:116:33:116:Infinity:116:33:116:Infinity":3,"b:122:44:122:Infinity:122:44:122:Infinity":4,"f:140:35:140:40":0,"s:141:4:141:Infinity":10,"b:142:3:142:Infinity:142:3:142:Infinity":5,"f:149:12:149:23":1,"b:150:4:152:Infinity:undefined:undefined:undefined:undefined":6,"s:150:4:152:Infinity":11,"s:151:6:151:Infinity":12,"s:154:29:154:Infinity":13,"s:155:4:155:Infinity":14,"s:156:4:156:Infinity":15,"f:163:12:163:26":2,"b:164:4:166:Infinity:undefined:undefined:undefined:undefined":7,"s:164:4:166:Infinity":16,"s:165:6:165:Infinity":17,"b:169:4:172:Infinity:undefined:undefined:undefined:undefined":8,"s:169:4:172:Infinity":18,"b:169:8:169:33:169:33:169:52":9,"s:170:6:170:Infinity":19,"s:171:6:171:Infinity":20,"s:91:13:91:Infinity":21,"b:91:13:91:19:91:13:91:19":10,"f:91:28:91:Infinity":3,"b:91:28:91:28:undefined:undefined:undefined:undefined":11,"s:91:28:91:28":22,"s:91:13:91:26":23,"s:91:13:91:28":24,"s:91:13:89:Infinity":25,"b:91:13:91:19:91:13:91:19:91:13:89:Infinity":12,"b:91:13:91:19:91:13:91:19:91:13:91:Infinity":13}}}
,"/home/runner/work/academic-unir-tesis/academic-unir-tesis/projects/ui/src/lib/atoms/input/input.component.html": {"path":"/home/runner/work/academic-unir-tesis/academic-unir-tesis/projects/ui/src/lib/atoms/input/input.component.html","statementMap":{"0":{"start":{"line":2,"column":2},"end":{"line":2,"column":null}},"1":{"start":{"line":3,"column":4},"end":{"line":3,"column":null}},"2":{"start":{"line":4,"column":2},"end":{"line":4,"column":null}},"3":{"start":{"line":30,"column":4},"end":{"line":30,"column":50}},"4":{"start":{"line":30,"column":50},"end":{"line":30,"column":null}},"5":{"start":{"line":30,"column":50},"end":{"line":30,"column":59}},"6":{"start":{"line":31,"column":6},"end":{"line":31,"column":null}},"7":{"start":{"line":32,"column":4},"end":{"line":32,"column":null}},"8":{"start":{"line":36,"column":2},"end":{"line":36,"column":51}},"9":{"start":{"line":36,"column":51},"end":{"line":36,"column":64}},"10":{"start":{"line":36,"column":64},"end":{"line":36,"column":null}},"11":{"start":{"line":39,"column":2},"end":{"line":39,"column":53}},"12":{"start":{"line":39,"column":53},"end":{"line":39,"column":71}},"13":{"start":{"line":39,"column":71},"end":{"line":39,"column":null}},"14":{"start":{"line":1,"column":0},"end":{"line":1,"column":null}},"15":{"start":{"line":6,"column":0},"end":{"line":6,"column":null}},"16":{"start":{"line":8,"column":4},"end":{"line":8,"column":null}},"17":{"start":{"line":9,"column":2},"end":{"line":9,"column":null}},"18":{"start":{"line":10,"column":2},"end":{"line":10,"column":null}},"19":{"start":{"line":20,"column":4},"end":{"line":22,"column":null}},"20":{"start":{"line":20,"column":4},"end":{"line":20,"column":28}},"21":{"start":{"line":20,"column":29},"end":{"line":21,"column":28}},"22":{"start":{"line":21,"column":29},"end":{"line":22,"column":26}},"23":{"start":{"line":26,"column":2},"end":{"line":26,"column":null}},"24":{"start":{"line":27,"column":4},"end":{"line":27,"column":null}},"25":{"start":{"line":28,"column":2},"end":{"line":28,"column":null}},"26":{"start":{"line":29,"column":2},"end":{"line":29,"column":null}},"27":{"start":{"line":34,"column":0},"end":{"line":34,"column":null}},"28":{"start":{"line":35,"column":0},"end":{"line":35,"column":null}},"29":{"start":{"line":38,"column":0},"end":{"line":38,"column":null}},"30":{"start":{"line":12,"column":4},"end":{"line":12,"column":33}},"31":{"start":{"line":12,"column":4},"end":{"line":13,"column":null}}},"fnMap":{"0":{"name":"ZgInputComponent_Conditional_7_Template_button_click_0_listener","decl":{"start":{"line":30,"column":50},"end":{"line":30,"column":59}},"loc":{"start":{"line":30,"column":50},"end":{"line":30,"column":null}},"line":30},"1":{"name":"ZgInputComponent_Template_input_input_4_listener","decl":{"start":{"line":20,"column":4},"end":{"line":20,"column":13}},"loc":{"start":{"line":20,"column":4},"end":{"line":20,"column":29}},"line":20},"2":{"name":"ZgInputComponent_Template_input_focus_4_listener","decl":{"start":{"line":20,"column":29},"end":{"line":20,"column":null}},"loc":{"start":{"line":20,"column":29},"end":{"line":21,"column":29}},"line":20},"3":{"name":"ZgInputComponent_Template_input_blur_4_listener","decl":{"start":{"line":21,"column":29},"end":{"line":21,"column":null}},"loc":{"start":{"line":21,"column":29},"end":{"line":22,"column":null}},"line":21}},"branchMap":{"0":{"loc":{"start":{"line":1,"column":0},"end":{"line":1,"column":null}},"type":"cond-expr","locations":[{"start":{"line":1,"column":0},"end":{"line":1,"column":null}},{"start":{"line":1,"column":0},"end":{"line":1,"column":null}}],"line":1},"1":{"loc":{"start":{"line":29,"column":2},"end":{"line":29,"column":null}},"type":"cond-expr","locations":[{"start":{"line":29,"column":2},"end":{"line":29,"column":null}},{"start":{"line":29,"column":2},"end":{"line":29,"column":null}}],"line":29},"2":{"loc":{"start":{"line":29,"column":2},"end":{"line":29,"column":null}},"type":"binary-expr","locations":[{"start":{"line":29,"column":2},"end":{"line":29,"column":null}},{"start":{"line":29,"column":2},"end":{"line":29,"column":null}},{"start":{"line":29,"column":2},"end":{"line":29,"column":null}}],"line":29},"3":{"loc":{"start":{"line":35,"column":0},"end":{"line":35,"column":null}},"type":"cond-expr","locations":[{"start":{"line":35,"column":0},"end":{"line":35,"column":null}},{"start":{"line":35,"column":0},"end":{"line":35,"column":null}}],"line":35},"4":{"loc":{"start":{"line":38,"column":0},"end":{"line":38,"column":null}},"type":"cond-expr","locations":[{"start":{"line":38,"column":0},"end":{"line":38,"column":null}},{"start":{"line":38,"column":0},"end":{"line":38,"column":null}}],"line":38}},"s":{"0":3,"1":5,"2":3,"3":1,"4":1,"5":1,"6":1,"7":1,"8":1,"9":1,"10":1,"11":0,"12":0,"13":0,"14":15,"15":7,"16":7,"17":7,"18":7,"19":7,"20":1,"21":0,"22":0,"23":7,"24":7,"25":7,"26":15,"27":7,"28":15,"29":15,"30":15,"31":15},"f":{"0":1,"1":1,"2":0,"3":0},"b":{"0":[5,10],"1":[2,13],"2":[15,14,13],"3":[1,14],"4":[15,29]},"meta":{"lastBranch":5,"lastFunction":4,"lastStatement":32,"seen":{"s:2:2:2:Infinity":0,"s:3:4:3:Infinity":1,"s:4:2:4:Infinity":2,"s:30:4:30:50":3,"s:30:50:30:Infinity":4,"f:30:50:30:59":0,"s:30:50:30:59":5,"s:31:6:31:Infinity":6,"s:32:4:32:Infinity":7,"s:36:2:36:51":8,"s:36:51:36:64":9,"s:36:64:36:Infinity":10,"s:39:2:39:53":11,"s:39:53:39:71":12,"s:39:71:39:Infinity":13,"s:1:0:1:Infinity":14,"s:6:0:6:Infinity":15,"s:8:4:8:Infinity":16,"s:9:2:9:Infinity":17,"s:10:2:10:Infinity":18,"s:20:4:22:Infinity":19,"f:20:4:20:13":1,"s:20:4:20:28":20,"f:20:29:20:Infinity":2,"s:20:29:21:28":21,"f:21:29:21:Infinity":3,"s:21:29:22:26":22,"s:26:2:26:Infinity":23,"s:27:4:27:Infinity":24,"s:28:2:28:Infinity":25,"s:29:2:29:Infinity":26,"s:34:0:34:Infinity":27,"s:35:0:35:Infinity":28,"s:38:0:38:Infinity":29,"b:1:0:1:Infinity:1:0:1:Infinity":0,"s:12:4:12:33":30,"s:12:4:13:Infinity":31,"b:29:2:29:Infinity:29:2:29:Infinity":1,"b:29:2:29:Infinity:29:2:29:Infinity:29:2:29:Infinity":2,"b:35:0:35:Infinity:35:0:35:Infinity":3,"b:38:0:38:Infinity:38:0:38:Infinity":4}}}
,"/home/runner/work/academic-unir-tesis/academic-unir-tesis/projects/ui/src/lib/atoms/input/input.component.ts": {"path":"/home/runner/work/academic-unir-tesis/academic-unir-tesis/projects/ui/src/lib/atoms/input/input.component.ts","statementMap":{"0":{"start":{"line":21,"column":6},"end":{"line":9,"column":25}},"1":{"start":{"line":23,"column":14},"end":{"line":23,"column":null}},"2":{"start":{"line":26,"column":2},"end":{"line":26,"column":null}},"3":{"start":{"line":29,"column":2},"end":{"line":29,"column":null}},"4":{"start":{"line":32,"column":2},"end":{"line":32,"column":null}},"5":{"start":{"line":35,"column":2},"end":{"line":35,"column":null}},"6":{"start":{"line":38,"column":2},"end":{"line":38,"column":null}},"7":{"start":{"line":41,"column":2},"end":{"line":41,"column":null}},"8":{"start":{"line":44,"column":2},"end":{"line":44,"column":null}},"9":{"start":{"line":47,"column":2},"end":{"line":47,"column":null}},"10":{"start":{"line":50,"column":2},"end":{"line":50,"column":null}},"11":{"start":{"line":53,"column":2},"end":{"line":53,"column":null}},"12":{"start":{"line":56,"column":2},"end":{"line":56,"column":null}},"13":{"start":{"line":59,"column":2},"end":{"line":59,"column":null}},"14":{"start":{"line":62,"column":2},"end":{"line":62,"column":null}},"15":{"start":{"line":65,"column":2},"end":{"line":65,"column":null}},"16":{"start":{"line":68,"column":2},"end":{"line":68,"column":null}},"17":{"start":{"line":71,"column":2},"end":{"line":71,"column":null}},"18":{"start":{"line":74,"column":12},"end":{"line":74,"column":null}},"19":{"start":{"line":77,"column":12},"end":{"line":84,"column":null}},"20":{"start":{"line":21,"column":13},"end":{"line":9,"column":25}},"21":{"start":{"line":78,"column":20},"end":{"line":78,"column":null}},"22":{"start":{"line":79,"column":4},"end":{"line":79,"column":null}},"23":{"start":{"line":79,"column":26},"end":{"line":79,"column":null}},"24":{"start":{"line":80,"column":4},"end":{"line":80,"column":null}},"25":{"start":{"line":80,"column":22},"end":{"line":80,"column":null}},"26":{"start":{"line":81,"column":4},"end":{"line":81,"column":null}},"27":{"start":{"line":81,"column":25},"end":{"line":81,"column":null}},"28":{"start":{"line":82,"column":4},"end":{"line":82,"column":null}},"29":{"start":{"line":82,"column":26},"end":{"line":82,"column":null}},"30":{"start":{"line":83,"column":4},"end":{"line":83,"column":null}},"31":{"start":{"line":88,"column":19},"end":{"line":88,"column":null}},"32":{"start":{"line":89,"column":4},"end":{"line":89,"column":null}},"33":{"start":{"line":94,"column":4},"end":{"line":94,"column":null}},"34":{"start":{"line":95,"column":4},"end":{"line":95,"column":null}},"35":{"start":{"line":100,"column":4},"end":{"line":100,"column":null}},"36":{"start":{"line":101,"column":4},"end":{"line":101,"column":null}},"37":{"start":{"line":106,"column":4},"end":{"line":106,"column":null}},"38":{"start":{"line":107,"column":4},"end":{"line":107,"column":null}},"39":{"start":{"line":21,"column":13},"end":{"line":21,"column":30}},"40":{"start":{"line":21,"column":29},"end":{"line":21,"column":27}},"41":{"start":{"line":21,"column":13},"end":{"line":22,"column":null}},"42":{"start":{"line":21,"column":13},"end":{"line":21,"column":27}},"43":{"start":{"line":21,"column":13},"end":{"line":19,"column":null}}},"fnMap":{"0":{"name":"(anonymous_0)","decl":{"start":{"line":77,"column":35},"end":{"line":77,"column":40}},"loc":{"start":{"line":77,"column":40},"end":{"line":84,"column":3}},"line":77},"1":{"name":"(anonymous_1)","decl":{"start":{"line":87,"column":12},"end":{"line":87,"column":20}},"loc":{"start":{"line":87,"column":32},"end":{"line":90,"column":null}},"line":87},"2":{"name":"(anonymous_2)","decl":{"start":{"line":93,"column":12},"end":{"line":93,"column":20}},"loc":{"start":{"line":93,"column":37},"end":{"line":96,"column":null}},"line":93},"3":{"name":"(anonymous_3)","decl":{"start":{"line":99,"column":12},"end":{"line":99,"column":19}},"loc":{"start":{"line":99,"column":36},"end":{"line":102,"column":null}},"line":99},"4":{"name":"(anonymous_4)","decl":{"start":{"line":105,"column":12},"end":{"line":105,"column":19}},"loc":{"start":{"line":105,"column":19},"end":{"line":108,"column":null}},"line":105},"5":{"name":"(anonymous_5)","decl":{"start":{"line":21,"column":29},"end":{"line":21,"column":30}},"loc":{"start":{"line":21,"column":29},"end":{"line":21,"column":27}},"line":21}},"branchMap":{"0":{"loc":{"start":{"line":26,"column":29},"end":{"line":26,"column":null}},"type":"cond-expr","locations":[{"start":{"line":26,"column":29},"end":{"line":26,"column":null}},{"start":{"line":26,"column":29},"end":{"line":26,"column":null}}],"line":26},"1":{"loc":{"start":{"line":29,"column":26},"end":{"line":29,"column":null}},"type":"cond-expr","locations":[{"start":{"line":29,"column":26},"end":{"line":29,"column":null}},{"start":{"line":29,"column":26},"end":{"line":29,"column":null}}],"line":29},"2":{"loc":{"start":{"line":32,"column":32},"end":{"line":32,"column":null}},"type":"cond-expr","locations":[{"start":{"line":32,"column":32},"end":{"line":32,"column":null}},{"start":{"line":32,"column":32},"end":{"line":32,"column":null}}],"line":32},"3":{"loc":{"start":{"line":35,"column":26},"end":{"line":35,"column":null}},"type":"cond-expr","locations":[{"start":{"line":35,"column":26},"end":{"line":35,"column":null}},{"start":{"line":35,"column":26},"end":{"line":35,"column":null}}],"line":35},"4":{"loc":{"start":{"line":38,"column":33},"end":{"line":38,"column":null}},"type":"cond-expr","locations":[{"start":{"line":38,"column":33},"end":{"line":38,"column":null}},{"start":{"line":38,"column":33},"end":{"line":38,"column":null}}],"line":38},"5":{"loc":{"start":{"line":41,"column":33},"end":{"line":41,"column":null}},"type":"cond-expr","locations":[{"start":{"line":41,"column":33},"end":{"line":41,"column":null}},{"start":{"line":41,"column":33},"end":{"line":41,"column":null}}],"line":41},"6":{"loc":{"start":{"line":44,"column":45},"end":{"line":44,"column":null}},"type":"cond-expr","locations":[{"start":{"line":44,"column":45},"end":{"line":44,"column":null}},{"start":{"line":44,"column":45},"end":{"line":44,"column":null}}],"line":44},"7":{"loc":{"start":{"line":47,"column":30},"end":{"line":47,"column":null}},"type":"cond-expr","locations":[{"start":{"line":47,"column":30},"end":{"line":47,"column":null}},{"start":{"line":47,"column":30},"end":{"line":47,"column":null}}],"line":47},"8":{"loc":{"start":{"line":50,"column":34},"end":{"line":50,"column":null}},"type":"cond-expr","locations":[{"start":{"line":50,"column":34},"end":{"line":50,"column":null}},{"start":{"line":50,"column":34},"end":{"line":50,"column":null}}],"line":50},"9":{"loc":{"start":{"line":53,"column":33},"end":{"line":53,"column":null}},"type":"cond-expr","locations":[{"start":{"line":53,"column":33},"end":{"line":53,"column":null}},{"start":{"line":53,"column":33},"end":{"line":53,"column":null}}],"line":53},"10":{"loc":{"start":{"line":56,"column":49},"end":{"line":56,"column":null}},"type":"cond-expr","locations":[{"start":{"line":56,"column":49},"end":{"line":56,"column":null}},{"start":{"line":56,"column":49},"end":{"line":56,"column":null}}],"line":56},"11":{"loc":{"start":{"line":59,"column":31},"end":{"line":59,"column":null}},"type":"cond-expr","locations":[{"start":{"line":59,"column":31},"end":{"line":59,"column":null}},{"start":{"line":59,"column":31},"end":{"line":59,"column":null}}],"line":59},"12":{"loc":{"start":{"line":74,"column":36},"end":{"line":74,"column":null}},"type":"cond-expr","locations":[{"start":{"line":74,"column":36},"end":{"line":74,"column":null}},{"start":{"line":74,"column":36},"end":{"line":74,"column":null}}],"line":74},"13":{"loc":{"start":{"line":79,"column":4},"end":{"line":79,"column":null}},"type":"if","locations":[{"start":{"line":79,"column":4},"end":{"line":79,"column":null}},{"start":{},"end":{}}],"line":79},"14":{"loc":{"start":{"line":80,"column":4},"end":{"line":80,"column":null}},"type":"if","locations":[{"start":{"line":80,"column":4},"end":{"line":80,"column":null}},{"start":{},"end":{}}],"line":80},"15":{"loc":{"start":{"line":81,"column":4},"end":{"line":81,"column":null}},"type":"if","locations":[{"start":{"line":81,"column":4},"end":{"line":81,"column":null}},{"start":{},"end":{}}],"line":81},"16":{"loc":{"start":{"line":82,"column":4},"end":{"line":82,"column":null}},"type":"if","locations":[{"start":{"line":82,"column":4},"end":{"line":82,"column":null}},{"start":{},"end":{}}],"line":82},"17":{"loc":{"start":{"line":84,"column":3},"end":{"line":84,"column":null}},"type":"cond-expr","locations":[{"start":{"line":84,"column":3},"end":{"line":84,"column":null}},{"start":{"line":84,"column":3},"end":{"line":84,"column":null}}],"line":84},"18":{"loc":{"start":{"line":21,"column":13},"end":{"line":21,"column":19}},"type":"binary-expr","locations":[{"start":{"line":21,"column":13},"end":{"line":21,"column":19}},{"start":{"line":21,"column":13},"end":{"line":21,"column":19}}],"line":21},"19":{"loc":{"start":{"line":21,"column":29},"end":{"line":21,"column":27}},"type":"if","locations":[{"start":{"line":21,"column":29},"end":{"line":21,"column":27}},{"start":{},"end":{}}],"line":21},"20":{"loc":{"start":{"line":21,"column":13},"end":{"line":22,"column":2}},"type":"cond-expr","locations":[{"start":{"line":21,"column":26},"end":{"line":21,"column":27}},{"start":{"line":22,"column":1},"end":{"line":22,"column":2}}],"line":21},"21":{"loc":{"start":{"line":21,"column":13},"end":{"line":21,"column":null}},"type":"cond-expr","locations":[{"start":{"line":21,"column":23},"end":{"line":21,"column":26}},{"start":{"line":21,"column":30},"end":{"line":21,"column":null}}],"line":21},"22":{"loc":{"start":{"line":21,"column":13},"end":{"line":22,"column":5}},"type":"cond-expr","locations":[{"start":{"line":21,"column":27},"end":{"line":21,"column":29}},{"start":{"line":22,"column":2},"end":{"line":22,"column":5}}],"line":21},"23":{"loc":{"start":{"line":21,"column":13},"end":{"line":19,"column":null}},"type":"binary-expr","locations":[{"start":{"line":21,"column":13},"end":{"line":21,"column":19}},{"start":{"line":21,"column":13},"end":{"line":21,"column":19}},{"start":{"line":21,"column":13},"end":{"line":19,"column":null}}],"line":21},"24":{"loc":{"start":{"line":21,"column":13},"end":{"line":21,"column":30}},"type":"binary-expr","locations":[{"start":{"line":21,"column":13},"end":{"line":21,"column":19}},{"start":{"line":21,"column":13},"end":{"line":21,"column":19}},{"start":{"line":21,"column":13},"end":{"line":21,"column":30}}],"line":21}},"s":{"0":1,"1":7,"2":7,"3":7,"4":7,"5":7,"6":7,"7":7,"8":7,"9":7,"10":7,"11":7,"12":7,"13":7,"14":7,"15":7,"16":7,"17":7,"18":7,"19":7,"20":1,"21":9,"22":9,"23":0,"24":9,"25":1,"26":9,"27":1,"28":9,"29":0,"30":9,"31":1,"32":1,"33":0,"34":0,"35":0,"36":0,"37":1,"38":1,"39":1,"40":22,"41":15,"42":15,"43":1},"f":{"0":9,"1":1,"2":0,"3":0,"4":1,"5":1},"b":{"0":[7,0],"1":[7,0],"2":[7,0],"3":[7,0],"4":[7,0],"5":[7,0],"6":[7,0],"7":[7,0],"8":[7,0],"9":[7,0],"10":[7,0],"11":[7,0],"12":[7,0],"13":[0,9],"14":[1,8],"15":[1,8],"16":[0,9],"17":[7,0],"18":[7,7],"19":[15,7],"20":[1,14],"21":[1,14],"22":[0,15],"23":[1,1,1],"24":[1,1,1]},"meta":{"lastBranch":25,"lastFunction":6,"lastStatement":44,"seen":{"s:21:6:9:25":0,"s:23:14:23:Infinity":1,"s:26:2:26:Infinity":2,"s:29:2:29:Infinity":3,"s:32:2:32:Infinity":4,"s:35:2:35:Infinity":5,"s:38:2:38:Infinity":6,"s:41:2:41:Infinity":7,"s:44:2:44:Infinity":8,"s:47:2:47:Infinity":9,"s:50:2:50:Infinity":10,"s:53:2:53:Infinity":11,"s:56:2:56:Infinity":12,"s:59:2:59:Infinity":13,"s:62:2:62:Infinity":14,"s:65:2:65:Infinity":15,"s:68:2:68:Infinity":16,"s:71:2:71:Infinity":17,"s:74:12:74:Infinity":18,"s:77:12:84:Infinity":19,"s:21:13:9:25":20,"b:26:29:26:Infinity:26:29:26:Infinity":0,"b:29:26:29:Infinity:29:26:29:Infinity":1,"b:32:32:32:Infinity:32:32:32:Infinity":2,"b:35:26:35:Infinity:35:26:35:Infinity":3,"b:38:33:38:Infinity:38:33:38:Infinity":4,"b:41:33:41:Infinity:41:33:41:Infinity":5,"b:44:45:44:Infinity:44:45:44:Infinity":6,"b:47:30:47:Infinity:47:30:47:Infinity":7,"b:50:34:50:Infinity:50:34:50:Infinity":8,"b:53:33:53:Infinity:53:33:53:Infinity":9,"b:56:49:56:Infinity:56:49:56:Infinity":10,"b:59:31:59:Infinity:59:31:59:Infinity":11,"b:74:36:74:Infinity:74:36:74:Infinity":12,"f:77:35:77:40":0,"s:78:20:78:Infinity":21,"b:79:4:79:Infinity:undefined:undefined:undefined:undefined":13,"s:79:4:79:Infinity":22,"s:79:26:79:Infinity":23,"b:80:4:80:Infinity:undefined:undefined:undefined:undefined":14,"s:80:4:80:Infinity":24,"s:80:22:80:Infinity":25,"b:81:4:81:Infinity:undefined:undefined:undefined:undefined":15,"s:81:4:81:Infinity":26,"s:81:25:81:Infinity":27,"b:82:4:82:Infinity:undefined:undefined:undefined:undefined":16,"s:82:4:82:Infinity":28,"s:82:26:82:Infinity":29,"s:83:4:83:Infinity":30,"b:84:3:84:Infinity:84:3:84:Infinity":17,"f:87:12:87:20":1,"s:88:19:88:Infinity":31,"s:89:4:89:Infinity":32,"f:93:12:93:20":2,"s:94:4:94:Infinity":33,"s:95:4:95:Infinity":34,"f:99:12:99:19":3,"s:100:4:100:Infinity":35,"s:101:4:101:Infinity":36,"f:105:12:105:19":4,"s:106:4:106:Infinity":37,"s:107:4:107:Infinity":38,"s:21:13:21:30":39,"b:21:13:21:19:21:13:21:19":18,"f:21:29:21:30":5,"b:21:29:21:27:undefined:undefined:undefined:undefined":19,"s:21:29:21:27":40,"s:21:13:22:Infinity":41,"b:21:26:21:27:22:1:22:2":20,"b:21:23:21:26:21:30:21:Infinity":21,"b:21:27:21:29:22:2:22:5":22,"s:21:13:21:27":42,"s:21:13:19:Infinity":43,"b:21:13:21:19:21:13:21:19:21:13:19:Infinity":23,"b:21:13:21:19:21:13:21:19:21:13:21:30":24}}}
}
